
时间：2013-11-22 15:0:33
功能：视频频道获取
类型：接收
用户ID：0
数据包：
d1 07 00 00 00 00 00 00 00 00 00 00 00 00 00 00 
37 00 00 00 00 00 00 00 00 00 00 00 00 00 00 00 
00 00 00 00 00 00 00 00 00 00 00 00 00 00 00 00 
00 00 00 00 00 00 00 00 00 00 00 00 00 00 00 00 

时间：2013-11-22 15:0:33
功能：视频分类获取
类型：接收
用户ID：0
数据包：
d2 07 00 00 00 00 00 00 00 00 00 00 00 00 00 00 
37 00 00 00 00 00 00 00 00 00 00 00 00 00 00 00 
00 00 00 00 00 00 00 00 00 00 00 00 00 00 00 00 
00 00 00 00 00 00 00 00 00 00 00 00 00 00 00 00 

时间：2013-11-22 15:0:33
功能：视频地区获取
类型：接收
用户ID：0
数据包：
d3 07 00 00 00 00 00 00 00 00 00 00 00 00 00 00 
37 00 00 00 00 00 00 00 00 00 00 00 00 00 00 00 
00 00 00 00 00 00 00 00 00 00 00 00 00 00 00 00 
00 00 00 00 00 00 00 00 00 00 00 00 00 00 00 00 

时间：2013-11-22 15:0:33
功能：视频列表获取
类型：接收
用户ID：0
数据包：
d4 07 00 00 00 00 00 00 00 00 00 00 00 00 00 00 
37 00 00 00 00 00 00 00 00 00 00 00 00 00 00 00 
00 00 00 00 00 00 00 00 00 00 00 00 00 00 00 00 
00 00 00 00 00 00 00 00 00 00 00 00 00 00 00 00 

时间：2013-11-22 15:3:26
功能：视频频道获取
类型：接收
用户ID：0
数据包：
d1 07 00 00 00 00 00 00 00 00 00 00 00 00 00 00 
37 00 00 00 00 00 00 00 00 00 00 00 00 00 00 00 
00 00 00 00 00 00 00 00 00 00 00 00 00 00 00 00 
00 00 00 00 00 00 00 00 00 00 00 00 00 00 00 00 

时间：2013-11-22 15:3:26
功能：视频地区获取
类型：接收
用户ID：0
数据包：
d3 07 00 00 00 00 00 00 00 00 00 00 00 00 00 00 
37 00 00 00 00 00 00 00 00 00 00 00 00 00 00 00 
00 00 00 00 00 00 00 00 00 00 00 00 00 00 00 00 
00 00 00 00 00 00 00 00 00 00 00 00 00 00 00 00 

时间：2013-11-22 15:3:26
功能：视频列表获取
类型：接收
用户ID：0
数据包：
d4 07 00 00 00 00 00 00 00 00 00 00 00 00 00 00 
37 00 00 00 00 00 00 00 00 00 00 00 00 00 00 00 
00 00 00 00 00 00 00 00 00 00 00 00 00 00 00 00 
00 00 00 00 00 00 00 00 00 00 00 00 00 00 00 00 

时间：2013-11-22 15:3:26
功能：视频分类获取
类型：接收
用户ID：0
数据包：
d2 07 00 00 00 00 00 00 00 00 00 00 00 00 00 00 
37 00 00 00 00 00 00 00 00 00 00 00 00 00 00 00 
00 00 00 00 00 00 00 00 00 00 00 00 00 00 00 00 
00 00 00 00 00 00 00 00 00 00 00 00 00 00 00 00 

时间：2013-11-22 15:4:14
功能：视频频道获取
类型：接收
用户ID：0
数据包：
d1 07 00 00 00 00 00 00 00 00 00 00 00 00 00 00 
37 00 00 00 00 00 00 00 00 00 00 00 00 00 00 00 
00 00 00 00 00 00 00 00 00 00 00 00 00 00 00 00 
00 00 00 00 00 00 00 00 00 00 00 00 00 00 00 00 

时间：2013-11-22 15:4:14
功能：视频分类获取
类型：接收
用户ID：0
数据包：
d2 07 00 00 00 00 00 00 00 00 00 00 00 00 00 00 
37 00 00 00 00 00 00 00 00 00 00 00 00 00 00 00 
00 00 00 00 00 00 00 00 00 00 00 00 00 00 00 00 
00 00 00 00 00 00 00 00 00 00 00 00 00 00 00 00 

时间：2013-11-22 15:4:14
功能：视频地区获取
类型：接收
用户ID：0
数据包：
d3 07 00 00 00 00 00 00 00 00 00 00 00 00 00 00 
37 00 00 00 00 00 00 00 00 00 00 00 00 00 00 00 
00 00 00 00 00 00 00 00 00 00 00 00 00 00 00 00 
00 00 00 00 00 00 00 00 00 00 00 00 00 00 00 00 

时间：2013-11-22 15:4:14
功能：视频列表获取
类型：接收
用户ID：0
数据包：
d4 07 00 00 00 00 00 00 00 00 00 00 00 00 00 00 
37 00 00 00 00 00 00 00 00 00 00 00 00 00 00 00 
00 00 00 00 00 00 00 00 00 00 00 00 00 00 00 00 
00 00 00 00 00 00 00 00 00 00 00 00 00 00 00 00 

时间：2013-11-22 15:4:26
功能：视频频道获取
类型：接收
用户ID：0
数据包：
d1 07 00 00 00 00 00 00 00 00 00 00 00 00 00 00 
37 00 00 00 00 00 00 00 00 00 00 00 00 00 00 00 
00 00 00 00 00 00 00 00 00 00 00 00 00 00 00 00 
00 00 00 00 00 00 00 00 00 00 00 00 00 00 00 00 

时间：2013-11-22 15:4:26
功能：视频分类获取
类型：接收
用户ID：0
数据包：
d2 07 00 00 00 00 00 00 00 00 00 00 00 00 00 00 
37 00 00 00 00 00 00 00 00 00 00 00 00 00 00 00 
00 00 00 00 00 00 00 00 00 00 00 00 00 00 00 00 
00 00 00 00 00 00 00 00 00 00 00 00 00 00 00 00 

时间：2013-11-22 15:4:26
功能：视频地区获取
类型：接收
用户ID：0
数据包：
d3 07 00 00 00 00 00 00 00 00 00 00 00 00 00 00 
37 00 00 00 00 00 00 00 00 00 00 00 00 00 00 00 
00 00 00 00 00 00 00 00 00 00 00 00 00 00 00 00 
00 00 00 00 00 00 00 00 00 00 00 00 00 00 00 00 

时间：2013-11-22 15:4:26
功能：视频列表获取
类型：接收
用户ID：0
数据包：
d4 07 00 00 00 00 00 00 00 00 00 00 00 00 00 00 
37 00 00 00 00 00 00 00 00 00 00 00 00 00 00 00 
00 00 00 00 00 00 00 00 00 00 00 00 00 00 00 00 
00 00 00 00 00 00 00 00 00 00 00 00 00 00 00 00 

时间：2013-11-22 15:11:8
功能：视频频道获取
类型：接收
用户ID：0
数据包：
d1 07 00 00 00 00 00 00 00 00 00 00 00 00 00 00 
37 00 00 00 00 00 00 00 00 00 00 00 00 00 00 00 
00 00 00 00 00 00 00 00 00 00 00 00 00 00 00 00 
00 00 00 00 00 00 00 00 00 00 00 00 00 00 00 00 

时间：2013-11-22 15:11:8
功能：视频分类获取
类型：接收
用户ID：0
数据包：
d2 07 00 00 00 00 00 00 00 00 00 00 00 00 00 00 
37 00 00 00 00 00 00 00 00 00 00 00 00 00 00 00 
00 00 00 00 00 00 00 00 00 00 00 00 00 00 00 00 
00 00 00 00 00 00 00 00 00 00 00 00 00 00 00 00 

时间：2013-11-22 15:11:8
功能：视频地区获取
类型：接收
用户ID：0
数据包：
d3 07 00 00 00 00 00 00 00 00 00 00 00 00 00 00 
37 00 00 00 00 00 00 00 00 00 00 00 00 00 00 00 
00 00 00 00 00 00 00 00 00 00 00 00 00 00 00 00 
00 00 00 00 00 00 00 00 00 00 00 00 00 00 00 00 

时间：2013-11-22 15:11:8
功能：视频列表获取
类型：接收
用户ID：0
数据包：
d4 07 00 00 00 00 00 00 00 00 00 00 00 00 00 00 
37 00 00 00 00 00 00 00 00 00 00 00 00 00 00 00 
00 00 00 00 00 00 00 00 00 00 00 00 00 00 00 00 
00 00 00 00 00 00 00 00 00 00 00 00 00 00 00 00 

时间：2013-11-22 15:12:31
功能：视频频道获取
类型：接收
用户ID：0
数据包：
d1 07 00 00 00 00 00 00 00 00 00 00 00 00 00 00 
37 00 00 00 00 00 00 00 00 00 00 00 00 00 00 00 
00 00 00 00 00 00 00 00 00 00 00 00 00 00 00 00 
00 00 00 00 00 00 00 00 00 00 00 00 00 00 00 00 

时间：2013-11-22 15:12:31
功能：视频分类获取
类型：接收
用户ID：0
数据包：
d2 07 00 00 00 00 00 00 00 00 00 00 00 00 00 00 
37 00 00 00 00 00 00 00 00 00 00 00 00 00 00 00 
00 00 00 00 00 00 00 00 00 00 00 00 00 00 00 00 
00 00 00 00 00 00 00 00 00 00 00 00 00 00 00 00 

时间：2013-11-22 15:12:31
功能：视频地区获取
类型：接收
用户ID：0
数据包：
d3 07 00 00 00 00 00 00 00 00 00 00 00 00 00 00 
37 00 00 00 00 00 00 00 00 00 00 00 00 00 00 00 
00 00 00 00 00 00 00 00 00 00 00 00 00 00 00 00 
00 00 00 00 00 00 00 00 00 00 00 00 00 00 00 00 

时间：2013-11-22 15:12:31
功能：视频列表获取
类型：接收
用户ID：0
数据包：
d4 07 00 00 00 00 00 00 00 00 00 00 00 00 00 00 
37 00 00 00 00 00 00 00 00 00 00 00 00 00 00 00 
00 00 00 00 00 00 00 00 00 00 00 00 00 00 00 00 
00 00 00 00 00 00 00 00 00 00 00 00 00 00 00 00 

时间：2013-11-22 15:12:43
功能：视频频道获取
类型：接收
用户ID：0
数据包：
d1 07 00 00 00 00 00 00 00 00 00 00 00 00 00 00 
37 00 00 00 00 00 00 00 00 00 00 00 00 00 00 00 
00 00 00 00 00 00 00 00 00 00 00 00 00 00 00 00 
00 00 00 00 00 00 00 00 00 00 00 00 00 00 00 00 

时间：2013-11-22 15:12:43
功能：视频分类获取
类型：接收
用户ID：0
数据包：
d2 07 00 00 00 00 00 00 00 00 00 00 00 00 00 00 
37 00 00 00 00 00 00 00 00 00 00 00 00 00 00 00 
00 00 00 00 00 00 00 00 00 00 00 00 00 00 00 00 
00 00 00 00 00 00 00 00 00 00 00 00 00 00 00 00 

时间：2013-11-22 15:12:43
功能：视频地区获取
类型：接收
用户ID：0
数据包：
d3 07 00 00 00 00 00 00 00 00 00 00 00 00 00 00 
37 00 00 00 00 00 00 00 00 00 00 00 00 00 00 00 
00 00 00 00 00 00 00 00 00 00 00 00 00 00 00 00 
00 00 00 00 00 00 00 00 00 00 00 00 00 00 00 00 

时间：2013-11-22 15:12:43
功能：视频列表获取
类型：接收
用户ID：0
数据包：
d4 07 00 00 00 00 00 00 00 00 00 00 00 00 00 00 
37 00 00 00 00 00 00 00 00 00 00 00 00 00 00 00 
00 00 00 00 00 00 00 00 00 00 00 00 00 00 00 00 
00 00 00 00 00 00 00 00 00 00 00 00 00 00 00 00 

时间：2013-11-22 15:13:19
功能：视频频道获取
类型：接收
用户ID：0
数据包：
d1 07 00 00 00 00 00 00 00 00 00 00 00 00 00 00 
37 00 00 00 00 00 00 00 00 00 00 00 00 00 00 00 
00 00 00 00 00 00 00 00 00 00 00 00 00 00 00 00 
00 00 00 00 00 00 00 00 00 00 00 00 00 00 00 00 

时间：2013-11-22 15:13:19
功能：视频分类获取
类型：接收
用户ID：0
数据包：
d2 07 00 00 00 00 00 00 00 00 00 00 00 00 00 00 
37 00 00 00 00 00 00 00 00 00 00 00 00 00 00 00 
00 00 00 00 00 00 00 00 00 00 00 00 00 00 00 00 
00 00 00 00 00 00 00 00 00 00 00 00 00 00 00 00 

时间：2013-11-22 15:13:19
功能：视频地区获取
类型：接收
用户ID：0
数据包：
d3 07 00 00 00 00 00 00 00 00 00 00 00 00 00 00 
37 00 00 00 00 00 00 00 00 00 00 00 00 00 00 00 
00 00 00 00 00 00 00 00 00 00 00 00 00 00 00 00 
00 00 00 00 00 00 00 00 00 00 00 00 00 00 00 00 

时间：2013-11-22 15:13:19
功能：视频列表获取
类型：接收
用户ID：0
数据包：
d4 07 00 00 00 00 00 00 00 00 00 00 00 00 00 00 
37 00 00 00 00 00 00 00 00 00 00 00 00 00 00 00 
00 00 00 00 00 00 00 00 00 00 00 00 00 00 00 00 
00 00 00 00 00 00 00 00 00 00 00 00 00 00 00 00 

时间：2013-11-22 15:13:22
功能：视频地区获取
类型：接收
用户ID：0
数据包：
d3 07 00 00 00 00 00 00 00 00 00 00 00 00 00 00 
37 00 00 00 00 00 00 00 00 00 00 00 00 00 00 00 
00 00 00 00 00 00 00 00 00 00 00 00 00 00 00 00 
00 00 00 00 00 00 00 00 00 00 00 00 00 00 00 00 

时间：2013-11-22 15:13:22
功能：视频分类获取
类型：接收
用户ID：0
数据包：
d2 07 00 00 00 00 00 00 00 00 00 00 00 00 00 00 
37 00 00 00 00 00 00 00 00 00 00 00 00 00 00 00 
00 00 00 00 00 00 00 00 00 00 00 00 00 00 00 00 
00 00 00 00 00 00 00 00 00 00 00 00 00 00 00 00 

时间：2013-11-22 15:13:22
功能：视频列表获取
类型：接收
用户ID：0
数据包：
d4 07 00 00 00 00 00 00 00 00 00 00 00 00 00 00 
37 00 00 00 00 00 00 00 00 00 00 00 00 00 00 00 
00 00 00 00 00 00 00 00 00 00 00 00 00 00 00 00 
00 00 00 00 00 00 00 00 00 00 00 00 00 00 00 00 

时间：2013-11-22 15:13:22
功能：视频频道获取
类型：接收
用户ID：0
数据包：
d1 07 00 00 00 00 00 00 00 00 00 00 00 00 00 00 
37 00 00 00 00 00 00 00 00 00 00 00 00 00 00 00 
00 00 00 00 00 00 00 00 00 00 00 00 00 00 00 00 
00 00 00 00 00 00 00 00 00 00 00 00 00 00 00 00 

时间：2013-11-22 15:26:36
功能：视频频道获取
类型：接收
用户ID：0
数据包：
d1 07 00 00 00 00 00 00 00 00 00 00 00 00 00 00 
37 00 00 00 00 00 00 00 00 00 00 00 00 00 00 00 
00 00 00 00 00 00 00 00 00 00 00 00 00 00 00 00 
00 00 00 00 00 00 00 00 00 00 00 00 00 00 00 00 

时间：2013-11-22 15:26:36
功能：视频分类获取
类型：接收
用户ID：0
数据包：
d2 07 00 00 00 00 00 00 00 00 00 00 00 00 00 00 
37 00 00 00 00 00 00 00 00 00 00 00 00 00 00 00 
00 00 00 00 00 00 00 00 00 00 00 00 00 00 00 00 
00 00 00 00 00 00 00 00 00 00 00 00 00 00 00 00 

时间：2013-11-22 15:26:36
功能：视频地区获取
类型：接收
用户ID：0
数据包：
d3 07 00 00 00 00 00 00 00 00 00 00 00 00 00 00 
37 00 00 00 00 00 00 00 00 00 00 00 00 00 00 00 
00 00 00 00 00 00 00 00 00 00 00 00 00 00 00 00 
00 00 00 00 00 00 00 00 00 00 00 00 00 00 00 00 

时间：2013-11-22 15:26:36
功能：视频列表获取
类型：接收
用户ID：0
数据包：
d4 07 00 00 00 00 00 00 00 00 00 00 00 00 00 00 
37 00 00 00 00 00 00 00 00 00 00 00 00 00 00 00 
00 00 00 00 00 00 00 00 00 00 00 00 00 00 00 00 
00 00 00 00 00 00 00 00 00 00 00 00 00 00 00 00 

时间：2013-11-22 15:28:45
功能：视频频道获取
类型：接收
用户ID：0
数据包：
d1 07 00 00 00 00 00 00 00 00 00 00 00 00 00 00 
37 00 00 00 00 00 00 00 00 00 00 00 00 00 00 00 
00 00 00 00 00 00 00 00 00 00 00 00 00 00 00 00 
00 00 00 00 00 00 00 00 00 00 00 00 00 00 00 00 

时间：2013-11-22 15:28:45
功能：视频分类获取
类型：接收
用户ID：0
数据包：
d2 07 00 00 00 00 00 00 00 00 00 00 00 00 00 00 
37 00 00 00 00 00 00 00 00 00 00 00 00 00 00 00 
00 00 00 00 00 00 00 00 00 00 00 00 00 00 00 00 
00 00 00 00 00 00 00 00 00 00 00 00 00 00 00 00 

时间：2013-11-22 15:28:45
功能：视频地区获取
类型：接收
用户ID：0
数据包：
d3 07 00 00 00 00 00 00 00 00 00 00 00 00 00 00 
37 00 00 00 00 00 00 00 00 00 00 00 00 00 00 00 
00 00 00 00 00 00 00 00 00 00 00 00 00 00 00 00 
00 00 00 00 00 00 00 00 00 00 00 00 00 00 00 00 

时间：2013-11-22 15:28:45
功能：视频列表获取
类型：接收
用户ID：0
数据包：
d4 07 00 00 00 00 00 00 00 00 00 00 00 00 00 00 
37 00 00 00 00 00 00 00 00 00 00 00 00 00 00 00 
00 00 00 00 00 00 00 00 00 00 00 00 00 00 00 00 
00 00 00 00 00 00 00 00 00 00 00 00 00 00 00 00 

时间：2013-11-22 15:31:32
功能：视频频道获取
类型：接收
用户ID：0
数据包：
d1 07 00 00 00 00 00 00 00 00 00 00 00 00 00 00 
37 00 00 00 00 00 00 00 00 00 00 00 00 00 00 00 
00 00 00 00 00 00 00 00 00 00 00 00 00 00 00 00 
00 00 00 00 00 00 00 00 00 00 00 00 00 00 00 00 

时间：2013-11-22 15:31:32
功能：视频分类获取
类型：接收
用户ID：0
数据包：
d2 07 00 00 00 00 00 00 00 00 00 00 00 00 00 00 
37 00 00 00 00 00 00 00 00 00 00 00 00 00 00 00 
00 00 00 00 00 00 00 00 00 00 00 00 00 00 00 00 
00 00 00 00 00 00 00 00 00 00 00 00 00 00 00 00 

时间：2013-11-22 15:31:32
功能：视频地区获取
类型：接收
用户ID：0
数据包：
d3 07 00 00 00 00 00 00 00 00 00 00 00 00 00 00 
37 00 00 00 00 00 00 00 00 00 00 00 00 00 00 00 
00 00 00 00 00 00 00 00 00 00 00 00 00 00 00 00 
00 00 00 00 00 00 00 00 00 00 00 00 00 00 00 00 

时间：2013-11-22 15:31:32
功能：视频列表获取
类型：接收
用户ID：0
数据包：
d4 07 00 00 00 00 00 00 00 00 00 00 00 00 00 00 
37 00 00 00 00 00 00 00 00 00 00 00 00 00 00 00 
00 00 00 00 00 00 00 00 00 00 00 00 00 00 00 00 
00 00 00 00 00 00 00 00 00 00 00 00 00 00 00 00 

时间：2013-11-22 15:31:59
功能：视频频道获取
类型：接收
用户ID：0
数据包：
d1 07 00 00 00 00 00 00 00 00 00 00 00 00 00 00 
37 00 00 00 00 00 00 00 00 00 00 00 00 00 00 00 
00 00 00 00 00 00 00 00 00 00 00 00 00 00 00 00 
00 00 00 00 00 00 00 00 00 00 00 00 00 00 00 00 

时间：2013-11-22 15:31:59
功能：视频分类获取
类型：接收
用户ID：0
数据包：
d2 07 00 00 00 00 00 00 00 00 00 00 00 00 00 00 
37 00 00 00 00 00 00 00 00 00 00 00 00 00 00 00 
00 00 00 00 00 00 00 00 00 00 00 00 00 00 00 00 
00 00 00 00 00 00 00 00 00 00 00 00 00 00 00 00 

时间：2013-11-22 15:31:59
功能：视频地区获取
类型：接收
用户ID：0
数据包：
d3 07 00 00 00 00 00 00 00 00 00 00 00 00 00 00 
37 00 00 00 00 00 00 00 00 00 00 00 00 00 00 00 
00 00 00 00 00 00 00 00 00 00 00 00 00 00 00 00 
00 00 00 00 00 00 00 00 00 00 00 00 00 00 00 00 

时间：2013-11-22 15:31:59
功能：视频列表获取
类型：接收
用户ID：0
数据包：
d4 07 00 00 00 00 00 00 00 00 00 00 00 00 00 00 
37 00 00 00 00 00 00 00 00 00 00 00 00 00 00 00 
00 00 00 00 00 00 00 00 00 00 00 00 00 00 00 00 
00 00 00 00 00 00 00 00 00 00 00 00 00 00 00 00 

时间：2013-11-22 15:34:34
功能：视频频道获取
类型：接收
用户ID：0
数据包：
d1 07 00 00 00 00 00 00 00 00 00 00 00 00 00 00 
37 00 00 00 00 00 00 00 00 00 00 00 00 00 00 00 
00 00 00 00 00 00 00 00 00 00 00 00 00 00 00 00 
00 00 00 00 00 00 00 00 00 00 00 00 00 00 00 00 

时间：2013-11-22 15:34:34
功能：视频分类获取
类型：接收
用户ID：0
数据包：
d2 07 00 00 00 00 00 00 00 00 00 00 00 00 00 00 
37 00 00 00 00 00 00 00 00 00 00 00 00 00 00 00 
00 00 00 00 00 00 00 00 00 00 00 00 00 00 00 00 
00 00 00 00 00 00 00 00 00 00 00 00 00 00 00 00 

时间：2013-11-22 15:34:34
功能：视频地区获取
类型：接收
用户ID：0
数据包：
d3 07 00 00 00 00 00 00 00 00 00 00 00 00 00 00 
37 00 00 00 00 00 00 00 00 00 00 00 00 00 00 00 
00 00 00 00 00 00 00 00 00 00 00 00 00 00 00 00 
00 00 00 00 00 00 00 00 00 00 00 00 00 00 00 00 

时间：2013-11-22 15:34:34
功能：视频列表获取
类型：接收
用户ID：0
数据包：
d4 07 00 00 00 00 00 00 00 00 00 00 00 00 00 00 
37 00 00 00 00 00 00 00 00 00 00 00 00 00 00 00 
00 00 00 00 00 00 00 00 00 00 00 00 00 00 00 00 
00 00 00 00 00 00 00 00 00 00 00 00 00 00 00 00 

时间：2013-11-22 15:34:51
功能：视频频道获取
类型：接收
用户ID：0
数据包：
d1 07 00 00 00 00 00 00 00 00 00 00 00 00 00 00 
37 00 00 00 00 00 00 00 00 00 00 00 00 00 00 00 
00 00 00 00 00 00 00 00 00 00 00 00 00 00 00 00 
00 00 00 00 00 00 00 00 00 00 00 00 00 00 00 00 

时间：2013-11-22 15:34:51
功能：视频分类获取
类型：接收
用户ID：0
数据包：
d2 07 00 00 00 00 00 00 00 00 00 00 00 00 00 00 
37 00 00 00 00 00 00 00 00 00 00 00 00 00 00 00 
00 00 00 00 00 00 00 00 00 00 00 00 00 00 00 00 
00 00 00 00 00 00 00 00 00 00 00 00 00 00 00 00 

时间：2013-11-22 15:34:51
功能：视频地区获取
类型：接收
用户ID：0
数据包：
d3 07 00 00 00 00 00 00 00 00 00 00 00 00 00 00 
37 00 00 00 00 00 00 00 00 00 00 00 00 00 00 00 
00 00 00 00 00 00 00 00 00 00 00 00 00 00 00 00 
00 00 00 00 00 00 00 00 00 00 00 00 00 00 00 00 

时间：2013-11-22 15:34:51
功能：视频列表获取
类型：接收
用户ID：0
数据包：
d4 07 00 00 00 00 00 00 00 00 00 00 00 00 00 00 
37 00 00 00 00 00 00 00 00 00 00 00 00 00 00 00 
00 00 00 00 00 00 00 00 00 00 00 00 00 00 00 00 
00 00 00 00 00 00 00 00 00 00 00 00 00 00 00 00 

时间：2013-11-22 15:36:26
功能：视频频道获取
类型：接收
用户ID：0
数据包：
d1 07 00 00 00 00 00 00 00 00 00 00 00 00 00 00 
37 00 00 00 00 00 00 00 00 00 00 00 00 00 00 00 
00 00 00 00 00 00 00 00 00 00 00 00 00 00 00 00 
00 00 00 00 00 00 00 00 00 00 00 00 00 00 00 00 

时间：2013-11-22 15:36:26
功能：视频分类获取
类型：接收
用户ID：0
数据包：
d2 07 00 00 00 00 00 00 00 00 00 00 00 00 00 00 
37 00 00 00 00 00 00 00 00 00 00 00 00 00 00 00 
00 00 00 00 00 00 00 00 00 00 00 00 00 00 00 00 
00 00 00 00 00 00 00 00 00 00 00 00 00 00 00 00 

时间：2013-11-22 15:36:26
功能：视频地区获取
类型：接收
用户ID：0
数据包：
d3 07 00 00 00 00 00 00 00 00 00 00 00 00 00 00 
37 00 00 00 00 00 00 00 00 00 00 00 00 00 00 00 
00 00 00 00 00 00 00 00 00 00 00 00 00 00 00 00 
00 00 00 00 00 00 00 00 00 00 00 00 00 00 00 00 

时间：2013-11-22 15:36:26
功能：视频列表获取
类型：接收
用户ID：0
数据包：
d4 07 00 00 00 00 00 00 00 00 00 00 00 00 00 00 
37 00 00 00 00 00 00 00 00 00 00 00 00 00 00 00 
00 00 00 00 00 00 00 00 00 00 00 00 00 00 00 00 
00 00 00 00 00 00 00 00 00 00 00 00 00 00 00 00 

时间：2013-11-22 15:37:32
功能：视频频道获取
类型：接收
用户ID：0
数据包：
d1 07 00 00 00 00 00 00 00 00 00 00 00 00 00 00 
37 00 00 00 00 00 00 00 00 00 00 00 00 00 00 00 
00 00 00 00 00 00 00 00 00 00 00 00 00 00 00 00 
00 00 00 00 00 00 00 00 00 00 00 00 00 00 00 00 

时间：2013-11-22 15:37:32
功能：视频分类获取
类型：接收
用户ID：0
数据包：
d2 07 00 00 00 00 00 00 00 00 00 00 00 00 00 00 
37 00 00 00 00 00 00 00 00 00 00 00 00 00 00 00 
00 00 00 00 00 00 00 00 00 00 00 00 00 00 00 00 
00 00 00 00 00 00 00 00 00 00 00 00 00 00 00 00 

时间：2013-11-22 15:37:32
功能：视频地区获取
类型：接收
用户ID：0
数据包：
d3 07 00 00 00 00 00 00 00 00 00 00 00 00 00 00 
37 00 00 00 00 00 00 00 00 00 00 00 00 00 00 00 
00 00 00 00 00 00 00 00 00 00 00 00 00 00 00 00 
00 00 00 00 00 00 00 00 00 00 00 00 00 00 00 00 

时间：2013-11-22 15:37:32
功能：视频列表获取
类型：接收
用户ID：0
数据包：
d4 07 00 00 00 00 00 00 00 00 00 00 00 00 00 00 
37 00 00 00 00 00 00 00 00 00 00 00 00 00 00 00 
00 00 00 00 00 00 00 00 00 00 00 00 00 00 00 00 
00 00 00 00 00 00 00 00 00 00 00 00 00 00 00 00 

时间：2013-11-22 15:37:46
功能：视频频道获取
类型：接收
用户ID：0
数据包：
d1 07 00 00 00 00 00 00 00 00 00 00 00 00 00 00 
37 00 00 00 00 00 00 00 00 00 00 00 00 00 00 00 
00 00 00 00 00 00 00 00 00 00 00 00 00 00 00 00 
00 00 00 00 00 00 00 00 00 00 00 00 00 00 00 00 

时间：2013-11-22 15:37:46
功能：视频分类获取
类型：接收
用户ID：0
数据包：
d2 07 00 00 00 00 00 00 00 00 00 00 00 00 00 00 
37 00 00 00 00 00 00 00 00 00 00 00 00 00 00 00 
00 00 00 00 00 00 00 00 00 00 00 00 00 00 00 00 
00 00 00 00 00 00 00 00 00 00 00 00 00 00 00 00 

时间：2013-11-22 15:37:46
功能：视频地区获取
类型：接收
用户ID：0
数据包：
d3 07 00 00 00 00 00 00 00 00 00 00 00 00 00 00 
37 00 00 00 00 00 00 00 00 00 00 00 00 00 00 00 
00 00 00 00 00 00 00 00 00 00 00 00 00 00 00 00 
00 00 00 00 00 00 00 00 00 00 00 00 00 00 00 00 

时间：2013-11-22 15:37:46
功能：视频列表获取
类型：接收
用户ID：0
数据包：
d4 07 00 00 00 00 00 00 00 00 00 00 00 00 00 00 
37 00 00 00 00 00 00 00 00 00 00 00 00 00 00 00 
00 00 00 00 00 00 00 00 00 00 00 00 00 00 00 00 
00 00 00 00 00 00 00 00 00 00 00 00 00 00 00 00 

时间：2013-11-22 15:39:6
功能：视频频道获取
类型：接收
用户ID：0
数据包：
d1 07 00 00 00 00 00 00 00 00 00 00 00 00 00 00 
37 00 00 00 00 00 00 00 00 00 00 00 00 00 00 00 
00 00 00 00 00 00 00 00 00 00 00 00 00 00 00 00 
00 00 00 00 00 00 00 00 00 00 00 00 00 00 00 00 

时间：2013-11-22 15:39:6
功能：视频分类获取
类型：接收
用户ID：0
数据包：
d2 07 00 00 00 00 00 00 00 00 00 00 00 00 00 00 
37 00 00 00 00 00 00 00 00 00 00 00 00 00 00 00 
00 00 00 00 00 00 00 00 00 00 00 00 00 00 00 00 
00 00 00 00 00 00 00 00 00 00 00 00 00 00 00 00 

时间：2013-11-22 15:39:6
功能：视频地区获取
类型：接收
用户ID：0
数据包：
d3 07 00 00 00 00 00 00 00 00 00 00 00 00 00 00 
37 00 00 00 00 00 00 00 00 00 00 00 00 00 00 00 
00 00 00 00 00 00 00 00 00 00 00 00 00 00 00 00 
00 00 00 00 00 00 00 00 00 00 00 00 00 00 00 00 

时间：2013-11-22 15:39:6
功能：视频列表获取
类型：接收
用户ID：0
数据包：
d4 07 00 00 00 00 00 00 00 00 00 00 00 00 00 00 
37 00 00 00 00 00 00 00 00 00 00 00 00 00 00 00 
00 00 00 00 00 00 00 00 00 00 00 00 00 00 00 00 
00 00 00 00 00 00 00 00 00 00 00 00 00 00 00 00 

时间：2013-11-22 15:47:22
功能：心跳处理
类型：接收
用户ID：0
数据包：
e9 03 00 00 00 00 00 00 00 00 00 00 00 00 00 00 
37 00 00 00 00 00 00 00 00 00 00 00 00 00 00 00 
00 00 00 00 00 00 00 00 00 00 00 00 00 00 00 00 
00 00 00 00 00 00 00 00 00 00 00 00 00 00 00 00 

时间：2013-11-22 15:47:22
功能：视频频道获取
类型：接收
用户ID：0
数据包：
d1 07 00 00 00 00 00 00 00 00 00 00 00 00 00 00 
37 00 00 00 00 00 00 00 00 00 00 00 00 00 00 00 
00 00 00 00 00 00 00 00 00 00 00 00 00 00 00 00 
00 00 00 00 00 00 00 00 00 00 00 00 00 00 00 00 

时间：2013-11-22 15:47:22
功能：视频分类获取
类型：接收
用户ID：0
数据包：
d2 07 00 00 00 00 00 00 00 00 00 00 00 00 00 00 
37 00 00 00 00 00 00 00 00 00 00 00 00 00 00 00 
00 00 00 00 00 00 00 00 00 00 00 00 00 00 00 00 
00 00 00 00 00 00 00 00 00 00 00 00 00 00 00 00 

时间：2013-11-22 15:47:22
功能：视频地区获取
类型：接收
用户ID：0
数据包：
d3 07 00 00 00 00 00 00 00 00 00 00 00 00 00 00 
37 00 00 00 00 00 00 00 00 00 00 00 00 00 00 00 
00 00 00 00 00 00 00 00 00 00 00 00 00 00 00 00 
00 00 00 00 00 00 00 00 00 00 00 00 00 00 00 00 

时间：2013-11-22 15:47:22
功能：视频列表获取
类型：接收
用户ID：0
数据包：
d4 07 00 00 00 00 00 00 00 00 00 00 00 00 00 00 
37 00 00 00 00 00 00 00 00 00 00 00 00 00 00 00 
00 00 00 00 00 00 00 00 00 00 00 00 00 00 00 00 
00 00 00 00 00 00 00 00 00 00 00 00 00 00 00 00 

时间：2013-11-22 15:47:23
功能：心跳处理
类型：接收
用户ID：0
数据包：
e9 03 00 00 00 00 00 00 00 00 00 00 00 00 00 00 
37 00 00 00 00 00 00 00 00 00 00 00 00 00 00 00 
00 00 00 00 00 00 00 00 00 00 00 00 00 00 00 00 
00 00 00 00 00 00 00 00 00 00 00 00 00 00 00 00 

时间：2013-11-22 15:47:24
功能：心跳处理
类型：接收
用户ID：0
数据包：
e9 03 00 00 00 00 00 00 00 00 00 00 00 00 00 00 
37 00 00 00 00 00 00 00 00 00 00 00 00 00 00 00 
00 00 00 00 00 00 00 00 00 00 00 00 00 00 00 00 
00 00 00 00 00 00 00 00 00 00 00 00 00 00 00 00 

时间：2013-11-22 15:47:25
功能：心跳处理
类型：接收
用户ID：0
数据包：
e9 03 00 00 00 00 00 00 00 00 00 00 00 00 00 00 
37 00 00 00 00 00 00 00 00 00 00 00 00 00 00 00 
00 00 00 00 00 00 00 00 00 00 00 00 00 00 00 00 
00 00 00 00 00 00 00 00 00 00 00 00 00 00 00 00 

时间：2013-11-22 15:47:26
功能：心跳处理
类型：接收
用户ID：0
数据包：
e9 03 00 00 00 00 00 00 00 00 00 00 00 00 00 00 
37 00 00 00 00 00 00 00 00 00 00 00 00 00 00 00 
00 00 00 00 00 00 00 00 00 00 00 00 00 00 00 00 
00 00 00 00 00 00 00 00 00 00 00 00 00 00 00 00 

时间：2013-11-22 15:47:27
功能：心跳处理
类型：接收
用户ID：0
数据包：
e9 03 00 00 00 00 00 00 00 00 00 00 00 00 00 00 
37 00 00 00 00 00 00 00 00 00 00 00 00 00 00 00 
00 00 00 00 00 00 00 00 00 00 00 00 00 00 00 00 
00 00 00 00 00 00 00 00 00 00 00 00 00 00 00 00 

时间：2013-11-22 15:47:28
功能：心跳处理
类型：接收
用户ID：0
数据包：
e9 03 00 00 00 00 00 00 00 00 00 00 00 00 00 00 
37 00 00 00 00 00 00 00 00 00 00 00 00 00 00 00 
00 00 00 00 00 00 00 00 00 00 00 00 00 00 00 00 
00 00 00 00 00 00 00 00 00 00 00 00 00 00 00 00 

时间：2013-11-22 15:47:29
功能：心跳处理
类型：接收
用户ID：0
数据包：
e9 03 00 00 00 00 00 00 00 00 00 00 00 00 00 00 
37 00 00 00 00 00 00 00 00 00 00 00 00 00 00 00 
00 00 00 00 00 00 00 00 00 00 00 00 00 00 00 00 
00 00 00 00 00 00 00 00 00 00 00 00 00 00 00 00 

时间：2013-11-22 15:47:30
功能：心跳处理
类型：接收
用户ID：0
数据包：
e9 03 00 00 00 00 00 00 00 00 00 00 00 00 00 00 
37 00 00 00 00 00 00 00 00 00 00 00 00 00 00 00 
00 00 00 00 00 00 00 00 00 00 00 00 00 00 00 00 
00 00 00 00 00 00 00 00 00 00 00 00 00 00 00 00 

时间：2013-11-22 15:47:31
功能：心跳处理
类型：接收
用户ID：0
数据包：
e9 03 00 00 00 00 00 00 00 00 00 00 00 00 00 00 
37 00 00 00 00 00 00 00 00 00 00 00 00 00 00 00 
00 00 00 00 00 00 00 00 00 00 00 00 00 00 00 00 
00 00 00 00 00 00 00 00 00 00 00 00 00 00 00 00 

时间：2013-11-22 15:47:32
功能：心跳处理
类型：接收
用户ID：0
数据包：
e9 03 00 00 00 00 00 00 00 00 00 00 00 00 00 00 
37 00 00 00 00 00 00 00 00 00 00 00 00 00 00 00 
00 00 00 00 00 00 00 00 00 00 00 00 00 00 00 00 
00 00 00 00 00 00 00 00 00 00 00 00 00 00 00 00 

时间：2013-11-22 15:47:33
功能：心跳处理
类型：接收
用户ID：0
数据包：
e9 03 00 00 00 00 00 00 00 00 00 00 00 00 00 00 
37 00 00 00 00 00 00 00 00 00 00 00 00 00 00 00 
00 00 00 00 00 00 00 00 00 00 00 00 00 00 00 00 
00 00 00 00 00 00 00 00 00 00 00 00 00 00 00 00 

时间：2013-11-22 15:47:34
功能：心跳处理
类型：接收
用户ID：0
数据包：
e9 03 00 00 00 00 00 00 00 00 00 00 00 00 00 00 
37 00 00 00 00 00 00 00 00 00 00 00 00 00 00 00 
00 00 00 00 00 00 00 00 00 00 00 00 00 00 00 00 
00 00 00 00 00 00 00 00 00 00 00 00 00 00 00 00 

时间：2013-11-22 15:47:35
功能：心跳处理
类型：接收
用户ID：0
数据包：
e9 03 00 00 00 00 00 00 00 00 00 00 00 00 00 00 
37 00 00 00 00 00 00 00 00 00 00 00 00 00 00 00 
00 00 00 00 00 00 00 00 00 00 00 00 00 00 00 00 
00 00 00 00 00 00 00 00 00 00 00 00 00 00 00 00 

时间：2013-11-22 15:47:36
功能：心跳处理
类型：接收
用户ID：0
数据包：
e9 03 00 00 00 00 00 00 00 00 00 00 00 00 00 00 
37 00 00 00 00 00 00 00 00 00 00 00 00 00 00 00 
00 00 00 00 00 00 00 00 00 00 00 00 00 00 00 00 
00 00 00 00 00 00 00 00 00 00 00 00 00 00 00 00 

时间：2013-11-22 15:47:37
功能：心跳处理
类型：接收
用户ID：0
数据包：
e9 03 00 00 00 00 00 00 00 00 00 00 00 00 00 00 
37 00 00 00 00 00 00 00 00 00 00 00 00 00 00 00 
00 00 00 00 00 00 00 00 00 00 00 00 00 00 00 00 
00 00 00 00 00 00 00 00 00 00 00 00 00 00 00 00 

时间：2013-11-22 15:47:39
功能：心跳处理
类型：接收
用户ID：0
数据包：
e9 03 00 00 00 00 00 00 00 00 00 00 00 00 00 00 
37 00 00 00 00 00 00 00 00 00 00 00 00 00 00 00 
00 00 00 00 00 00 00 00 00 00 00 00 00 00 00 00 
00 00 00 00 00 00 00 00 00 00 00 00 00 00 00 00 

时间：2013-11-22 15:47:40
功能：心跳处理
类型：接收
用户ID：0
数据包：
e9 03 00 00 00 00 00 00 00 00 00 00 00 00 00 00 
37 00 00 00 00 00 00 00 00 00 00 00 00 00 00 00 
00 00 00 00 00 00 00 00 00 00 00 00 00 00 00 00 
00 00 00 00 00 00 00 00 00 00 00 00 00 00 00 00 

时间：2013-11-22 15:47:41
功能：心跳处理
类型：接收
用户ID：0
数据包：
e9 03 00 00 00 00 00 00 00 00 00 00 00 00 00 00 
37 00 00 00 00 00 00 00 00 00 00 00 00 00 00 00 
00 00 00 00 00 00 00 00 00 00 00 00 00 00 00 00 
00 00 00 00 00 00 00 00 00 00 00 00 00 00 00 00 

时间：2013-11-22 15:47:42
功能：心跳处理
类型：接收
用户ID：0
数据包：
e9 03 00 00 00 00 00 00 00 00 00 00 00 00 00 00 
37 00 00 00 00 00 00 00 00 00 00 00 00 00 00 00 
00 00 00 00 00 00 00 00 00 00 00 00 00 00 00 00 
00 00 00 00 00 00 00 00 00 00 00 00 00 00 00 00 

时间：2013-11-22 15:47:43
功能：心跳处理
类型：接收
用户ID：0
数据包：
e9 03 00 00 00 00 00 00 00 00 00 00 00 00 00 00 
37 00 00 00 00 00 00 00 00 00 00 00 00 00 00 00 
00 00 00 00 00 00 00 00 00 00 00 00 00 00 00 00 
00 00 00 00 00 00 00 00 00 00 00 00 00 00 00 00 

时间：2013-11-22 15:47:44
功能：心跳处理
类型：接收
用户ID：0
数据包：
e9 03 00 00 00 00 00 00 00 00 00 00 00 00 00 00 
37 00 00 00 00 00 00 00 00 00 00 00 00 00 00 00 
00 00 00 00 00 00 00 00 00 00 00 00 00 00 00 00 
00 00 00 00 00 00 00 00 00 00 00 00 00 00 00 00 

时间：2013-11-22 15:47:45
功能：心跳处理
类型：接收
用户ID：0
数据包：
e9 03 00 00 00 00 00 00 00 00 00 00 00 00 00 00 
37 00 00 00 00 00 00 00 00 00 00 00 00 00 00 00 
00 00 00 00 00 00 00 00 00 00 00 00 00 00 00 00 
00 00 00 00 00 00 00 00 00 00 00 00 00 00 00 00 

时间：2013-11-22 15:47:46
功能：心跳处理
类型：接收
用户ID：0
数据包：
e9 03 00 00 00 00 00 00 00 00 00 00 00 00 00 00 
37 00 00 00 00 00 00 00 00 00 00 00 00 00 00 00 
00 00 00 00 00 00 00 00 00 00 00 00 00 00 00 00 
00 00 00 00 00 00 00 00 00 00 00 00 00 00 00 00 

时间：2013-11-22 15:47:47
功能：心跳处理
类型：接收
用户ID：0
数据包：
e9 03 00 00 00 00 00 00 00 00 00 00 00 00 00 00 
37 00 00 00 00 00 00 00 00 00 00 00 00 00 00 00 
00 00 00 00 00 00 00 00 00 00 00 00 00 00 00 00 
00 00 00 00 00 00 00 00 00 00 00 00 00 00 00 00 

时间：2013-11-22 15:47:48
功能：心跳处理
类型：接收
用户ID：0
数据包：
e9 03 00 00 00 00 00 00 00 00 00 00 00 00 00 00 
37 00 00 00 00 00 00 00 00 00 00 00 00 00 00 00 
00 00 00 00 00 00 00 00 00 00 00 00 00 00 00 00 
00 00 00 00 00 00 00 00 00 00 00 00 00 00 00 00 

时间：2013-11-22 15:47:49
功能：心跳处理
类型：接收
用户ID：0
数据包：
e9 03 00 00 00 00 00 00 00 00 00 00 00 00 00 00 
37 00 00 00 00 00 00 00 00 00 00 00 00 00 00 00 
00 00 00 00 00 00 00 00 00 00 00 00 00 00 00 00 
00 00 00 00 00 00 00 00 00 00 00 00 00 00 00 00 

时间：2013-11-22 15:47:50
功能：心跳处理
类型：接收
用户ID：0
数据包：
e9 03 00 00 00 00 00 00 00 00 00 00 00 00 00 00 
37 00 00 00 00 00 00 00 00 00 00 00 00 00 00 00 
00 00 00 00 00 00 00 00 00 00 00 00 00 00 00 00 
00 00 00 00 00 00 00 00 00 00 00 00 00 00 00 00 

时间：2013-11-22 15:47:51
功能：心跳处理
类型：接收
用户ID：0
数据包：
e9 03 00 00 00 00 00 00 00 00 00 00 00 00 00 00 
37 00 00 00 00 00 00 00 00 00 00 00 00 00 00 00 
00 00 00 00 00 00 00 00 00 00 00 00 00 00 00 00 
00 00 00 00 00 00 00 00 00 00 00 00 00 00 00 00 

时间：2013-11-22 15:47:52
功能：心跳处理
类型：接收
用户ID：0
数据包：
e9 03 00 00 00 00 00 00 00 00 00 00 00 00 00 00 
37 00 00 00 00 00 00 00 00 00 00 00 00 00 00 00 
00 00 00 00 00 00 00 00 00 00 00 00 00 00 00 00 
00 00 00 00 00 00 00 00 00 00 00 00 00 00 00 00 

时间：2013-11-22 15:47:53
功能：心跳处理
类型：接收
用户ID：0
数据包：
e9 03 00 00 00 00 00 00 00 00 00 00 00 00 00 00 
37 00 00 00 00 00 00 00 00 00 00 00 00 00 00 00 
00 00 00 00 00 00 00 00 00 00 00 00 00 00 00 00 
00 00 00 00 00 00 00 00 00 00 00 00 00 00 00 00 

时间：2013-11-22 15:47:54
功能：心跳处理
类型：接收
用户ID：0
数据包：
e9 03 00 00 00 00 00 00 00 00 00 00 00 00 00 00 
37 00 00 00 00 00 00 00 00 00 00 00 00 00 00 00 
00 00 00 00 00 00 00 00 00 00 00 00 00 00 00 00 
00 00 00 00 00 00 00 00 00 00 00 00 00 00 00 00 

时间：2013-11-22 15:47:55
功能：心跳处理
类型：接收
用户ID：0
数据包：
e9 03 00 00 00 00 00 00 00 00 00 00 00 00 00 00 
37 00 00 00 00 00 00 00 00 00 00 00 00 00 00 00 
00 00 00 00 00 00 00 00 00 00 00 00 00 00 00 00 
00 00 00 00 00 00 00 00 00 00 00 00 00 00 00 00 

时间：2013-11-22 15:47:56
功能：心跳处理
类型：接收
用户ID：0
数据包：
e9 03 00 00 00 00 00 00 00 00 00 00 00 00 00 00 
37 00 00 00 00 00 00 00 00 00 00 00 00 00 00 00 
00 00 00 00 00 00 00 00 00 00 00 00 00 00 00 00 
00 00 00 00 00 00 00 00 00 00 00 00 00 00 00 00 

时间：2013-11-22 15:47:57
功能：心跳处理
类型：接收
用户ID：0
数据包：
e9 03 00 00 00 00 00 00 00 00 00 00 00 00 00 00 
37 00 00 00 00 00 00 00 00 00 00 00 00 00 00 00 
00 00 00 00 00 00 00 00 00 00 00 00 00 00 00 00 
00 00 00 00 00 00 00 00 00 00 00 00 00 00 00 00 

时间：2013-11-22 15:47:58
功能：心跳处理
类型：接收
用户ID：0
数据包：
e9 03 00 00 00 00 00 00 00 00 00 00 00 00 00 00 
37 00 00 00 00 00 00 00 00 00 00 00 00 00 00 00 
00 00 00 00 00 00 00 00 00 00 00 00 00 00 00 00 
00 00 00 00 00 00 00 00 00 00 00 00 00 00 00 00 

时间：2013-11-22 15:47:59
功能：心跳处理
类型：接收
用户ID：0
数据包：
e9 03 00 00 00 00 00 00 00 00 00 00 00 00 00 00 
37 00 00 00 00 00 00 00 00 00 00 00 00 00 00 00 
00 00 00 00 00 00 00 00 00 00 00 00 00 00 00 00 
00 00 00 00 00 00 00 00 00 00 00 00 00 00 00 00 

时间：2013-11-22 15:48:0
功能：心跳处理
类型：接收
用户ID：0
数据包：
e9 03 00 00 00 00 00 00 00 00 00 00 00 00 00 00 
37 00 00 00 00 00 00 00 00 00 00 00 00 00 00 00 
00 00 00 00 00 00 00 00 00 00 00 00 00 00 00 00 
00 00 00 00 00 00 00 00 00 00 00 00 00 00 00 00 

时间：2013-11-22 15:48:1
功能：心跳处理
类型：接收
用户ID：0
数据包：
e9 03 00 00 00 00 00 00 00 00 00 00 00 00 00 00 
37 00 00 00 00 00 00 00 00 00 00 00 00 00 00 00 
00 00 00 00 00 00 00 00 00 00 00 00 00 00 00 00 
00 00 00 00 00 00 00 00 00 00 00 00 00 00 00 00 

时间：2013-11-22 15:48:2
功能：心跳处理
类型：接收
用户ID：0
数据包：
e9 03 00 00 00 00 00 00 00 00 00 00 00 00 00 00 
37 00 00 00 00 00 00 00 00 00 00 00 00 00 00 00 
00 00 00 00 00 00 00 00 00 00 00 00 00 00 00 00 
00 00 00 00 00 00 00 00 00 00 00 00 00 00 00 00 

时间：2013-11-22 15:48:3
功能：心跳处理
类型：接收
用户ID：0
数据包：
e9 03 00 00 00 00 00 00 00 00 00 00 00 00 00 00 
37 00 00 00 00 00 00 00 00 00 00 00 00 00 00 00 
00 00 00 00 00 00 00 00 00 00 00 00 00 00 00 00 
00 00 00 00 00 00 00 00 00 00 00 00 00 00 00 00 

时间：2013-11-22 15:48:4
功能：心跳处理
类型：接收
用户ID：0
数据包：
e9 03 00 00 00 00 00 00 00 00 00 00 00 00 00 00 
37 00 00 00 00 00 00 00 00 00 00 00 00 00 00 00 
00 00 00 00 00 00 00 00 00 00 00 00 00 00 00 00 
00 00 00 00 00 00 00 00 00 00 00 00 00 00 00 00 

时间：2013-11-22 15:48:5
功能：心跳处理
类型：接收
用户ID：0
数据包：
e9 03 00 00 00 00 00 00 00 00 00 00 00 00 00 00 
37 00 00 00 00 00 00 00 00 00 00 00 00 00 00 00 
00 00 00 00 00 00 00 00 00 00 00 00 00 00 00 00 
00 00 00 00 00 00 00 00 00 00 00 00 00 00 00 00 

时间：2013-11-22 15:48:6
功能：心跳处理
类型：接收
用户ID：0
数据包：
e9 03 00 00 00 00 00 00 00 00 00 00 00 00 00 00 
37 00 00 00 00 00 00 00 00 00 00 00 00 00 00 00 
00 00 00 00 00 00 00 00 00 00 00 00 00 00 00 00 
00 00 00 00 00 00 00 00 00 00 00 00 00 00 00 00 

时间：2013-11-22 15:48:7
功能：心跳处理
类型：接收
用户ID：0
数据包：
e9 03 00 00 00 00 00 00 00 00 00 00 00 00 00 00 
37 00 00 00 00 00 00 00 00 00 00 00 00 00 00 00 
00 00 00 00 00 00 00 00 00 00 00 00 00 00 00 00 
00 00 00 00 00 00 00 00 00 00 00 00 00 00 00 00 

时间：2013-11-22 15:51:25
功能：心跳处理
类型：接收
用户ID：0
数据包：
e9 03 00 00 00 00 00 00 00 00 00 00 00 00 00 00 
37 00 00 00 00 00 00 00 00 00 00 00 00 00 00 00 
00 00 00 00 00 00 00 00 00 00 00 00 00 00 00 00 
00 00 00 00 00 00 00 00 00 00 00 00 00 00 00 00 

时间：2013-11-22 15:51:25
功能：视频频道获取
类型：接收
用户ID：0
数据包：
d1 07 00 00 00 00 00 00 00 00 00 00 00 00 00 00 
37 00 00 00 00 00 00 00 00 00 00 00 00 00 00 00 
00 00 00 00 00 00 00 00 00 00 00 00 00 00 00 00 
00 00 00 00 00 00 00 00 00 00 00 00 00 00 00 00 

时间：2013-11-22 15:51:25
功能：视频分类获取
类型：接收
用户ID：0
数据包：
d2 07 00 00 00 00 00 00 00 00 00 00 00 00 00 00 
37 00 00 00 00 00 00 00 00 00 00 00 00 00 00 00 
00 00 00 00 00 00 00 00 00 00 00 00 00 00 00 00 
00 00 00 00 00 00 00 00 00 00 00 00 00 00 00 00 

时间：2013-11-22 15:51:25
功能：视频地区获取
类型：接收
用户ID：0
数据包：
d3 07 00 00 00 00 00 00 00 00 00 00 00 00 00 00 
37 00 00 00 00 00 00 00 00 00 00 00 00 00 00 00 
00 00 00 00 00 00 00 00 00 00 00 00 00 00 00 00 
00 00 00 00 00 00 00 00 00 00 00 00 00 00 00 00 

时间：2013-11-22 15:51:25
功能：视频列表获取
类型：接收
用户ID：0
数据包：
d4 07 00 00 00 00 00 00 00 00 00 00 00 00 00 00 
37 00 00 00 00 00 00 00 00 00 00 00 00 00 00 00 
00 00 00 00 00 00 00 00 00 00 00 00 00 00 00 00 
00 00 00 00 00 00 00 00 00 00 00 00 00 00 00 00 

时间：2013-11-22 15:51:26
功能：心跳处理
类型：接收
用户ID：0
数据包：
e9 03 00 00 00 00 00 00 00 00 00 00 00 00 00 00 
37 00 00 00 00 00 00 00 00 00 00 00 00 00 00 00 
00 00 00 00 00 00 00 00 00 00 00 00 00 00 00 00 
00 00 00 00 00 00 00 00 00 00 00 00 00 00 00 00 

时间：2013-11-22 15:51:27
功能：心跳处理
类型：接收
用户ID：0
数据包：
e9 03 00 00 00 00 00 00 00 00 00 00 00 00 00 00 
37 00 00 00 00 00 00 00 00 00 00 00 00 00 00 00 
00 00 00 00 00 00 00 00 00 00 00 00 00 00 00 00 
00 00 00 00 00 00 00 00 00 00 00 00 00 00 00 00 

时间：2013-11-22 15:51:28
功能：心跳处理
类型：接收
用户ID：0
数据包：
e9 03 00 00 00 00 00 00 00 00 00 00 00 00 00 00 
37 00 00 00 00 00 00 00 00 00 00 00 00 00 00 00 
00 00 00 00 00 00 00 00 00 00 00 00 00 00 00 00 
00 00 00 00 00 00 00 00 00 00 00 00 00 00 00 00 

时间：2013-11-22 15:51:29
功能：心跳处理
类型：接收
用户ID：0
数据包：
e9 03 00 00 00 00 00 00 00 00 00 00 00 00 00 00 
37 00 00 00 00 00 00 00 00 00 00 00 00 00 00 00 
00 00 00 00 00 00 00 00 00 00 00 00 00 00 00 00 
00 00 00 00 00 00 00 00 00 00 00 00 00 00 00 00 

时间：2013-11-22 15:51:30
功能：心跳处理
类型：接收
用户ID：0
数据包：
e9 03 00 00 00 00 00 00 00 00 00 00 00 00 00 00 
37 00 00 00 00 00 00 00 00 00 00 00 00 00 00 00 
00 00 00 00 00 00 00 00 00 00 00 00 00 00 00 00 
00 00 00 00 00 00 00 00 00 00 00 00 00 00 00 00 

时间：2013-11-22 15:51:31
功能：心跳处理
类型：接收
用户ID：0
数据包：
e9 03 00 00 00 00 00 00 00 00 00 00 00 00 00 00 
37 00 00 00 00 00 00 00 00 00 00 00 00 00 00 00 
00 00 00 00 00 00 00 00 00 00 00 00 00 00 00 00 
00 00 00 00 00 00 00 00 00 00 00 00 00 00 00 00 

时间：2013-11-22 15:51:32
功能：心跳处理
类型：接收
用户ID：0
数据包：
e9 03 00 00 00 00 00 00 00 00 00 00 00 00 00 00 
37 00 00 00 00 00 00 00 00 00 00 00 00 00 00 00 
00 00 00 00 00 00 00 00 00 00 00 00 00 00 00 00 
00 00 00 00 00 00 00 00 00 00 00 00 00 00 00 00 

时间：2013-11-22 15:51:33
功能：心跳处理
类型：接收
用户ID：0
数据包：
e9 03 00 00 00 00 00 00 00 00 00 00 00 00 00 00 
37 00 00 00 00 00 00 00 00 00 00 00 00 00 00 00 
00 00 00 00 00 00 00 00 00 00 00 00 00 00 00 00 
00 00 00 00 00 00 00 00 00 00 00 00 00 00 00 00 

时间：2013-11-22 15:52:51
功能：心跳处理
类型：接收
用户ID：0
数据包：
e9 03 00 00 00 00 00 00 00 00 00 00 00 00 00 00 
37 00 00 00 00 00 00 00 00 00 00 00 00 00 00 00 
00 00 00 00 00 00 00 00 00 00 00 00 00 00 00 00 
00 00 00 00 00 00 00 00 00 00 00 00 00 00 00 00 

时间：2013-11-22 15:52:51
功能：视频频道获取
类型：接收
用户ID：0
数据包：
d1 07 00 00 00 00 00 00 00 00 00 00 00 00 00 00 
37 00 00 00 00 00 00 00 00 00 00 00 00 00 00 00 
00 00 00 00 00 00 00 00 00 00 00 00 00 00 00 00 
00 00 00 00 00 00 00 00 00 00 00 00 00 00 00 00 

时间：2013-11-22 15:52:51
功能：视频分类获取
类型：接收
用户ID：0
数据包：
d2 07 00 00 00 00 00 00 00 00 00 00 00 00 00 00 
37 00 00 00 00 00 00 00 00 00 00 00 00 00 00 00 
00 00 00 00 00 00 00 00 00 00 00 00 00 00 00 00 
00 00 00 00 00 00 00 00 00 00 00 00 00 00 00 00 

时间：2013-11-22 15:52:51
功能：视频地区获取
类型：接收
用户ID：0
数据包：
d3 07 00 00 00 00 00 00 00 00 00 00 00 00 00 00 
37 00 00 00 00 00 00 00 00 00 00 00 00 00 00 00 
00 00 00 00 00 00 00 00 00 00 00 00 00 00 00 00 
00 00 00 00 00 00 00 00 00 00 00 00 00 00 00 00 

时间：2013-11-22 15:52:51
功能：视频列表获取
类型：接收
用户ID：0
数据包：
d4 07 00 00 00 00 00 00 00 00 00 00 00 00 00 00 
37 00 00 00 00 00 00 00 00 00 00 00 00 00 00 00 
00 00 00 00 00 00 00 00 00 00 00 00 00 00 00 00 
00 00 00 00 00 00 00 00 00 00 00 00 00 00 00 00 

时间：2013-11-22 15:52:52
功能：心跳处理
类型：接收
用户ID：0
数据包：
e9 03 00 00 00 00 00 00 00 00 00 00 00 00 00 00 
37 00 00 00 00 00 00 00 00 00 00 00 00 00 00 00 
00 00 00 00 00 00 00 00 00 00 00 00 00 00 00 00 
00 00 00 00 00 00 00 00 00 00 00 00 00 00 00 00 

时间：2013-11-22 15:52:53
功能：心跳处理
类型：接收
用户ID：0
数据包：
e9 03 00 00 00 00 00 00 00 00 00 00 00 00 00 00 
37 00 00 00 00 00 00 00 00 00 00 00 00 00 00 00 
00 00 00 00 00 00 00 00 00 00 00 00 00 00 00 00 
00 00 00 00 00 00 00 00 00 00 00 00 00 00 00 00 

时间：2013-11-22 15:52:54
功能：心跳处理
类型：接收
用户ID：0
数据包：
e9 03 00 00 00 00 00 00 00 00 00 00 00 00 00 00 
37 00 00 00 00 00 00 00 00 00 00 00 00 00 00 00 
00 00 00 00 00 00 00 00 00 00 00 00 00 00 00 00 
00 00 00 00 00 00 00 00 00 00 00 00 00 00 00 00 

时间：2013-11-22 15:52:55
功能：心跳处理
类型：接收
用户ID：0
数据包：
e9 03 00 00 00 00 00 00 00 00 00 00 00 00 00 00 
37 00 00 00 00 00 00 00 00 00 00 00 00 00 00 00 
00 00 00 00 00 00 00 00 00 00 00 00 00 00 00 00 
00 00 00 00 00 00 00 00 00 00 00 00 00 00 00 00 

时间：2013-11-22 15:52:56
功能：心跳处理
类型：接收
用户ID：0
数据包：
e9 03 00 00 00 00 00 00 00 00 00 00 00 00 00 00 
37 00 00 00 00 00 00 00 00 00 00 00 00 00 00 00 
00 00 00 00 00 00 00 00 00 00 00 00 00 00 00 00 
00 00 00 00 00 00 00 00 00 00 00 00 00 00 00 00 

时间：2013-11-22 15:52:57
功能：心跳处理
类型：接收
用户ID：0
数据包：
e9 03 00 00 00 00 00 00 00 00 00 00 00 00 00 00 
37 00 00 00 00 00 00 00 00 00 00 00 00 00 00 00 
00 00 00 00 00 00 00 00 00 00 00 00 00 00 00 00 
00 00 00 00 00 00 00 00 00 00 00 00 00 00 00 00 

时间：2013-11-22 15:52:58
功能：心跳处理
类型：接收
用户ID：0
数据包：
e9 03 00 00 00 00 00 00 00 00 00 00 00 00 00 00 
37 00 00 00 00 00 00 00 00 00 00 00 00 00 00 00 
00 00 00 00 00 00 00 00 00 00 00 00 00 00 00 00 
00 00 00 00 00 00 00 00 00 00 00 00 00 00 00 00 

时间：2013-11-22 15:52:59
功能：心跳处理
类型：接收
用户ID：0
数据包：
e9 03 00 00 00 00 00 00 00 00 00 00 00 00 00 00 
37 00 00 00 00 00 00 00 00 00 00 00 00 00 00 00 
00 00 00 00 00 00 00 00 00 00 00 00 00 00 00 00 
00 00 00 00 00 00 00 00 00 00 00 00 00 00 00 00 

时间：2013-11-22 15:53:0
功能：心跳处理
类型：接收
用户ID：0
数据包：
e9 03 00 00 00 00 00 00 00 00 00 00 00 00 00 00 
37 00 00 00 00 00 00 00 00 00 00 00 00 00 00 00 
00 00 00 00 00 00 00 00 00 00 00 00 00 00 00 00 
00 00 00 00 00 00 00 00 00 00 00 00 00 00 00 00 

时间：2013-11-22 15:54:51
功能：心跳处理
类型：接收
用户ID：0
数据包：
e9 03 00 00 00 00 00 00 00 00 00 00 00 00 00 00 
37 00 00 00 00 00 00 00 00 00 00 00 00 00 00 00 
00 00 00 00 00 00 00 00 00 00 00 00 00 00 00 00 
00 00 00 00 00 00 00 00 00 00 00 00 00 00 00 00 

时间：2013-11-22 15:54:51
功能：视频频道获取
类型：接收
用户ID：0
数据包：
d1 07 00 00 00 00 00 00 00 00 00 00 00 00 00 00 
37 00 00 00 00 00 00 00 00 00 00 00 00 00 00 00 
00 00 00 00 00 00 00 00 00 00 00 00 00 00 00 00 
00 00 00 00 00 00 00 00 00 00 00 00 00 00 00 00 

时间：2013-11-22 15:54:51
功能：视频分类获取
类型：接收
用户ID：0
数据包：
d2 07 00 00 00 00 00 00 00 00 00 00 00 00 00 00 
37 00 00 00 00 00 00 00 00 00 00 00 00 00 00 00 
00 00 00 00 00 00 00 00 00 00 00 00 00 00 00 00 
00 00 00 00 00 00 00 00 00 00 00 00 00 00 00 00 

时间：2013-11-22 15:54:51
功能：视频地区获取
类型：接收
用户ID：0
数据包：
d3 07 00 00 00 00 00 00 00 00 00 00 00 00 00 00 
37 00 00 00 00 00 00 00 00 00 00 00 00 00 00 00 
00 00 00 00 00 00 00 00 00 00 00 00 00 00 00 00 
00 00 00 00 00 00 00 00 00 00 00 00 00 00 00 00 

时间：2013-11-22 15:54:51
功能：视频列表获取
类型：接收
用户ID：0
数据包：
d4 07 00 00 00 00 00 00 00 00 00 00 00 00 00 00 
37 00 00 00 00 00 00 00 00 00 00 00 00 00 00 00 
00 00 00 00 00 00 00 00 00 00 00 00 00 00 00 00 
00 00 00 00 00 00 00 00 00 00 00 00 00 00 00 00 

时间：2013-11-22 15:54:52
功能：心跳处理
类型：接收
用户ID：0
数据包：
e9 03 00 00 00 00 00 00 00 00 00 00 00 00 00 00 
37 00 00 00 00 00 00 00 00 00 00 00 00 00 00 00 
00 00 00 00 00 00 00 00 00 00 00 00 00 00 00 00 
00 00 00 00 00 00 00 00 00 00 00 00 00 00 00 00 

时间：2013-11-22 15:54:53
功能：心跳处理
类型：接收
用户ID：0
数据包：
e9 03 00 00 00 00 00 00 00 00 00 00 00 00 00 00 
37 00 00 00 00 00 00 00 00 00 00 00 00 00 00 00 
00 00 00 00 00 00 00 00 00 00 00 00 00 00 00 00 
00 00 00 00 00 00 00 00 00 00 00 00 00 00 00 00 

时间：2013-11-22 15:54:54
功能：心跳处理
类型：接收
用户ID：0
数据包：
e9 03 00 00 00 00 00 00 00 00 00 00 00 00 00 00 
37 00 00 00 00 00 00 00 00 00 00 00 00 00 00 00 
00 00 00 00 00 00 00 00 00 00 00 00 00 00 00 00 
00 00 00 00 00 00 00 00 00 00 00 00 00 00 00 00 

时间：2013-11-22 15:54:55
功能：心跳处理
类型：接收
用户ID：0
数据包：
e9 03 00 00 00 00 00 00 00 00 00 00 00 00 00 00 
37 00 00 00 00 00 00 00 00 00 00 00 00 00 00 00 
00 00 00 00 00 00 00 00 00 00 00 00 00 00 00 00 
00 00 00 00 00 00 00 00 00 00 00 00 00 00 00 00 

时间：2013-11-22 15:54:56
功能：心跳处理
类型：接收
用户ID：0
数据包：
e9 03 00 00 00 00 00 00 00 00 00 00 00 00 00 00 
37 00 00 00 00 00 00 00 00 00 00 00 00 00 00 00 
00 00 00 00 00 00 00 00 00 00 00 00 00 00 00 00 
00 00 00 00 00 00 00 00 00 00 00 00 00 00 00 00 

时间：2013-11-22 15:54:57
功能：心跳处理
类型：接收
用户ID：0
数据包：
e9 03 00 00 00 00 00 00 00 00 00 00 00 00 00 00 
37 00 00 00 00 00 00 00 00 00 00 00 00 00 00 00 
00 00 00 00 00 00 00 00 00 00 00 00 00 00 00 00 
00 00 00 00 00 00 00 00 00 00 00 00 00 00 00 00 

时间：2013-11-22 15:54:58
功能：心跳处理
类型：接收
用户ID：0
数据包：
e9 03 00 00 00 00 00 00 00 00 00 00 00 00 00 00 
37 00 00 00 00 00 00 00 00 00 00 00 00 00 00 00 
00 00 00 00 00 00 00 00 00 00 00 00 00 00 00 00 
00 00 00 00 00 00 00 00 00 00 00 00 00 00 00 00 

时间：2013-11-22 15:54:59
功能：心跳处理
类型：接收
用户ID：0
数据包：
e9 03 00 00 00 00 00 00 00 00 00 00 00 00 00 00 
37 00 00 00 00 00 00 00 00 00 00 00 00 00 00 00 
00 00 00 00 00 00 00 00 00 00 00 00 00 00 00 00 
00 00 00 00 00 00 00 00 00 00 00 00 00 00 00 00 

时间：2013-11-22 15:55:0
功能：心跳处理
类型：接收
用户ID：0
数据包：
e9 03 00 00 00 00 00 00 00 00 00 00 00 00 00 00 
37 00 00 00 00 00 00 00 00 00 00 00 00 00 00 00 
00 00 00 00 00 00 00 00 00 00 00 00 00 00 00 00 
00 00 00 00 00 00 00 00 00 00 00 00 00 00 00 00 

时间：2013-11-22 15:55:1
功能：心跳处理
类型：接收
用户ID：0
数据包：
e9 03 00 00 00 00 00 00 00 00 00 00 00 00 00 00 
37 00 00 00 00 00 00 00 00 00 00 00 00 00 00 00 
00 00 00 00 00 00 00 00 00 00 00 00 00 00 00 00 
00 00 00 00 00 00 00 00 00 00 00 00 00 00 00 00 

时间：2013-11-22 15:55:2
功能：心跳处理
类型：接收
用户ID：0
数据包：
e9 03 00 00 00 00 00 00 00 00 00 00 00 00 00 00 
37 00 00 00 00 00 00 00 00 00 00 00 00 00 00 00 
00 00 00 00 00 00 00 00 00 00 00 00 00 00 00 00 
00 00 00 00 00 00 00 00 00 00 00 00 00 00 00 00 

时间：2013-11-22 15:56:45
功能：心跳处理
类型：接收
用户ID：0
数据包：
e9 03 00 00 00 00 00 00 00 00 00 00 00 00 00 00 
37 00 00 00 00 00 00 00 00 00 00 00 00 00 00 00 
00 00 00 00 00 00 00 00 00 00 00 00 00 00 00 00 
00 00 00 00 00 00 00 00 00 00 00 00 00 00 00 00 

时间：2013-11-22 15:56:45
功能：视频频道获取
类型：接收
用户ID：0
数据包：
d1 07 00 00 00 00 00 00 00 00 00 00 00 00 00 00 
37 00 00 00 00 00 00 00 00 00 00 00 00 00 00 00 
00 00 00 00 00 00 00 00 00 00 00 00 00 00 00 00 
00 00 00 00 00 00 00 00 00 00 00 00 00 00 00 00 

时间：2013-11-22 15:56:45
功能：视频分类获取
类型：接收
用户ID：0
数据包：
d2 07 00 00 00 00 00 00 00 00 00 00 00 00 00 00 
37 00 00 00 00 00 00 00 00 00 00 00 00 00 00 00 
00 00 00 00 00 00 00 00 00 00 00 00 00 00 00 00 
00 00 00 00 00 00 00 00 00 00 00 00 00 00 00 00 

时间：2013-11-22 15:56:45
功能：视频地区获取
类型：接收
用户ID：0
数据包：
d3 07 00 00 00 00 00 00 00 00 00 00 00 00 00 00 
37 00 00 00 00 00 00 00 00 00 00 00 00 00 00 00 
00 00 00 00 00 00 00 00 00 00 00 00 00 00 00 00 
00 00 00 00 00 00 00 00 00 00 00 00 00 00 00 00 

时间：2013-11-22 15:56:45
功能：视频列表获取
类型：接收
用户ID：0
数据包：
d4 07 00 00 00 00 00 00 00 00 00 00 00 00 00 00 
37 00 00 00 00 00 00 00 00 00 00 00 00 00 00 00 
00 00 00 00 00 00 00 00 00 00 00 00 00 00 00 00 
00 00 00 00 00 00 00 00 00 00 00 00 00 00 00 00 

时间：2013-11-22 15:56:46
功能：心跳处理
类型：接收
用户ID：0
数据包：
e9 03 00 00 00 00 00 00 00 00 00 00 00 00 00 00 
37 00 00 00 00 00 00 00 00 00 00 00 00 00 00 00 
00 00 00 00 00 00 00 00 00 00 00 00 00 00 00 00 
00 00 00 00 00 00 00 00 00 00 00 00 00 00 00 00 

时间：2013-11-22 15:56:47
功能：心跳处理
类型：接收
用户ID：0
数据包：
e9 03 00 00 00 00 00 00 00 00 00 00 00 00 00 00 
37 00 00 00 00 00 00 00 00 00 00 00 00 00 00 00 
00 00 00 00 00 00 00 00 00 00 00 00 00 00 00 00 
00 00 00 00 00 00 00 00 00 00 00 00 00 00 00 00 

时间：2013-11-22 15:56:48
功能：心跳处理
类型：接收
用户ID：0
数据包：
e9 03 00 00 00 00 00 00 00 00 00 00 00 00 00 00 
37 00 00 00 00 00 00 00 00 00 00 00 00 00 00 00 
00 00 00 00 00 00 00 00 00 00 00 00 00 00 00 00 
00 00 00 00 00 00 00 00 00 00 00 00 00 00 00 00 

时间：2013-11-22 15:56:49
功能：心跳处理
类型：接收
用户ID：0
数据包：
e9 03 00 00 00 00 00 00 00 00 00 00 00 00 00 00 
37 00 00 00 00 00 00 00 00 00 00 00 00 00 00 00 
00 00 00 00 00 00 00 00 00 00 00 00 00 00 00 00 
00 00 00 00 00 00 00 00 00 00 00 00 00 00 00 00 

时间：2013-11-22 15:56:50
功能：心跳处理
类型：接收
用户ID：0
数据包：
e9 03 00 00 00 00 00 00 00 00 00 00 00 00 00 00 
37 00 00 00 00 00 00 00 00 00 00 00 00 00 00 00 
00 00 00 00 00 00 00 00 00 00 00 00 00 00 00 00 
00 00 00 00 00 00 00 00 00 00 00 00 00 00 00 00 

时间：2013-11-22 15:56:51
功能：心跳处理
类型：接收
用户ID：0
数据包：
e9 03 00 00 00 00 00 00 00 00 00 00 00 00 00 00 
37 00 00 00 00 00 00 00 00 00 00 00 00 00 00 00 
00 00 00 00 00 00 00 00 00 00 00 00 00 00 00 00 
00 00 00 00 00 00 00 00 00 00 00 00 00 00 00 00 

时间：2013-11-22 16:1:3
功能：心跳处理
类型：接收
用户ID：0
数据包：
e9 03 00 00 00 00 00 00 00 00 00 00 00 00 00 00 
37 00 00 00 00 00 00 00 00 00 00 00 00 00 00 00 
00 00 00 00 00 00 00 00 00 00 00 00 00 00 00 00 
00 00 00 00 00 00 00 00 00 00 00 00 00 00 00 00 

时间：2013-11-22 16:1:3
功能：视频频道获取
类型：接收
用户ID：0
数据包：
d1 07 00 00 00 00 00 00 00 00 00 00 00 00 00 00 
37 00 00 00 00 00 00 00 00 00 00 00 00 00 00 00 
00 00 00 00 00 00 00 00 00 00 00 00 00 00 00 00 
00 00 00 00 00 00 00 00 00 00 00 00 00 00 00 00 

时间：2013-11-22 16:1:3
功能：视频分类获取
类型：接收
用户ID：0
数据包：
d2 07 00 00 00 00 00 00 00 00 00 00 00 00 00 00 
37 00 00 00 00 00 00 00 00 00 00 00 00 00 00 00 
00 00 00 00 00 00 00 00 00 00 00 00 00 00 00 00 
00 00 00 00 00 00 00 00 00 00 00 00 00 00 00 00 

时间：2013-11-22 16:1:3
功能：视频地区获取
类型：接收
用户ID：0
数据包：
d3 07 00 00 00 00 00 00 00 00 00 00 00 00 00 00 
37 00 00 00 00 00 00 00 00 00 00 00 00 00 00 00 
00 00 00 00 00 00 00 00 00 00 00 00 00 00 00 00 
00 00 00 00 00 00 00 00 00 00 00 00 00 00 00 00 

时间：2013-11-22 16:1:3
功能：视频列表获取
类型：接收
用户ID：0
数据包：
d4 07 00 00 00 00 00 00 00 00 00 00 00 00 00 00 
37 00 00 00 00 00 00 00 00 00 00 00 00 00 00 00 
00 00 00 00 00 00 00 00 00 00 00 00 00 00 00 00 
00 00 00 00 00 00 00 00 00 00 00 00 00 00 00 00 

时间：2013-11-22 16:1:4
功能：心跳处理
类型：接收
用户ID：0
数据包：
e9 03 00 00 00 00 00 00 00 00 00 00 00 00 00 00 
37 00 00 00 00 00 00 00 00 00 00 00 00 00 00 00 
00 00 00 00 00 00 00 00 00 00 00 00 00 00 00 00 
00 00 00 00 00 00 00 00 00 00 00 00 00 00 00 00 

时间：2013-11-22 16:1:5
功能：心跳处理
类型：接收
用户ID：0
数据包：
e9 03 00 00 00 00 00 00 00 00 00 00 00 00 00 00 
37 00 00 00 00 00 00 00 00 00 00 00 00 00 00 00 
00 00 00 00 00 00 00 00 00 00 00 00 00 00 00 00 
00 00 00 00 00 00 00 00 00 00 00 00 00 00 00 00 

时间：2013-11-22 16:1:6
功能：心跳处理
类型：接收
用户ID：0
数据包：
e9 03 00 00 00 00 00 00 00 00 00 00 00 00 00 00 
37 00 00 00 00 00 00 00 00 00 00 00 00 00 00 00 
00 00 00 00 00 00 00 00 00 00 00 00 00 00 00 00 
00 00 00 00 00 00 00 00 00 00 00 00 00 00 00 00 

时间：2013-11-22 16:1:7
功能：心跳处理
类型：接收
用户ID：0
数据包：
e9 03 00 00 00 00 00 00 00 00 00 00 00 00 00 00 
37 00 00 00 00 00 00 00 00 00 00 00 00 00 00 00 
00 00 00 00 00 00 00 00 00 00 00 00 00 00 00 00 
00 00 00 00 00 00 00 00 00 00 00 00 00 00 00 00 

时间：2013-11-22 16:1:9
功能：心跳处理
类型：接收
用户ID：0
数据包：
e9 03 00 00 00 00 00 00 00 00 00 00 00 00 00 00 
37 00 00 00 00 00 00 00 00 00 00 00 00 00 00 00 
00 00 00 00 00 00 00 00 00 00 00 00 00 00 00 00 
00 00 00 00 00 00 00 00 00 00 00 00 00 00 00 00 

时间：2013-11-22 16:1:9
功能：视频频道获取
类型：接收
用户ID：0
数据包：
d1 07 00 00 00 00 00 00 00 00 00 00 00 00 00 00 
37 00 00 00 00 00 00 00 00 00 00 00 00 00 00 00 
00 00 00 00 00 00 00 00 00 00 00 00 00 00 00 00 
00 00 00 00 00 00 00 00 00 00 00 00 00 00 00 00 

时间：2013-11-22 16:1:9
功能：视频分类获取
类型：接收
用户ID：0
数据包：
d2 07 00 00 00 00 00 00 00 00 00 00 00 00 00 00 
37 00 00 00 00 00 00 00 00 00 00 00 00 00 00 00 
00 00 00 00 00 00 00 00 00 00 00 00 00 00 00 00 
00 00 00 00 00 00 00 00 00 00 00 00 00 00 00 00 

时间：2013-11-22 16:1:9
功能：视频地区获取
类型：接收
用户ID：0
数据包：
d3 07 00 00 00 00 00 00 00 00 00 00 00 00 00 00 
37 00 00 00 00 00 00 00 00 00 00 00 00 00 00 00 
00 00 00 00 00 00 00 00 00 00 00 00 00 00 00 00 
00 00 00 00 00 00 00 00 00 00 00 00 00 00 00 00 

时间：2013-11-22 16:1:9
功能：视频列表获取
类型：接收
用户ID：0
数据包：
d4 07 00 00 00 00 00 00 00 00 00 00 00 00 00 00 
37 00 00 00 00 00 00 00 00 00 00 00 00 00 00 00 
00 00 00 00 00 00 00 00 00 00 00 00 00 00 00 00 
00 00 00 00 00 00 00 00 00 00 00 00 00 00 00 00 

时间：2013-11-22 16:1:10
功能：心跳处理
类型：接收
用户ID：0
数据包：
e9 03 00 00 00 00 00 00 00 00 00 00 00 00 00 00 
37 00 00 00 00 00 00 00 00 00 00 00 00 00 00 00 
00 00 00 00 00 00 00 00 00 00 00 00 00 00 00 00 
00 00 00 00 00 00 00 00 00 00 00 00 00 00 00 00 

时间：2013-11-22 16:1:11
功能：心跳处理
类型：接收
用户ID：0
数据包：
e9 03 00 00 00 00 00 00 00 00 00 00 00 00 00 00 
37 00 00 00 00 00 00 00 00 00 00 00 00 00 00 00 
00 00 00 00 00 00 00 00 00 00 00 00 00 00 00 00 
00 00 00 00 00 00 00 00 00 00 00 00 00 00 00 00 

时间：2013-11-22 16:1:12
功能：心跳处理
类型：接收
用户ID：0
数据包：
e9 03 00 00 00 00 00 00 00 00 00 00 00 00 00 00 
37 00 00 00 00 00 00 00 00 00 00 00 00 00 00 00 
00 00 00 00 00 00 00 00 00 00 00 00 00 00 00 00 
00 00 00 00 00 00 00 00 00 00 00 00 00 00 00 00 

时间：2013-11-22 16:1:13
功能：心跳处理
类型：接收
用户ID：0
数据包：
e9 03 00 00 00 00 00 00 00 00 00 00 00 00 00 00 
37 00 00 00 00 00 00 00 00 00 00 00 00 00 00 00 
00 00 00 00 00 00 00 00 00 00 00 00 00 00 00 00 
00 00 00 00 00 00 00 00 00 00 00 00 00 00 00 00 

时间：2013-11-22 16:1:14
功能：心跳处理
类型：接收
用户ID：0
数据包：
e9 03 00 00 00 00 00 00 00 00 00 00 00 00 00 00 
37 00 00 00 00 00 00 00 00 00 00 00 00 00 00 00 
00 00 00 00 00 00 00 00 00 00 00 00 00 00 00 00 
00 00 00 00 00 00 00 00 00 00 00 00 00 00 00 00 

时间：2013-11-22 16:1:15
功能：心跳处理
类型：接收
用户ID：0
数据包：
e9 03 00 00 00 00 00 00 00 00 00 00 00 00 00 00 
37 00 00 00 00 00 00 00 00 00 00 00 00 00 00 00 
00 00 00 00 00 00 00 00 00 00 00 00 00 00 00 00 
00 00 00 00 00 00 00 00 00 00 00 00 00 00 00 00 

时间：2013-11-22 16:1:16
功能：心跳处理
类型：接收
用户ID：0
数据包：
e9 03 00 00 00 00 00 00 00 00 00 00 00 00 00 00 
37 00 00 00 00 00 00 00 00 00 00 00 00 00 00 00 
00 00 00 00 00 00 00 00 00 00 00 00 00 00 00 00 
00 00 00 00 00 00 00 00 00 00 00 00 00 00 00 00 

时间：2013-11-22 16:1:17
功能：心跳处理
类型：接收
用户ID：0
数据包：
e9 03 00 00 00 00 00 00 00 00 00 00 00 00 00 00 
37 00 00 00 00 00 00 00 00 00 00 00 00 00 00 00 
00 00 00 00 00 00 00 00 00 00 00 00 00 00 00 00 
00 00 00 00 00 00 00 00 00 00 00 00 00 00 00 00 

时间：2013-11-22 16:1:18
功能：心跳处理
类型：接收
用户ID：0
数据包：
e9 03 00 00 00 00 00 00 00 00 00 00 00 00 00 00 
37 00 00 00 00 00 00 00 00 00 00 00 00 00 00 00 
00 00 00 00 00 00 00 00 00 00 00 00 00 00 00 00 
00 00 00 00 00 00 00 00 00 00 00 00 00 00 00 00 

时间：2013-11-22 16:1:19
功能：心跳处理
类型：接收
用户ID：0
数据包：
e9 03 00 00 00 00 00 00 00 00 00 00 00 00 00 00 
37 00 00 00 00 00 00 00 00 00 00 00 00 00 00 00 
00 00 00 00 00 00 00 00 00 00 00 00 00 00 00 00 
00 00 00 00 00 00 00 00 00 00 00 00 00 00 00 00 

时间：2013-11-22 16:1:20
功能：心跳处理
类型：接收
用户ID：0
数据包：
e9 03 00 00 00 00 00 00 00 00 00 00 00 00 00 00 
37 00 00 00 00 00 00 00 00 00 00 00 00 00 00 00 
00 00 00 00 00 00 00 00 00 00 00 00 00 00 00 00 
00 00 00 00 00 00 00 00 00 00 00 00 00 00 00 00 

时间：2013-11-22 16:1:21
功能：心跳处理
类型：接收
用户ID：0
数据包：
e9 03 00 00 00 00 00 00 00 00 00 00 00 00 00 00 
37 00 00 00 00 00 00 00 00 00 00 00 00 00 00 00 
00 00 00 00 00 00 00 00 00 00 00 00 00 00 00 00 
00 00 00 00 00 00 00 00 00 00 00 00 00 00 00 00 

时间：2013-11-22 16:1:22
功能：心跳处理
类型：接收
用户ID：0
数据包：
e9 03 00 00 00 00 00 00 00 00 00 00 00 00 00 00 
37 00 00 00 00 00 00 00 00 00 00 00 00 00 00 00 
00 00 00 00 00 00 00 00 00 00 00 00 00 00 00 00 
00 00 00 00 00 00 00 00 00 00 00 00 00 00 00 00 

时间：2013-11-22 16:2:51
功能：心跳处理
类型：接收
用户ID：0
数据包：
e9 03 00 00 00 00 00 00 00 00 00 00 00 00 00 00 
37 00 00 00 00 00 00 00 00 00 00 00 00 00 00 00 
00 00 00 00 00 00 00 00 00 00 00 00 00 00 00 00 
00 00 00 00 00 00 00 00 00 00 00 00 00 00 00 00 

时间：2013-11-22 16:2:51
功能：视频频道获取
类型：接收
用户ID：0
数据包：
d1 07 00 00 00 00 00 00 00 00 00 00 00 00 00 00 
37 00 00 00 00 00 00 00 00 00 00 00 00 00 00 00 
00 00 00 00 00 00 00 00 00 00 00 00 00 00 00 00 
00 00 00 00 00 00 00 00 00 00 00 00 00 00 00 00 

时间：2013-11-22 16:2:51
功能：视频分类获取
类型：接收
用户ID：0
数据包：
d2 07 00 00 00 00 00 00 00 00 00 00 00 00 00 00 
37 00 00 00 00 00 00 00 00 00 00 00 00 00 00 00 
00 00 00 00 00 00 00 00 00 00 00 00 00 00 00 00 
00 00 00 00 00 00 00 00 00 00 00 00 00 00 00 00 

时间：2013-11-22 16:2:51
功能：视频地区获取
类型：接收
用户ID：0
数据包：
d3 07 00 00 00 00 00 00 00 00 00 00 00 00 00 00 
37 00 00 00 00 00 00 00 00 00 00 00 00 00 00 00 
00 00 00 00 00 00 00 00 00 00 00 00 00 00 00 00 
00 00 00 00 00 00 00 00 00 00 00 00 00 00 00 00 

时间：2013-11-22 16:2:51
功能：视频列表获取
类型：接收
用户ID：0
数据包：
d4 07 00 00 00 00 00 00 00 00 00 00 00 00 00 00 
37 00 00 00 00 00 00 00 00 00 00 00 00 00 00 00 
00 00 00 00 00 00 00 00 00 00 00 00 00 00 00 00 
00 00 00 00 00 00 00 00 00 00 00 00 00 00 00 00 

时间：2013-11-22 16:2:52
功能：心跳处理
类型：接收
用户ID：0
数据包：
e9 03 00 00 00 00 00 00 00 00 00 00 00 00 00 00 
37 00 00 00 00 00 00 00 00 00 00 00 00 00 00 00 
00 00 00 00 00 00 00 00 00 00 00 00 00 00 00 00 
00 00 00 00 00 00 00 00 00 00 00 00 00 00 00 00 

时间：2013-11-22 16:2:53
功能：心跳处理
类型：接收
用户ID：0
数据包：
e9 03 00 00 00 00 00 00 00 00 00 00 00 00 00 00 
37 00 00 00 00 00 00 00 00 00 00 00 00 00 00 00 
00 00 00 00 00 00 00 00 00 00 00 00 00 00 00 00 
00 00 00 00 00 00 00 00 00 00 00 00 00 00 00 00 

时间：2013-11-22 16:2:54
功能：心跳处理
类型：接收
用户ID：0
数据包：
e9 03 00 00 00 00 00 00 00 00 00 00 00 00 00 00 
37 00 00 00 00 00 00 00 00 00 00 00 00 00 00 00 
00 00 00 00 00 00 00 00 00 00 00 00 00 00 00 00 
00 00 00 00 00 00 00 00 00 00 00 00 00 00 00 00 

时间：2013-11-22 16:3:56
功能：心跳处理
类型：接收
用户ID：0
数据包：
e9 03 00 00 00 00 00 00 00 00 00 00 00 00 00 00 
37 00 00 00 00 00 00 00 00 00 00 00 00 00 00 00 
00 00 00 00 00 00 00 00 00 00 00 00 00 00 00 00 
00 00 00 00 00 00 00 00 00 00 00 00 00 00 00 00 

时间：2013-11-22 16:3:56
功能：视频频道获取
类型：接收
用户ID：0
数据包：
d1 07 00 00 00 00 00 00 00 00 00 00 00 00 00 00 
37 00 00 00 00 00 00 00 00 00 00 00 00 00 00 00 
00 00 00 00 00 00 00 00 00 00 00 00 00 00 00 00 
00 00 00 00 00 00 00 00 00 00 00 00 00 00 00 00 

时间：2013-11-22 16:3:56
功能：视频分类获取
类型：接收
用户ID：0
数据包：
d2 07 00 00 00 00 00 00 00 00 00 00 00 00 00 00 
37 00 00 00 00 00 00 00 00 00 00 00 00 00 00 00 
00 00 00 00 00 00 00 00 00 00 00 00 00 00 00 00 
00 00 00 00 00 00 00 00 00 00 00 00 00 00 00 00 

时间：2013-11-22 16:3:56
功能：视频地区获取
类型：接收
用户ID：0
数据包：
d3 07 00 00 00 00 00 00 00 00 00 00 00 00 00 00 
37 00 00 00 00 00 00 00 00 00 00 00 00 00 00 00 
00 00 00 00 00 00 00 00 00 00 00 00 00 00 00 00 
00 00 00 00 00 00 00 00 00 00 00 00 00 00 00 00 

时间：2013-11-22 16:3:56
功能：视频列表获取
类型：接收
用户ID：0
数据包：
d4 07 00 00 00 00 00 00 00 00 00 00 00 00 00 00 
37 00 00 00 00 00 00 00 00 00 00 00 00 00 00 00 
00 00 00 00 00 00 00 00 00 00 00 00 00 00 00 00 
00 00 00 00 00 00 00 00 00 00 00 00 00 00 00 00 

时间：2013-11-22 16:3:57
功能：心跳处理
类型：接收
用户ID：0
数据包：
e9 03 00 00 00 00 00 00 00 00 00 00 00 00 00 00 
37 00 00 00 00 00 00 00 00 00 00 00 00 00 00 00 
00 00 00 00 00 00 00 00 00 00 00 00 00 00 00 00 
00 00 00 00 00 00 00 00 00 00 00 00 00 00 00 00 

时间：2013-11-22 16:3:58
功能：心跳处理
类型：接收
用户ID：0
数据包：
e9 03 00 00 00 00 00 00 00 00 00 00 00 00 00 00 
37 00 00 00 00 00 00 00 00 00 00 00 00 00 00 00 
00 00 00 00 00 00 00 00 00 00 00 00 00 00 00 00 
00 00 00 00 00 00 00 00 00 00 00 00 00 00 00 00 

时间：2013-11-22 16:3:59
功能：心跳处理
类型：接收
用户ID：0
数据包：
e9 03 00 00 00 00 00 00 00 00 00 00 00 00 00 00 
37 00 00 00 00 00 00 00 00 00 00 00 00 00 00 00 
00 00 00 00 00 00 00 00 00 00 00 00 00 00 00 00 
00 00 00 00 00 00 00 00 00 00 00 00 00 00 00 00 

时间：2013-11-22 16:4:0
功能：心跳处理
类型：接收
用户ID：0
数据包：
e9 03 00 00 00 00 00 00 00 00 00 00 00 00 00 00 
37 00 00 00 00 00 00 00 00 00 00 00 00 00 00 00 
00 00 00 00 00 00 00 00 00 00 00 00 00 00 00 00 
00 00 00 00 00 00 00 00 00 00 00 00 00 00 00 00 

时间：2013-11-22 16:12:48
功能：心跳处理
类型：接收
用户ID：0
数据包：
e9 03 00 00 00 00 00 00 00 00 00 00 00 00 00 00 
37 00 00 00 00 00 00 00 00 00 00 00 00 00 00 00 
00 00 00 00 00 00 00 00 00 00 00 00 00 00 00 00 
00 00 00 00 00 00 00 00 00 00 00 00 00 00 00 00 

时间：2013-11-22 16:12:48
功能：视频频道获取
类型：接收
用户ID：0
数据包：
d1 07 00 00 00 00 00 00 00 00 00 00 00 00 00 00 
37 00 00 00 00 00 00 00 00 00 00 00 00 00 00 00 
00 00 00 00 00 00 00 00 00 00 00 00 00 00 00 00 
00 00 00 00 00 00 00 00 00 00 00 00 00 00 00 00 

时间：2013-11-22 16:12:48
功能：视频分类获取
类型：接收
用户ID：0
数据包：
d2 07 00 00 00 00 00 00 00 00 00 00 00 00 00 00 
37 00 00 00 00 00 00 00 00 00 00 00 00 00 00 00 
00 00 00 00 00 00 00 00 00 00 00 00 00 00 00 00 
00 00 00 00 00 00 00 00 00 00 00 00 00 00 00 00 

时间：2013-11-22 16:12:48
功能：视频地区获取
类型：接收
用户ID：0
数据包：
d3 07 00 00 00 00 00 00 00 00 00 00 00 00 00 00 
37 00 00 00 00 00 00 00 00 00 00 00 00 00 00 00 
00 00 00 00 00 00 00 00 00 00 00 00 00 00 00 00 
00 00 00 00 00 00 00 00 00 00 00 00 00 00 00 00 

时间：2013-11-22 16:12:48
功能：视频列表获取
类型：接收
用户ID：0
数据包：
d4 07 00 00 00 00 00 00 00 00 00 00 00 00 00 00 
37 00 00 00 00 00 00 00 00 00 00 00 00 00 00 00 
00 00 00 00 00 00 00 00 00 00 00 00 00 00 00 00 
00 00 00 00 00 00 00 00 00 00 00 00 00 00 00 00 

时间：2013-11-22 16:12:49
功能：心跳处理
类型：接收
用户ID：0
数据包：
e9 03 00 00 00 00 00 00 00 00 00 00 00 00 00 00 
37 00 00 00 00 00 00 00 00 00 00 00 00 00 00 00 
00 00 00 00 00 00 00 00 00 00 00 00 00 00 00 00 
00 00 00 00 00 00 00 00 00 00 00 00 00 00 00 00 

时间：2013-11-22 16:12:50
功能：心跳处理
类型：接收
用户ID：0
数据包：
e9 03 00 00 00 00 00 00 00 00 00 00 00 00 00 00 
37 00 00 00 00 00 00 00 00 00 00 00 00 00 00 00 
00 00 00 00 00 00 00 00 00 00 00 00 00 00 00 00 
00 00 00 00 00 00 00 00 00 00 00 00 00 00 00 00 

时间：2013-11-22 16:12:51
功能：心跳处理
类型：接收
用户ID：0
数据包：
e9 03 00 00 00 00 00 00 00 00 00 00 00 00 00 00 
37 00 00 00 00 00 00 00 00 00 00 00 00 00 00 00 
00 00 00 00 00 00 00 00 00 00 00 00 00 00 00 00 
00 00 00 00 00 00 00 00 00 00 00 00 00 00 00 00 

时间：2013-11-22 16:12:52
功能：心跳处理
类型：接收
用户ID：0
数据包：
e9 03 00 00 00 00 00 00 00 00 00 00 00 00 00 00 
37 00 00 00 00 00 00 00 00 00 00 00 00 00 00 00 
00 00 00 00 00 00 00 00 00 00 00 00 00 00 00 00 
00 00 00 00 00 00 00 00 00 00 00 00 00 00 00 00 

时间：2013-11-22 16:12:53
功能：心跳处理
类型：接收
用户ID：0
数据包：
e9 03 00 00 00 00 00 00 00 00 00 00 00 00 00 00 
37 00 00 00 00 00 00 00 00 00 00 00 00 00 00 00 
00 00 00 00 00 00 00 00 00 00 00 00 00 00 00 00 
00 00 00 00 00 00 00 00 00 00 00 00 00 00 00 00 

时间：2013-11-22 16:12:54
功能：心跳处理
类型：接收
用户ID：0
数据包：
e9 03 00 00 00 00 00 00 00 00 00 00 00 00 00 00 
37 00 00 00 00 00 00 00 00 00 00 00 00 00 00 00 
00 00 00 00 00 00 00 00 00 00 00 00 00 00 00 00 
00 00 00 00 00 00 00 00 00 00 00 00 00 00 00 00 

时间：2013-11-22 16:12:55
功能：心跳处理
类型：接收
用户ID：0
数据包：
e9 03 00 00 00 00 00 00 00 00 00 00 00 00 00 00 
37 00 00 00 00 00 00 00 00 00 00 00 00 00 00 00 
00 00 00 00 00 00 00 00 00 00 00 00 00 00 00 00 
00 00 00 00 00 00 00 00 00 00 00 00 00 00 00 00 

时间：2013-11-22 22:23:56
功能：心跳处理
类型：接收
用户ID：0
数据包：
e9 03 00 00 00 00 00 00 00 00 00 00 00 00 00 00 
37 00 00 00 00 00 00 00 00 00 00 00 00 00 00 00 
00 00 00 00 00 00 00 00 00 00 00 00 00 00 00 00 
00 00 00 00 00 00 00 00 00 00 00 00 00 00 00 00 

时间：2013-11-22 22:23:57
功能：心跳处理
类型：接收
用户ID：0
数据包：
e9 03 00 00 00 00 00 00 00 00 00 00 00 00 00 00 
37 00 00 00 00 00 00 00 00 00 00 00 00 00 00 00 
00 00 00 00 00 00 00 00 00 00 00 00 00 00 00 00 
00 00 00 00 00 00 00 00 00 00 00 00 00 00 00 00 

时间：2013-11-22 22:23:58
功能：心跳处理
类型：接收
用户ID：0
数据包：
e9 03 00 00 00 00 00 00 00 00 00 00 00 00 00 00 
37 00 00 00 00 00 00 00 00 00 00 00 00 00 00 00 
00 00 00 00 00 00 00 00 00 00 00 00 00 00 00 00 
00 00 00 00 00 00 00 00 00 00 00 00 00 00 00 00 

时间：2013-11-22 22:23:59
功能：心跳处理
类型：接收
用户ID：0
数据包：
e9 03 00 00 00 00 00 00 00 00 00 00 00 00 00 00 
37 00 00 00 00 00 00 00 00 00 00 00 00 00 00 00 
00 00 00 00 00 00 00 00 00 00 00 00 00 00 00 00 
00 00 00 00 00 00 00 00 00 00 00 00 00 00 00 00 

时间：2013-11-22 22:24:0
功能：心跳处理
类型：接收
用户ID：0
数据包：
e9 03 00 00 00 00 00 00 00 00 00 00 00 00 00 00 
37 00 00 00 00 00 00 00 00 00 00 00 00 00 00 00 
00 00 00 00 00 00 00 00 00 00 00 00 00 00 00 00 
00 00 00 00 00 00 00 00 00 00 00 00 00 00 00 00 

时间：2013-11-22 22:24:1
功能：心跳处理
类型：接收
用户ID：0
数据包：
e9 03 00 00 00 00 00 00 00 00 00 00 00 00 00 00 
37 00 00 00 00 00 00 00 00 00 00 00 00 00 00 00 
00 00 00 00 00 00 00 00 00 00 00 00 00 00 00 00 
00 00 00 00 00 00 00 00 00 00 00 00 00 00 00 00 

时间：2013-11-22 22:24:2
功能：心跳处理
类型：接收
用户ID：0
数据包：
e9 03 00 00 00 00 00 00 00 00 00 00 00 00 00 00 
37 00 00 00 00 00 00 00 00 00 00 00 00 00 00 00 
00 00 00 00 00 00 00 00 00 00 00 00 00 00 00 00 
00 00 00 00 00 00 00 00 00 00 00 00 00 00 00 00 

时间：2013-11-22 22:24:3
功能：心跳处理
类型：接收
用户ID：0
数据包：
e9 03 00 00 00 00 00 00 00 00 00 00 00 00 00 00 
37 00 00 00 00 00 00 00 00 00 00 00 00 00 00 00 
00 00 00 00 00 00 00 00 00 00 00 00 00 00 00 00 
00 00 00 00 00 00 00 00 00 00 00 00 00 00 00 00 

时间：2013-11-22 23:55:45
功能：视频地区获取
类型：接收
用户ID：0
数据包：
d3 07 00 00 00 00 00 00 00 00 00 00 00 00 00 00 
37 00 00 00 00 00 00 00 00 00 00 00 00 00 00 00 
00 00 00 00 00 00 00 00 00 00 00 00 00 00 00 00 
00 00 00 00 00 00 00 00 00 00 00 00 00 00 00 00 

时间：2013-11-22 23:57:7
功能：视频地区获取
类型：接收
用户ID：0
数据包：
d3 07 00 00 00 00 00 00 00 00 00 00 00 00 00 00 
37 00 00 00 00 00 00 00 00 00 00 00 00 00 00 00 
00 00 00 00 00 00 00 00 00 00 00 00 00 00 00 00 
00 00 00 00 00 00 00 00 00 00 00 00 00 00 00 00 
