
时间：2013-12-3 12:5:7
功能：心跳处理
类型：接收
客户端FD：7
数据包：
e9 03 00 00 00 00 00 00 00 00 00 00 00 00 00 00 
37 00 00 00 00 00 00 00 00 00 00 00 00 00 00 00 
00 00 00 00 00 00 00 00 00 00 00 00 00 00 00 00 
00 00 00 00 00 00 00 00 00 00 00 00 00 00 00 00 

时间：2013-12-3 12:5:7
功能：视频频道获取
类型：接收
用户ID：0
数据包：
d1 07 00 00 00 00 00 00 00 00 00 00 02 00 00 00 
37 00 00 00 00 00 00 00 00 00 00 00 00 00 00 00 
00 00 00 00 00 00 00 00 00 00 00 00 00 00 00 00 
00 00 00 00 00 00 00 00 00 00 00 00 00 00 00 00 

时间：2013-12-3 12:5:7
功能：视频分类获取
类型：接收
用户ID：0
数据包：
d2 07 00 00 00 00 00 00 00 00 00 00 02 00 00 00 
37 00 00 00 00 00 00 00 00 00 00 00 00 00 00 00 
00 00 00 00 00 00 00 00 00 00 00 00 00 00 00 00 
00 00 00 00 00 00 00 00 00 00 00 00 00 00 00 00 

时间：2013-12-3 12:5:7
功能：视频地区获取
类型：接收
用户ID：0
数据包：
d3 07 00 00 00 00 00 00 00 00 00 00 02 00 00 00 
37 00 00 00 00 00 00 00 00 00 00 00 00 00 00 00 
00 00 00 00 00 00 00 00 00 00 00 00 00 00 00 00 
00 00 00 00 00 00 00 00 00 00 00 00 00 00 00 00 

时间：2013-12-3 12:5:7
功能：视频列表获取
类型：接收
用户ID：0
数据包：
d4 07 00 00 00 00 00 00 00 00 00 00 02 00 00 00 
37 00 00 00 00 00 00 00 00 00 00 00 00 00 00 00 
00 00 00 00 00 00 00 00 00 00 00 00 00 00 00 00 
00 00 00 00 00 00 00 00 00 00 00 00 00 00 00 00 

时间：2013-12-3 12:5:8
功能：心跳处理
类型：接收
客户端FD：7
数据包：
e9 03 00 00 00 00 00 00 00 00 00 00 00 00 00 00 
37 00 00 00 00 00 00 00 00 00 00 00 00 00 00 00 
00 00 00 00 00 00 00 00 00 00 00 00 00 00 00 00 
00 00 00 00 00 00 00 00 00 00 00 00 00 00 00 00 

时间：2013-12-3 12:5:20
功能：心跳处理
类型：接收
客户端FD：7
数据包：
e9 03 00 00 00 00 00 00 00 00 00 00 00 00 00 00 
37 00 00 00 00 00 00 00 00 00 00 00 00 00 00 00 
00 00 00 00 00 00 00 00 00 00 00 00 00 00 00 00 
00 00 00 00 00 00 00 00 00 00 00 00 00 00 00 00 

时间：2013-12-3 12:5:20
功能：视频频道获取
类型：接收
用户ID：0
数据包：
d1 07 00 00 00 00 00 00 00 00 00 00 02 00 00 00 
37 00 00 00 00 00 00 00 00 00 00 00 00 00 00 00 
00 00 00 00 00 00 00 00 00 00 00 00 00 00 00 00 
00 00 00 00 00 00 00 00 00 00 00 00 00 00 00 00 

时间：2013-12-3 12:5:20
功能：视频分类获取
类型：接收
用户ID：0
数据包：
d2 07 00 00 00 00 00 00 00 00 00 00 02 00 00 00 
37 00 00 00 00 00 00 00 00 00 00 00 00 00 00 00 
00 00 00 00 00 00 00 00 00 00 00 00 00 00 00 00 
00 00 00 00 00 00 00 00 00 00 00 00 00 00 00 00 

时间：2013-12-3 12:5:20
功能：视频地区获取
类型：接收
用户ID：0
数据包：
d3 07 00 00 00 00 00 00 00 00 00 00 02 00 00 00 
37 00 00 00 00 00 00 00 00 00 00 00 00 00 00 00 
00 00 00 00 00 00 00 00 00 00 00 00 00 00 00 00 
00 00 00 00 00 00 00 00 00 00 00 00 00 00 00 00 

时间：2013-12-3 12:5:20
功能：视频列表获取
类型：接收
用户ID：0
数据包：
d4 07 00 00 00 00 00 00 00 00 00 00 02 00 00 00 
37 00 00 00 00 00 00 00 00 00 00 00 00 00 00 00 
00 00 00 00 00 00 00 00 00 00 00 00 00 00 00 00 
00 00 00 00 00 00 00 00 00 00 00 00 00 00 00 00 

时间：2013-12-3 12:5:21
功能：心跳处理
类型：接收
客户端FD：7
数据包：
e9 03 00 00 00 00 00 00 00 00 00 00 00 00 00 00 
37 00 00 00 00 00 00 00 00 00 00 00 00 00 00 00 
00 00 00 00 00 00 00 00 00 00 00 00 00 00 00 00 
00 00 00 00 00 00 00 00 00 00 00 00 00 00 00 00 

时间：2013-12-3 12:5:22
功能：心跳处理
类型：接收
客户端FD：7
数据包：
e9 03 00 00 00 00 00 00 00 00 00 00 00 00 00 00 
37 00 00 00 00 00 00 00 00 00 00 00 00 00 00 00 
00 00 00 00 00 00 00 00 00 00 00 00 00 00 00 00 
00 00 00 00 00 00 00 00 00 00 00 00 00 00 00 00 

时间：2013-12-3 12:5:23
功能：心跳处理
类型：接收
客户端FD：7
数据包：
e9 03 00 00 00 00 00 00 00 00 00 00 00 00 00 00 
37 00 00 00 00 00 00 00 00 00 00 00 00 00 00 00 
00 00 00 00 00 00 00 00 00 00 00 00 00 00 00 00 
00 00 00 00 00 00 00 00 00 00 00 00 00 00 00 00 

时间：2013-12-3 12:9:47
功能：心跳处理
类型：接收
客户端FD：7
数据包：
e9 03 00 00 00 00 00 00 00 00 00 00 00 00 00 00 
37 00 00 00 00 00 00 00 00 00 00 00 00 00 00 00 
00 00 00 00 00 00 00 00 00 00 00 00 00 00 00 00 
00 00 00 00 00 00 00 00 00 00 00 00 00 00 00 00 

时间：2013-12-3 12:9:47
功能：视频频道获取
类型：接收
用户ID：0
数据包：
d1 07 00 00 00 00 00 00 00 00 00 00 02 00 00 00 
37 00 00 00 00 00 00 00 00 00 00 00 00 00 00 00 
00 00 00 00 00 00 00 00 00 00 00 00 00 00 00 00 
00 00 00 00 00 00 00 00 00 00 00 00 00 00 00 00 

时间：2013-12-3 12:9:47
功能：视频分类获取
类型：接收
用户ID：0
数据包：
d2 07 00 00 00 00 00 00 00 00 00 00 02 00 00 00 
37 00 00 00 00 00 00 00 00 00 00 00 00 00 00 00 
00 00 00 00 00 00 00 00 00 00 00 00 00 00 00 00 
00 00 00 00 00 00 00 00 00 00 00 00 00 00 00 00 

时间：2013-12-3 12:9:47
功能：视频地区获取
类型：接收
用户ID：0
数据包：
d3 07 00 00 00 00 00 00 00 00 00 00 02 00 00 00 
37 00 00 00 00 00 00 00 00 00 00 00 00 00 00 00 
00 00 00 00 00 00 00 00 00 00 00 00 00 00 00 00 
00 00 00 00 00 00 00 00 00 00 00 00 00 00 00 00 

时间：2013-12-3 12:9:47
功能：视频列表获取
类型：接收
用户ID：0
数据包：
d4 07 00 00 00 00 00 00 00 00 00 00 02 00 00 00 
37 00 00 00 00 00 00 00 00 00 00 00 00 00 00 00 
00 00 00 00 00 00 00 00 00 00 00 00 00 00 00 00 
00 00 00 00 00 00 00 00 00 00 00 00 00 00 00 00 

时间：2013-12-3 12:9:48
功能：心跳处理
类型：接收
客户端FD：7
数据包：
e9 03 00 00 00 00 00 00 00 00 00 00 00 00 00 00 
37 00 00 00 00 00 00 00 00 00 00 00 00 00 00 00 
00 00 00 00 00 00 00 00 00 00 00 00 00 00 00 00 
00 00 00 00 00 00 00 00 00 00 00 00 00 00 00 00 

时间：2013-12-3 12:13:34
功能：心跳处理
类型：接收
客户端FD：7
数据包：
e9 03 00 00 00 00 00 00 00 00 00 00 00 00 00 00 
37 00 00 00 00 00 00 00 00 00 00 00 00 00 00 00 
00 00 00 00 00 00 00 00 00 00 00 00 00 00 00 00 
00 00 00 00 00 00 00 00 00 00 00 00 00 00 00 00 

时间：2013-12-3 12:13:34
功能：视频频道获取
类型：接收
用户ID：0
数据包：
d1 07 00 00 00 00 00 00 00 00 00 00 02 00 00 00 
37 00 00 00 00 00 00 00 00 00 00 00 00 00 00 00 
00 00 00 00 00 00 00 00 00 00 00 00 00 00 00 00 
00 00 00 00 00 00 00 00 00 00 00 00 00 00 00 00 

时间：2013-12-3 12:13:34
功能：视频分类获取
类型：接收
用户ID：0
数据包：
d2 07 00 00 00 00 00 00 00 00 00 00 02 00 00 00 
37 00 00 00 00 00 00 00 00 00 00 00 00 00 00 00 
00 00 00 00 00 00 00 00 00 00 00 00 00 00 00 00 
00 00 00 00 00 00 00 00 00 00 00 00 00 00 00 00 

时间：2013-12-3 12:13:34
功能：视频地区获取
类型：接收
用户ID：0
数据包：
d3 07 00 00 00 00 00 00 00 00 00 00 02 00 00 00 
37 00 00 00 00 00 00 00 00 00 00 00 00 00 00 00 
00 00 00 00 00 00 00 00 00 00 00 00 00 00 00 00 
00 00 00 00 00 00 00 00 00 00 00 00 00 00 00 00 

时间：2013-12-3 12:13:34
功能：视频列表获取
类型：接收
用户ID：0
数据包：
d4 07 00 00 00 00 00 00 00 00 00 00 02 00 00 00 
37 00 00 00 00 00 00 00 00 00 00 00 00 00 00 00 
00 00 00 00 00 00 00 00 00 00 00 00 00 00 00 00 
00 00 00 00 00 00 00 00 00 00 00 00 00 00 00 00 

时间：2013-12-3 12:14:10
功能：心跳处理
类型：接收
客户端FD：7
数据包：
e9 03 00 00 00 00 00 00 00 00 00 00 00 00 00 00 
37 00 00 00 00 00 00 00 00 00 00 00 00 00 00 00 
00 00 00 00 00 00 00 00 00 00 00 00 00 00 00 00 
00 00 00 00 00 00 00 00 00 00 00 00 00 00 00 00 

时间：2013-12-3 12:14:10
功能：视频频道获取
类型：接收
用户ID：0
数据包：
d1 07 00 00 00 00 00 00 00 00 00 00 02 00 00 00 
37 00 00 00 00 00 00 00 00 00 00 00 00 00 00 00 
00 00 00 00 00 00 00 00 00 00 00 00 00 00 00 00 
00 00 00 00 00 00 00 00 00 00 00 00 00 00 00 00 

时间：2013-12-3 12:14:10
功能：视频分类获取
类型：接收
用户ID：0
数据包：
d2 07 00 00 00 00 00 00 00 00 00 00 02 00 00 00 
37 00 00 00 00 00 00 00 00 00 00 00 00 00 00 00 
00 00 00 00 00 00 00 00 00 00 00 00 00 00 00 00 
00 00 00 00 00 00 00 00 00 00 00 00 00 00 00 00 

时间：2013-12-3 12:14:10
功能：视频地区获取
类型：接收
用户ID：0
数据包：
d3 07 00 00 00 00 00 00 00 00 00 00 02 00 00 00 
37 00 00 00 00 00 00 00 00 00 00 00 00 00 00 00 
00 00 00 00 00 00 00 00 00 00 00 00 00 00 00 00 
00 00 00 00 00 00 00 00 00 00 00 00 00 00 00 00 

时间：2013-12-3 12:14:10
功能：视频列表获取
类型：接收
用户ID：0
数据包：
d4 07 00 00 00 00 00 00 00 00 00 00 02 00 00 00 
37 00 00 00 00 00 00 00 00 00 00 00 00 00 00 00 
00 00 00 00 00 00 00 00 00 00 00 00 00 00 00 00 
00 00 00 00 00 00 00 00 00 00 00 00 00 00 00 00 

时间：2013-12-3 12:14:11
功能：心跳处理
类型：接收
客户端FD：7
数据包：
e9 03 00 00 00 00 00 00 00 00 00 00 00 00 00 00 
37 00 00 00 00 00 00 00 00 00 00 00 00 00 00 00 
00 00 00 00 00 00 00 00 00 00 00 00 00 00 00 00 
00 00 00 00 00 00 00 00 00 00 00 00 00 00 00 00 

时间：2013-12-3 12:14:12
功能：心跳处理
类型：接收
客户端FD：7
数据包：
e9 03 00 00 00 00 00 00 00 00 00 00 00 00 00 00 
37 00 00 00 00 00 00 00 00 00 00 00 00 00 00 00 
00 00 00 00 00 00 00 00 00 00 00 00 00 00 00 00 
00 00 00 00 00 00 00 00 00 00 00 00 00 00 00 00 

时间：2013-12-3 12:16:19
功能：心跳处理
类型：接收
客户端FD：7
数据包：
e9 03 00 00 00 00 00 00 00 00 00 00 00 00 00 00 
37 00 00 00 00 00 00 00 00 00 00 00 00 00 00 00 
00 00 00 00 00 00 00 00 00 00 00 00 00 00 00 00 
00 00 00 00 00 00 00 00 00 00 00 00 00 00 00 00 

时间：2013-12-3 12:16:19
功能：视频频道获取
类型：接收
用户ID：0
数据包：
d1 07 00 00 00 00 00 00 00 00 00 00 02 00 00 00 
37 00 00 00 00 00 00 00 00 00 00 00 00 00 00 00 
00 00 00 00 00 00 00 00 00 00 00 00 00 00 00 00 
00 00 00 00 00 00 00 00 00 00 00 00 00 00 00 00 

时间：2013-12-3 12:16:19
功能：视频分类获取
类型：接收
用户ID：0
数据包：
d2 07 00 00 00 00 00 00 00 00 00 00 02 00 00 00 
37 00 00 00 00 00 00 00 00 00 00 00 00 00 00 00 
00 00 00 00 00 00 00 00 00 00 00 00 00 00 00 00 
00 00 00 00 00 00 00 00 00 00 00 00 00 00 00 00 

时间：2013-12-3 12:16:19
功能：视频地区获取
类型：接收
用户ID：0
数据包：
d3 07 00 00 00 00 00 00 00 00 00 00 02 00 00 00 
37 00 00 00 00 00 00 00 00 00 00 00 00 00 00 00 
00 00 00 00 00 00 00 00 00 00 00 00 00 00 00 00 
00 00 00 00 00 00 00 00 00 00 00 00 00 00 00 00 

时间：2013-12-3 12:16:19
功能：视频列表获取
类型：接收
用户ID：0
数据包：
d4 07 00 00 00 00 00 00 00 00 00 00 02 00 00 00 
37 00 00 00 00 00 00 00 00 00 00 00 00 00 00 00 
00 00 00 00 00 00 00 00 00 00 00 00 00 00 00 00 
00 00 00 00 00 00 00 00 00 00 00 00 00 00 00 00 
