
时间：2013-11-24 17:14:13
功能：心跳处理
类型：接收
客户端FD：7
数据包：
e9 03 00 00 00 00 00 00 00 00 00 00 00 00 00 00 
37 00 00 00 00 00 00 00 00 00 00 00 00 00 00 00 
00 00 00 00 00 00 00 00 00 00 00 00 00 00 00 00 
00 00 00 00 00 00 00 00 00 00 00 00 00 00 00 00 

时间：2013-11-24 17:14:13
功能：视频频道获取
类型：接收
用户ID：0
数据包：
d1 07 00 00 00 00 00 00 00 00 00 00 00 00 00 00 
37 00 00 00 00 00 00 00 00 00 00 00 00 00 00 00 
00 00 00 00 00 00 00 00 00 00 00 00 00 00 00 00 
00 00 00 00 00 00 00 00 00 00 00 00 00 00 00 00 

时间：2013-11-24 17:14:13
功能：视频分类获取
类型：接收
用户ID：0
数据包：
d2 07 00 00 00 00 00 00 00 00 00 00 00 00 00 00 
37 00 00 00 00 00 00 00 00 00 00 00 00 00 00 00 
00 00 00 00 00 00 00 00 00 00 00 00 00 00 00 00 
00 00 00 00 00 00 00 00 00 00 00 00 00 00 00 00 

时间：2013-11-24 17:14:13
功能：视频地区获取
类型：接收
用户ID：0
数据包：
d3 07 00 00 00 00 00 00 00 00 00 00 00 00 00 00 
37 00 00 00 00 00 00 00 00 00 00 00 00 00 00 00 
00 00 00 00 00 00 00 00 00 00 00 00 00 00 00 00 
00 00 00 00 00 00 00 00 00 00 00 00 00 00 00 00 

时间：2013-11-24 17:14:13
功能：视频列表获取
类型：接收
用户ID：0
数据包：
d4 07 00 00 00 00 00 00 00 00 00 00 00 00 00 00 
37 00 00 00 00 00 00 00 00 00 00 00 00 00 00 00 
00 00 00 00 00 00 00 00 00 00 00 00 00 00 00 00 
00 00 00 00 00 00 00 00 00 00 00 00 00 00 00 00 

时间：2013-11-24 17:14:14
功能：心跳处理
类型：接收
客户端FD：7
数据包：
e9 03 00 00 00 00 00 00 00 00 00 00 00 00 00 00 
37 00 00 00 00 00 00 00 00 00 00 00 00 00 00 00 
00 00 00 00 00 00 00 00 00 00 00 00 00 00 00 00 
00 00 00 00 00 00 00 00 00 00 00 00 00 00 00 00 

时间：2013-11-24 17:14:15
功能：心跳处理
类型：接收
客户端FD：7
数据包：
e9 03 00 00 00 00 00 00 00 00 00 00 00 00 00 00 
37 00 00 00 00 00 00 00 00 00 00 00 00 00 00 00 
00 00 00 00 00 00 00 00 00 00 00 00 00 00 00 00 
00 00 00 00 00 00 00 00 00 00 00 00 00 00 00 00 

时间：2013-11-24 17:14:16
功能：心跳处理
类型：接收
客户端FD：7
数据包：
e9 03 00 00 00 00 00 00 00 00 00 00 00 00 00 00 
37 00 00 00 00 00 00 00 00 00 00 00 00 00 00 00 
00 00 00 00 00 00 00 00 00 00 00 00 00 00 00 00 
00 00 00 00 00 00 00 00 00 00 00 00 00 00 00 00 

时间：2013-11-24 17:14:17
功能：心跳处理
类型：接收
客户端FD：7
数据包：
e9 03 00 00 00 00 00 00 00 00 00 00 00 00 00 00 
37 00 00 00 00 00 00 00 00 00 00 00 00 00 00 00 
00 00 00 00 00 00 00 00 00 00 00 00 00 00 00 00 
00 00 00 00 00 00 00 00 00 00 00 00 00 00 00 00 

时间：2013-11-24 17:14:18
功能：心跳处理
类型：接收
客户端FD：7
数据包：
e9 03 00 00 00 00 00 00 00 00 00 00 00 00 00 00 
37 00 00 00 00 00 00 00 00 00 00 00 00 00 00 00 
00 00 00 00 00 00 00 00 00 00 00 00 00 00 00 00 
00 00 00 00 00 00 00 00 00 00 00 00 00 00 00 00 

时间：2013-11-24 17:14:19
功能：心跳处理
类型：接收
客户端FD：7
数据包：
e9 03 00 00 00 00 00 00 00 00 00 00 00 00 00 00 
37 00 00 00 00 00 00 00 00 00 00 00 00 00 00 00 
00 00 00 00 00 00 00 00 00 00 00 00 00 00 00 00 
00 00 00 00 00 00 00 00 00 00 00 00 00 00 00 00 

时间：2013-11-24 17:14:20
功能：心跳处理
类型：接收
客户端FD：7
数据包：
e9 03 00 00 00 00 00 00 00 00 00 00 00 00 00 00 
37 00 00 00 00 00 00 00 00 00 00 00 00 00 00 00 
00 00 00 00 00 00 00 00 00 00 00 00 00 00 00 00 
00 00 00 00 00 00 00 00 00 00 00 00 00 00 00 00 

时间：2013-11-24 17:14:21
功能：心跳处理
类型：接收
客户端FD：7
数据包：
e9 03 00 00 00 00 00 00 00 00 00 00 00 00 00 00 
37 00 00 00 00 00 00 00 00 00 00 00 00 00 00 00 
00 00 00 00 00 00 00 00 00 00 00 00 00 00 00 00 
00 00 00 00 00 00 00 00 00 00 00 00 00 00 00 00 

时间：2013-11-24 17:14:22
功能：心跳处理
类型：接收
客户端FD：7
数据包：
e9 03 00 00 00 00 00 00 00 00 00 00 00 00 00 00 
37 00 00 00 00 00 00 00 00 00 00 00 00 00 00 00 
00 00 00 00 00 00 00 00 00 00 00 00 00 00 00 00 
00 00 00 00 00 00 00 00 00 00 00 00 00 00 00 00 

时间：2013-11-24 17:14:23
功能：心跳处理
类型：接收
客户端FD：7
数据包：
e9 03 00 00 00 00 00 00 00 00 00 00 00 00 00 00 
37 00 00 00 00 00 00 00 00 00 00 00 00 00 00 00 
00 00 00 00 00 00 00 00 00 00 00 00 00 00 00 00 
00 00 00 00 00 00 00 00 00 00 00 00 00 00 00 00 

时间：2013-11-24 17:14:24
功能：心跳处理
类型：接收
客户端FD：7
数据包：
e9 03 00 00 00 00 00 00 00 00 00 00 00 00 00 00 
37 00 00 00 00 00 00 00 00 00 00 00 00 00 00 00 
00 00 00 00 00 00 00 00 00 00 00 00 00 00 00 00 
00 00 00 00 00 00 00 00 00 00 00 00 00 00 00 00 

时间：2013-11-24 17:14:25
功能：心跳处理
类型：接收
客户端FD：7
数据包：
e9 03 00 00 00 00 00 00 00 00 00 00 00 00 00 00 
37 00 00 00 00 00 00 00 00 00 00 00 00 00 00 00 
00 00 00 00 00 00 00 00 00 00 00 00 00 00 00 00 
00 00 00 00 00 00 00 00 00 00 00 00 00 00 00 00 

时间：2013-11-24 17:14:26
功能：心跳处理
类型：接收
客户端FD：7
数据包：
e9 03 00 00 00 00 00 00 00 00 00 00 00 00 00 00 
37 00 00 00 00 00 00 00 00 00 00 00 00 00 00 00 
00 00 00 00 00 00 00 00 00 00 00 00 00 00 00 00 
00 00 00 00 00 00 00 00 00 00 00 00 00 00 00 00 

时间：2013-11-24 17:14:27
功能：心跳处理
类型：接收
客户端FD：7
数据包：
e9 03 00 00 00 00 00 00 00 00 00 00 00 00 00 00 
37 00 00 00 00 00 00 00 00 00 00 00 00 00 00 00 
00 00 00 00 00 00 00 00 00 00 00 00 00 00 00 00 
00 00 00 00 00 00 00 00 00 00 00 00 00 00 00 00 

时间：2013-11-24 17:14:28
功能：心跳处理
类型：接收
客户端FD：7
数据包：
e9 03 00 00 00 00 00 00 00 00 00 00 00 00 00 00 
37 00 00 00 00 00 00 00 00 00 00 00 00 00 00 00 
00 00 00 00 00 00 00 00 00 00 00 00 00 00 00 00 
00 00 00 00 00 00 00 00 00 00 00 00 00 00 00 00 

时间：2013-11-24 17:14:29
功能：心跳处理
类型：接收
客户端FD：7
数据包：
e9 03 00 00 00 00 00 00 00 00 00 00 00 00 00 00 
37 00 00 00 00 00 00 00 00 00 00 00 00 00 00 00 
00 00 00 00 00 00 00 00 00 00 00 00 00 00 00 00 
00 00 00 00 00 00 00 00 00 00 00 00 00 00 00 00 

时间：2013-11-24 17:14:30
功能：心跳处理
类型：接收
客户端FD：7
数据包：
e9 03 00 00 00 00 00 00 00 00 00 00 00 00 00 00 
37 00 00 00 00 00 00 00 00 00 00 00 00 00 00 00 
00 00 00 00 00 00 00 00 00 00 00 00 00 00 00 00 
00 00 00 00 00 00 00 00 00 00 00 00 00 00 00 00 

时间：2013-11-24 17:14:31
功能：心跳处理
类型：接收
客户端FD：7
数据包：
e9 03 00 00 00 00 00 00 00 00 00 00 00 00 00 00 
37 00 00 00 00 00 00 00 00 00 00 00 00 00 00 00 
00 00 00 00 00 00 00 00 00 00 00 00 00 00 00 00 
00 00 00 00 00 00 00 00 00 00 00 00 00 00 00 00 

时间：2013-11-24 17:14:32
功能：心跳处理
类型：接收
客户端FD：7
数据包：
e9 03 00 00 00 00 00 00 00 00 00 00 00 00 00 00 
37 00 00 00 00 00 00 00 00 00 00 00 00 00 00 00 
00 00 00 00 00 00 00 00 00 00 00 00 00 00 00 00 
00 00 00 00 00 00 00 00 00 00 00 00 00 00 00 00 

时间：2013-11-24 17:14:33
功能：心跳处理
类型：接收
客户端FD：7
数据包：
e9 03 00 00 00 00 00 00 00 00 00 00 00 00 00 00 
37 00 00 00 00 00 00 00 00 00 00 00 00 00 00 00 
00 00 00 00 00 00 00 00 00 00 00 00 00 00 00 00 
00 00 00 00 00 00 00 00 00 00 00 00 00 00 00 00 

时间：2013-11-24 17:14:34
功能：心跳处理
类型：接收
客户端FD：7
数据包：
e9 03 00 00 00 00 00 00 00 00 00 00 00 00 00 00 
37 00 00 00 00 00 00 00 00 00 00 00 00 00 00 00 
00 00 00 00 00 00 00 00 00 00 00 00 00 00 00 00 
00 00 00 00 00 00 00 00 00 00 00 00 00 00 00 00 

时间：2013-11-24 17:14:35
功能：心跳处理
类型：接收
客户端FD：7
数据包：
e9 03 00 00 00 00 00 00 00 00 00 00 00 00 00 00 
37 00 00 00 00 00 00 00 00 00 00 00 00 00 00 00 
00 00 00 00 00 00 00 00 00 00 00 00 00 00 00 00 
00 00 00 00 00 00 00 00 00 00 00 00 00 00 00 00 

时间：2013-11-24 17:14:36
功能：心跳处理
类型：接收
客户端FD：7
数据包：
e9 03 00 00 00 00 00 00 00 00 00 00 00 00 00 00 
37 00 00 00 00 00 00 00 00 00 00 00 00 00 00 00 
00 00 00 00 00 00 00 00 00 00 00 00 00 00 00 00 
00 00 00 00 00 00 00 00 00 00 00 00 00 00 00 00 

时间：2013-11-24 17:14:37
功能：心跳处理
类型：接收
客户端FD：7
数据包：
e9 03 00 00 00 00 00 00 00 00 00 00 00 00 00 00 
37 00 00 00 00 00 00 00 00 00 00 00 00 00 00 00 
00 00 00 00 00 00 00 00 00 00 00 00 00 00 00 00 
00 00 00 00 00 00 00 00 00 00 00 00 00 00 00 00 

时间：2013-11-24 17:14:38
功能：心跳处理
类型：接收
客户端FD：7
数据包：
e9 03 00 00 00 00 00 00 00 00 00 00 00 00 00 00 
37 00 00 00 00 00 00 00 00 00 00 00 00 00 00 00 
00 00 00 00 00 00 00 00 00 00 00 00 00 00 00 00 
00 00 00 00 00 00 00 00 00 00 00 00 00 00 00 00 

时间：2013-11-24 17:14:39
功能：心跳处理
类型：接收
客户端FD：7
数据包：
e9 03 00 00 00 00 00 00 00 00 00 00 00 00 00 00 
37 00 00 00 00 00 00 00 00 00 00 00 00 00 00 00 
00 00 00 00 00 00 00 00 00 00 00 00 00 00 00 00 
00 00 00 00 00 00 00 00 00 00 00 00 00 00 00 00 

时间：2013-11-24 17:14:40
功能：心跳处理
类型：接收
客户端FD：7
数据包：
e9 03 00 00 00 00 00 00 00 00 00 00 00 00 00 00 
37 00 00 00 00 00 00 00 00 00 00 00 00 00 00 00 
00 00 00 00 00 00 00 00 00 00 00 00 00 00 00 00 
00 00 00 00 00 00 00 00 00 00 00 00 00 00 00 00 

时间：2013-11-24 17:14:41
功能：心跳处理
类型：接收
客户端FD：7
数据包：
e9 03 00 00 00 00 00 00 00 00 00 00 00 00 00 00 
37 00 00 00 00 00 00 00 00 00 00 00 00 00 00 00 
00 00 00 00 00 00 00 00 00 00 00 00 00 00 00 00 
00 00 00 00 00 00 00 00 00 00 00 00 00 00 00 00 

时间：2013-11-24 17:14:42
功能：心跳处理
类型：接收
客户端FD：7
数据包：
e9 03 00 00 00 00 00 00 00 00 00 00 00 00 00 00 
37 00 00 00 00 00 00 00 00 00 00 00 00 00 00 00 
00 00 00 00 00 00 00 00 00 00 00 00 00 00 00 00 
00 00 00 00 00 00 00 00 00 00 00 00 00 00 00 00 

时间：2013-11-24 17:14:43
功能：心跳处理
类型：接收
客户端FD：7
数据包：
e9 03 00 00 00 00 00 00 00 00 00 00 00 00 00 00 
37 00 00 00 00 00 00 00 00 00 00 00 00 00 00 00 
00 00 00 00 00 00 00 00 00 00 00 00 00 00 00 00 
00 00 00 00 00 00 00 00 00 00 00 00 00 00 00 00 

时间：2013-11-24 17:14:44
功能：心跳处理
类型：接收
客户端FD：7
数据包：
e9 03 00 00 00 00 00 00 00 00 00 00 00 00 00 00 
37 00 00 00 00 00 00 00 00 00 00 00 00 00 00 00 
00 00 00 00 00 00 00 00 00 00 00 00 00 00 00 00 
00 00 00 00 00 00 00 00 00 00 00 00 00 00 00 00 

时间：2013-11-24 17:14:45
功能：心跳处理
类型：接收
客户端FD：7
数据包：
e9 03 00 00 00 00 00 00 00 00 00 00 00 00 00 00 
37 00 00 00 00 00 00 00 00 00 00 00 00 00 00 00 
00 00 00 00 00 00 00 00 00 00 00 00 00 00 00 00 
00 00 00 00 00 00 00 00 00 00 00 00 00 00 00 00 

时间：2013-11-24 17:14:46
功能：心跳处理
类型：接收
客户端FD：7
数据包：
e9 03 00 00 00 00 00 00 00 00 00 00 00 00 00 00 
37 00 00 00 00 00 00 00 00 00 00 00 00 00 00 00 
00 00 00 00 00 00 00 00 00 00 00 00 00 00 00 00 
00 00 00 00 00 00 00 00 00 00 00 00 00 00 00 00 

时间：2013-11-24 17:14:47
功能：心跳处理
类型：接收
客户端FD：7
数据包：
e9 03 00 00 00 00 00 00 00 00 00 00 00 00 00 00 
37 00 00 00 00 00 00 00 00 00 00 00 00 00 00 00 
00 00 00 00 00 00 00 00 00 00 00 00 00 00 00 00 
00 00 00 00 00 00 00 00 00 00 00 00 00 00 00 00 

时间：2013-11-24 17:14:48
功能：心跳处理
类型：接收
客户端FD：7
数据包：
e9 03 00 00 00 00 00 00 00 00 00 00 00 00 00 00 
37 00 00 00 00 00 00 00 00 00 00 00 00 00 00 00 
00 00 00 00 00 00 00 00 00 00 00 00 00 00 00 00 
00 00 00 00 00 00 00 00 00 00 00 00 00 00 00 00 

时间：2013-11-24 17:14:49
功能：心跳处理
类型：接收
客户端FD：7
数据包：
e9 03 00 00 00 00 00 00 00 00 00 00 00 00 00 00 
37 00 00 00 00 00 00 00 00 00 00 00 00 00 00 00 
00 00 00 00 00 00 00 00 00 00 00 00 00 00 00 00 
00 00 00 00 00 00 00 00 00 00 00 00 00 00 00 00 

时间：2013-11-24 17:14:50
功能：心跳处理
类型：接收
客户端FD：7
数据包：
e9 03 00 00 00 00 00 00 00 00 00 00 00 00 00 00 
37 00 00 00 00 00 00 00 00 00 00 00 00 00 00 00 
00 00 00 00 00 00 00 00 00 00 00 00 00 00 00 00 
00 00 00 00 00 00 00 00 00 00 00 00 00 00 00 00 

时间：2013-11-24 17:14:51
功能：心跳处理
类型：接收
客户端FD：7
数据包：
e9 03 00 00 00 00 00 00 00 00 00 00 00 00 00 00 
37 00 00 00 00 00 00 00 00 00 00 00 00 00 00 00 
00 00 00 00 00 00 00 00 00 00 00 00 00 00 00 00 
00 00 00 00 00 00 00 00 00 00 00 00 00 00 00 00 

时间：2013-11-24 17:14:52
功能：心跳处理
类型：接收
客户端FD：7
数据包：
e9 03 00 00 00 00 00 00 00 00 00 00 00 00 00 00 
37 00 00 00 00 00 00 00 00 00 00 00 00 00 00 00 
00 00 00 00 00 00 00 00 00 00 00 00 00 00 00 00 
00 00 00 00 00 00 00 00 00 00 00 00 00 00 00 00 

时间：2013-11-24 17:14:53
功能：心跳处理
类型：接收
客户端FD：7
数据包：
e9 03 00 00 00 00 00 00 00 00 00 00 00 00 00 00 
37 00 00 00 00 00 00 00 00 00 00 00 00 00 00 00 
00 00 00 00 00 00 00 00 00 00 00 00 00 00 00 00 
00 00 00 00 00 00 00 00 00 00 00 00 00 00 00 00 

时间：2013-11-24 17:14:54
功能：心跳处理
类型：接收
客户端FD：7
数据包：
e9 03 00 00 00 00 00 00 00 00 00 00 00 00 00 00 
37 00 00 00 00 00 00 00 00 00 00 00 00 00 00 00 
00 00 00 00 00 00 00 00 00 00 00 00 00 00 00 00 
00 00 00 00 00 00 00 00 00 00 00 00 00 00 00 00 

时间：2013-11-24 17:14:55
功能：心跳处理
类型：接收
客户端FD：7
数据包：
e9 03 00 00 00 00 00 00 00 00 00 00 00 00 00 00 
37 00 00 00 00 00 00 00 00 00 00 00 00 00 00 00 
00 00 00 00 00 00 00 00 00 00 00 00 00 00 00 00 
00 00 00 00 00 00 00 00 00 00 00 00 00 00 00 00 

时间：2013-11-24 17:14:56
功能：心跳处理
类型：接收
客户端FD：7
数据包：
e9 03 00 00 00 00 00 00 00 00 00 00 00 00 00 00 
37 00 00 00 00 00 00 00 00 00 00 00 00 00 00 00 
00 00 00 00 00 00 00 00 00 00 00 00 00 00 00 00 
00 00 00 00 00 00 00 00 00 00 00 00 00 00 00 00 

时间：2013-11-24 17:14:57
功能：心跳处理
类型：接收
客户端FD：7
数据包：
e9 03 00 00 00 00 00 00 00 00 00 00 00 00 00 00 
37 00 00 00 00 00 00 00 00 00 00 00 00 00 00 00 
00 00 00 00 00 00 00 00 00 00 00 00 00 00 00 00 
00 00 00 00 00 00 00 00 00 00 00 00 00 00 00 00 

时间：2013-11-24 17:14:58
功能：心跳处理
类型：接收
客户端FD：7
数据包：
e9 03 00 00 00 00 00 00 00 00 00 00 00 00 00 00 
37 00 00 00 00 00 00 00 00 00 00 00 00 00 00 00 
00 00 00 00 00 00 00 00 00 00 00 00 00 00 00 00 
00 00 00 00 00 00 00 00 00 00 00 00 00 00 00 00 

时间：2013-11-24 17:14:59
功能：心跳处理
类型：接收
客户端FD：7
数据包：
e9 03 00 00 00 00 00 00 00 00 00 00 00 00 00 00 
37 00 00 00 00 00 00 00 00 00 00 00 00 00 00 00 
00 00 00 00 00 00 00 00 00 00 00 00 00 00 00 00 
00 00 00 00 00 00 00 00 00 00 00 00 00 00 00 00 

时间：2013-11-24 17:15:0
功能：心跳处理
类型：接收
客户端FD：7
数据包：
e9 03 00 00 00 00 00 00 00 00 00 00 00 00 00 00 
37 00 00 00 00 00 00 00 00 00 00 00 00 00 00 00 
00 00 00 00 00 00 00 00 00 00 00 00 00 00 00 00 
00 00 00 00 00 00 00 00 00 00 00 00 00 00 00 00 

时间：2013-11-24 17:15:1
功能：心跳处理
类型：接收
客户端FD：7
数据包：
e9 03 00 00 00 00 00 00 00 00 00 00 00 00 00 00 
37 00 00 00 00 00 00 00 00 00 00 00 00 00 00 00 
00 00 00 00 00 00 00 00 00 00 00 00 00 00 00 00 
00 00 00 00 00 00 00 00 00 00 00 00 00 00 00 00 

时间：2013-11-24 17:15:2
功能：心跳处理
类型：接收
客户端FD：7
数据包：
e9 03 00 00 00 00 00 00 00 00 00 00 00 00 00 00 
37 00 00 00 00 00 00 00 00 00 00 00 00 00 00 00 
00 00 00 00 00 00 00 00 00 00 00 00 00 00 00 00 
00 00 00 00 00 00 00 00 00 00 00 00 00 00 00 00 

时间：2013-11-24 17:15:3
功能：心跳处理
类型：接收
客户端FD：7
数据包：
e9 03 00 00 00 00 00 00 00 00 00 00 00 00 00 00 
37 00 00 00 00 00 00 00 00 00 00 00 00 00 00 00 
00 00 00 00 00 00 00 00 00 00 00 00 00 00 00 00 
00 00 00 00 00 00 00 00 00 00 00 00 00 00 00 00 

时间：2013-11-24 17:15:4
功能：心跳处理
类型：接收
客户端FD：7
数据包：
e9 03 00 00 00 00 00 00 00 00 00 00 00 00 00 00 
37 00 00 00 00 00 00 00 00 00 00 00 00 00 00 00 
00 00 00 00 00 00 00 00 00 00 00 00 00 00 00 00 
00 00 00 00 00 00 00 00 00 00 00 00 00 00 00 00 

时间：2013-11-24 17:15:5
功能：心跳处理
类型：接收
客户端FD：7
数据包：
e9 03 00 00 00 00 00 00 00 00 00 00 00 00 00 00 
37 00 00 00 00 00 00 00 00 00 00 00 00 00 00 00 
00 00 00 00 00 00 00 00 00 00 00 00 00 00 00 00 
00 00 00 00 00 00 00 00 00 00 00 00 00 00 00 00 

时间：2013-11-24 17:15:6
功能：心跳处理
类型：接收
客户端FD：7
数据包：
e9 03 00 00 00 00 00 00 00 00 00 00 00 00 00 00 
37 00 00 00 00 00 00 00 00 00 00 00 00 00 00 00 
00 00 00 00 00 00 00 00 00 00 00 00 00 00 00 00 
00 00 00 00 00 00 00 00 00 00 00 00 00 00 00 00 

时间：2013-11-24 17:15:7
功能：心跳处理
类型：接收
客户端FD：7
数据包：
e9 03 00 00 00 00 00 00 00 00 00 00 00 00 00 00 
37 00 00 00 00 00 00 00 00 00 00 00 00 00 00 00 
00 00 00 00 00 00 00 00 00 00 00 00 00 00 00 00 
00 00 00 00 00 00 00 00 00 00 00 00 00 00 00 00 

时间：2013-11-24 17:15:8
功能：心跳处理
类型：接收
客户端FD：7
数据包：
e9 03 00 00 00 00 00 00 00 00 00 00 00 00 00 00 
37 00 00 00 00 00 00 00 00 00 00 00 00 00 00 00 
00 00 00 00 00 00 00 00 00 00 00 00 00 00 00 00 
00 00 00 00 00 00 00 00 00 00 00 00 00 00 00 00 

时间：2013-11-24 17:15:10
功能：心跳处理
类型：接收
客户端FD：7
数据包：
e9 03 00 00 00 00 00 00 00 00 00 00 00 00 00 00 
37 00 00 00 00 00 00 00 00 00 00 00 00 00 00 00 
00 00 00 00 00 00 00 00 00 00 00 00 00 00 00 00 
00 00 00 00 00 00 00 00 00 00 00 00 00 00 00 00 

时间：2013-11-24 17:15:10
功能：视频频道获取
类型：接收
用户ID：0
数据包：
d1 07 00 00 00 00 00 00 00 00 00 00 00 00 00 00 
37 00 00 00 00 00 00 00 00 00 00 00 00 00 00 00 
00 00 00 00 00 00 00 00 00 00 00 00 00 00 00 00 
00 00 00 00 00 00 00 00 00 00 00 00 00 00 00 00 

时间：2013-11-24 17:15:10
功能：视频分类获取
类型：接收
用户ID：0
数据包：
d2 07 00 00 00 00 00 00 00 00 00 00 00 00 00 00 
37 00 00 00 00 00 00 00 00 00 00 00 00 00 00 00 
00 00 00 00 00 00 00 00 00 00 00 00 00 00 00 00 
00 00 00 00 00 00 00 00 00 00 00 00 00 00 00 00 

时间：2013-11-24 17:15:10
功能：视频地区获取
类型：接收
用户ID：0
数据包：
d3 07 00 00 00 00 00 00 00 00 00 00 00 00 00 00 
37 00 00 00 00 00 00 00 00 00 00 00 00 00 00 00 
00 00 00 00 00 00 00 00 00 00 00 00 00 00 00 00 
00 00 00 00 00 00 00 00 00 00 00 00 00 00 00 00 

时间：2013-11-24 17:15:10
功能：视频列表获取
类型：接收
用户ID：0
数据包：
d4 07 00 00 00 00 00 00 00 00 00 00 00 00 00 00 
37 00 00 00 00 00 00 00 00 00 00 00 00 00 00 00 
00 00 00 00 00 00 00 00 00 00 00 00 00 00 00 00 
00 00 00 00 00 00 00 00 00 00 00 00 00 00 00 00 

时间：2013-11-24 17:15:11
功能：心跳处理
类型：接收
客户端FD：7
数据包：
e9 03 00 00 00 00 00 00 00 00 00 00 00 00 00 00 
37 00 00 00 00 00 00 00 00 00 00 00 00 00 00 00 
00 00 00 00 00 00 00 00 00 00 00 00 00 00 00 00 
00 00 00 00 00 00 00 00 00 00 00 00 00 00 00 00 

时间：2013-11-24 17:48:57
功能：心跳处理
类型：接收
客户端FD：7
数据包：
e9 03 00 00 00 00 00 00 00 00 00 00 00 00 00 00 
37 00 00 00 00 00 00 00 00 00 00 00 00 00 00 00 
00 00 00 00 00 00 00 00 00 00 00 00 00 00 00 00 
00 00 00 00 00 00 00 00 00 00 00 00 00 00 00 00 

时间：2013-11-24 17:48:57
功能：视频频道获取
类型：接收
用户ID：0
数据包：
d1 07 00 00 00 00 00 00 00 00 00 00 00 00 00 00 
37 00 00 00 00 00 00 00 00 00 00 00 00 00 00 00 
00 00 00 00 00 00 00 00 00 00 00 00 00 00 00 00 
00 00 00 00 00 00 00 00 00 00 00 00 00 00 00 00 

时间：2013-11-24 17:48:57
功能：视频分类获取
类型：接收
用户ID：0
数据包：
d2 07 00 00 00 00 00 00 00 00 00 00 00 00 00 00 
37 00 00 00 00 00 00 00 00 00 00 00 00 00 00 00 
00 00 00 00 00 00 00 00 00 00 00 00 00 00 00 00 
00 00 00 00 00 00 00 00 00 00 00 00 00 00 00 00 

时间：2013-11-24 17:48:57
功能：视频地区获取
类型：接收
用户ID：0
数据包：
d3 07 00 00 00 00 00 00 00 00 00 00 00 00 00 00 
37 00 00 00 00 00 00 00 00 00 00 00 00 00 00 00 
00 00 00 00 00 00 00 00 00 00 00 00 00 00 00 00 
00 00 00 00 00 00 00 00 00 00 00 00 00 00 00 00 

时间：2013-11-24 17:48:57
功能：视频列表获取
类型：接收
用户ID：0
数据包：
d4 07 00 00 00 00 00 00 00 00 00 00 00 00 00 00 
37 00 00 00 00 00 00 00 00 00 00 00 00 00 00 00 
00 00 00 00 00 00 00 00 00 00 00 00 00 00 00 00 
00 00 00 00 00 00 00 00 00 00 00 00 00 00 00 00 

时间：2013-11-24 17:48:58
功能：心跳处理
类型：接收
客户端FD：7
数据包：
e9 03 00 00 00 00 00 00 00 00 00 00 00 00 00 00 
37 00 00 00 00 00 00 00 00 00 00 00 00 00 00 00 
00 00 00 00 00 00 00 00 00 00 00 00 00 00 00 00 
00 00 00 00 00 00 00 00 00 00 00 00 00 00 00 00 

时间：2013-11-24 17:48:59
功能：心跳处理
类型：接收
客户端FD：7
数据包：
e9 03 00 00 00 00 00 00 00 00 00 00 00 00 00 00 
37 00 00 00 00 00 00 00 00 00 00 00 00 00 00 00 
00 00 00 00 00 00 00 00 00 00 00 00 00 00 00 00 
00 00 00 00 00 00 00 00 00 00 00 00 00 00 00 00 

时间：2013-11-24 17:49:0
功能：心跳处理
类型：接收
客户端FD：7
数据包：
e9 03 00 00 00 00 00 00 00 00 00 00 00 00 00 00 
37 00 00 00 00 00 00 00 00 00 00 00 00 00 00 00 
00 00 00 00 00 00 00 00 00 00 00 00 00 00 00 00 
00 00 00 00 00 00 00 00 00 00 00 00 00 00 00 00 

时间：2013-11-24 17:49:1
功能：心跳处理
类型：接收
客户端FD：7
数据包：
e9 03 00 00 00 00 00 00 00 00 00 00 00 00 00 00 
37 00 00 00 00 00 00 00 00 00 00 00 00 00 00 00 
00 00 00 00 00 00 00 00 00 00 00 00 00 00 00 00 
00 00 00 00 00 00 00 00 00 00 00 00 00 00 00 00 

时间：2013-11-24 17:49:2
功能：心跳处理
类型：接收
客户端FD：7
数据包：
e9 03 00 00 00 00 00 00 00 00 00 00 00 00 00 00 
37 00 00 00 00 00 00 00 00 00 00 00 00 00 00 00 
00 00 00 00 00 00 00 00 00 00 00 00 00 00 00 00 
00 00 00 00 00 00 00 00 00 00 00 00 00 00 00 00 

时间：2013-11-24 17:49:3
功能：心跳处理
类型：接收
客户端FD：7
数据包：
e9 03 00 00 00 00 00 00 00 00 00 00 00 00 00 00 
37 00 00 00 00 00 00 00 00 00 00 00 00 00 00 00 
00 00 00 00 00 00 00 00 00 00 00 00 00 00 00 00 
00 00 00 00 00 00 00 00 00 00 00 00 00 00 00 00 

时间：2013-11-24 17:49:4
功能：心跳处理
类型：接收
客户端FD：7
数据包：
e9 03 00 00 00 00 00 00 00 00 00 00 00 00 00 00 
37 00 00 00 00 00 00 00 00 00 00 00 00 00 00 00 
00 00 00 00 00 00 00 00 00 00 00 00 00 00 00 00 
00 00 00 00 00 00 00 00 00 00 00 00 00 00 00 00 

时间：2013-11-24 17:49:5
功能：心跳处理
类型：接收
客户端FD：7
数据包：
e9 03 00 00 00 00 00 00 00 00 00 00 00 00 00 00 
37 00 00 00 00 00 00 00 00 00 00 00 00 00 00 00 
00 00 00 00 00 00 00 00 00 00 00 00 00 00 00 00 
00 00 00 00 00 00 00 00 00 00 00 00 00 00 00 00 

时间：2013-11-24 17:49:6
功能：心跳处理
类型：接收
客户端FD：7
数据包：
e9 03 00 00 00 00 00 00 00 00 00 00 00 00 00 00 
37 00 00 00 00 00 00 00 00 00 00 00 00 00 00 00 
00 00 00 00 00 00 00 00 00 00 00 00 00 00 00 00 
00 00 00 00 00 00 00 00 00 00 00 00 00 00 00 00 

时间：2013-11-24 17:49:7
功能：心跳处理
类型：接收
客户端FD：7
数据包：
e9 03 00 00 00 00 00 00 00 00 00 00 00 00 00 00 
37 00 00 00 00 00 00 00 00 00 00 00 00 00 00 00 
00 00 00 00 00 00 00 00 00 00 00 00 00 00 00 00 
00 00 00 00 00 00 00 00 00 00 00 00 00 00 00 00 

时间：2013-11-24 17:49:8
功能：心跳处理
类型：接收
客户端FD：7
数据包：
e9 03 00 00 00 00 00 00 00 00 00 00 00 00 00 00 
37 00 00 00 00 00 00 00 00 00 00 00 00 00 00 00 
00 00 00 00 00 00 00 00 00 00 00 00 00 00 00 00 
00 00 00 00 00 00 00 00 00 00 00 00 00 00 00 00 

时间：2013-11-24 17:49:9
功能：心跳处理
类型：接收
客户端FD：7
数据包：
e9 03 00 00 00 00 00 00 00 00 00 00 00 00 00 00 
37 00 00 00 00 00 00 00 00 00 00 00 00 00 00 00 
00 00 00 00 00 00 00 00 00 00 00 00 00 00 00 00 
00 00 00 00 00 00 00 00 00 00 00 00 00 00 00 00 

时间：2013-11-24 17:49:10
功能：心跳处理
类型：接收
客户端FD：7
数据包：
e9 03 00 00 00 00 00 00 00 00 00 00 00 00 00 00 
37 00 00 00 00 00 00 00 00 00 00 00 00 00 00 00 
00 00 00 00 00 00 00 00 00 00 00 00 00 00 00 00 
00 00 00 00 00 00 00 00 00 00 00 00 00 00 00 00 

时间：2013-11-24 17:49:11
功能：心跳处理
类型：接收
客户端FD：7
数据包：
e9 03 00 00 00 00 00 00 00 00 00 00 00 00 00 00 
37 00 00 00 00 00 00 00 00 00 00 00 00 00 00 00 
00 00 00 00 00 00 00 00 00 00 00 00 00 00 00 00 
00 00 00 00 00 00 00 00 00 00 00 00 00 00 00 00 

时间：2013-11-24 17:49:12
功能：心跳处理
类型：接收
客户端FD：7
数据包：
e9 03 00 00 00 00 00 00 00 00 00 00 00 00 00 00 
37 00 00 00 00 00 00 00 00 00 00 00 00 00 00 00 
00 00 00 00 00 00 00 00 00 00 00 00 00 00 00 00 
00 00 00 00 00 00 00 00 00 00 00 00 00 00 00 00 

时间：2013-11-24 17:49:13
功能：心跳处理
类型：接收
客户端FD：7
数据包：
e9 03 00 00 00 00 00 00 00 00 00 00 00 00 00 00 
37 00 00 00 00 00 00 00 00 00 00 00 00 00 00 00 
00 00 00 00 00 00 00 00 00 00 00 00 00 00 00 00 
00 00 00 00 00 00 00 00 00 00 00 00 00 00 00 00 

时间：2013-11-24 17:49:14
功能：心跳处理
类型：接收
客户端FD：7
数据包：
e9 03 00 00 00 00 00 00 00 00 00 00 00 00 00 00 
37 00 00 00 00 00 00 00 00 00 00 00 00 00 00 00 
00 00 00 00 00 00 00 00 00 00 00 00 00 00 00 00 
00 00 00 00 00 00 00 00 00 00 00 00 00 00 00 00 

时间：2013-11-24 17:49:15
功能：心跳处理
类型：接收
客户端FD：7
数据包：
e9 03 00 00 00 00 00 00 00 00 00 00 00 00 00 00 
37 00 00 00 00 00 00 00 00 00 00 00 00 00 00 00 
00 00 00 00 00 00 00 00 00 00 00 00 00 00 00 00 
00 00 00 00 00 00 00 00 00 00 00 00 00 00 00 00 

时间：2013-11-24 17:49:16
功能：心跳处理
类型：接收
客户端FD：7
数据包：
e9 03 00 00 00 00 00 00 00 00 00 00 00 00 00 00 
37 00 00 00 00 00 00 00 00 00 00 00 00 00 00 00 
00 00 00 00 00 00 00 00 00 00 00 00 00 00 00 00 
00 00 00 00 00 00 00 00 00 00 00 00 00 00 00 00 

时间：2013-11-24 17:49:17
功能：心跳处理
类型：接收
客户端FD：7
数据包：
e9 03 00 00 00 00 00 00 00 00 00 00 00 00 00 00 
37 00 00 00 00 00 00 00 00 00 00 00 00 00 00 00 
00 00 00 00 00 00 00 00 00 00 00 00 00 00 00 00 
00 00 00 00 00 00 00 00 00 00 00 00 00 00 00 00 

时间：2013-11-24 17:49:18
功能：心跳处理
类型：接收
客户端FD：7
数据包：
e9 03 00 00 00 00 00 00 00 00 00 00 00 00 00 00 
37 00 00 00 00 00 00 00 00 00 00 00 00 00 00 00 
00 00 00 00 00 00 00 00 00 00 00 00 00 00 00 00 
00 00 00 00 00 00 00 00 00 00 00 00 00 00 00 00 

时间：2013-11-24 17:49:19
功能：心跳处理
类型：接收
客户端FD：7
数据包：
e9 03 00 00 00 00 00 00 00 00 00 00 00 00 00 00 
37 00 00 00 00 00 00 00 00 00 00 00 00 00 00 00 
00 00 00 00 00 00 00 00 00 00 00 00 00 00 00 00 
00 00 00 00 00 00 00 00 00 00 00 00 00 00 00 00 

时间：2013-11-24 17:49:20
功能：心跳处理
类型：接收
客户端FD：7
数据包：
e9 03 00 00 00 00 00 00 00 00 00 00 00 00 00 00 
37 00 00 00 00 00 00 00 00 00 00 00 00 00 00 00 
00 00 00 00 00 00 00 00 00 00 00 00 00 00 00 00 
00 00 00 00 00 00 00 00 00 00 00 00 00 00 00 00 

时间：2013-11-24 17:49:21
功能：心跳处理
类型：接收
客户端FD：7
数据包：
e9 03 00 00 00 00 00 00 00 00 00 00 00 00 00 00 
37 00 00 00 00 00 00 00 00 00 00 00 00 00 00 00 
00 00 00 00 00 00 00 00 00 00 00 00 00 00 00 00 
00 00 00 00 00 00 00 00 00 00 00 00 00 00 00 00 

时间：2013-11-24 17:49:22
功能：心跳处理
类型：接收
客户端FD：7
数据包：
e9 03 00 00 00 00 00 00 00 00 00 00 00 00 00 00 
37 00 00 00 00 00 00 00 00 00 00 00 00 00 00 00 
00 00 00 00 00 00 00 00 00 00 00 00 00 00 00 00 
00 00 00 00 00 00 00 00 00 00 00 00 00 00 00 00 

时间：2013-11-24 17:49:23
功能：心跳处理
类型：接收
客户端FD：7
数据包：
e9 03 00 00 00 00 00 00 00 00 00 00 00 00 00 00 
37 00 00 00 00 00 00 00 00 00 00 00 00 00 00 00 
00 00 00 00 00 00 00 00 00 00 00 00 00 00 00 00 
00 00 00 00 00 00 00 00 00 00 00 00 00 00 00 00 

时间：2013-11-24 17:49:24
功能：心跳处理
类型：接收
客户端FD：7
数据包：
e9 03 00 00 00 00 00 00 00 00 00 00 00 00 00 00 
37 00 00 00 00 00 00 00 00 00 00 00 00 00 00 00 
00 00 00 00 00 00 00 00 00 00 00 00 00 00 00 00 
00 00 00 00 00 00 00 00 00 00 00 00 00 00 00 00 

时间：2013-11-24 17:49:25
功能：心跳处理
类型：接收
客户端FD：7
数据包：
e9 03 00 00 00 00 00 00 00 00 00 00 00 00 00 00 
37 00 00 00 00 00 00 00 00 00 00 00 00 00 00 00 
00 00 00 00 00 00 00 00 00 00 00 00 00 00 00 00 
00 00 00 00 00 00 00 00 00 00 00 00 00 00 00 00 

时间：2013-11-24 17:49:26
功能：心跳处理
类型：接收
客户端FD：7
数据包：
e9 03 00 00 00 00 00 00 00 00 00 00 00 00 00 00 
37 00 00 00 00 00 00 00 00 00 00 00 00 00 00 00 
00 00 00 00 00 00 00 00 00 00 00 00 00 00 00 00 
00 00 00 00 00 00 00 00 00 00 00 00 00 00 00 00 

时间：2013-11-24 17:49:27
功能：心跳处理
类型：接收
客户端FD：7
数据包：
e9 03 00 00 00 00 00 00 00 00 00 00 00 00 00 00 
37 00 00 00 00 00 00 00 00 00 00 00 00 00 00 00 
00 00 00 00 00 00 00 00 00 00 00 00 00 00 00 00 
00 00 00 00 00 00 00 00 00 00 00 00 00 00 00 00 

时间：2013-11-24 17:49:28
功能：心跳处理
类型：接收
客户端FD：7
数据包：
e9 03 00 00 00 00 00 00 00 00 00 00 00 00 00 00 
37 00 00 00 00 00 00 00 00 00 00 00 00 00 00 00 
00 00 00 00 00 00 00 00 00 00 00 00 00 00 00 00 
00 00 00 00 00 00 00 00 00 00 00 00 00 00 00 00 

时间：2013-11-24 17:49:29
功能：心跳处理
类型：接收
客户端FD：7
数据包：
e9 03 00 00 00 00 00 00 00 00 00 00 00 00 00 00 
37 00 00 00 00 00 00 00 00 00 00 00 00 00 00 00 
00 00 00 00 00 00 00 00 00 00 00 00 00 00 00 00 
00 00 00 00 00 00 00 00 00 00 00 00 00 00 00 00 

时间：2013-11-24 17:49:30
功能：心跳处理
类型：接收
客户端FD：7
数据包：
e9 03 00 00 00 00 00 00 00 00 00 00 00 00 00 00 
37 00 00 00 00 00 00 00 00 00 00 00 00 00 00 00 
00 00 00 00 00 00 00 00 00 00 00 00 00 00 00 00 
00 00 00 00 00 00 00 00 00 00 00 00 00 00 00 00 

时间：2013-11-24 17:49:31
功能：心跳处理
类型：接收
客户端FD：7
数据包：
e9 03 00 00 00 00 00 00 00 00 00 00 00 00 00 00 
37 00 00 00 00 00 00 00 00 00 00 00 00 00 00 00 
00 00 00 00 00 00 00 00 00 00 00 00 00 00 00 00 
00 00 00 00 00 00 00 00 00 00 00 00 00 00 00 00 

时间：2013-11-24 17:49:32
功能：心跳处理
类型：接收
客户端FD：7
数据包：
e9 03 00 00 00 00 00 00 00 00 00 00 00 00 00 00 
37 00 00 00 00 00 00 00 00 00 00 00 00 00 00 00 
00 00 00 00 00 00 00 00 00 00 00 00 00 00 00 00 
00 00 00 00 00 00 00 00 00 00 00 00 00 00 00 00 

时间：2013-11-24 17:49:33
功能：心跳处理
类型：接收
客户端FD：7
数据包：
e9 03 00 00 00 00 00 00 00 00 00 00 00 00 00 00 
37 00 00 00 00 00 00 00 00 00 00 00 00 00 00 00 
00 00 00 00 00 00 00 00 00 00 00 00 00 00 00 00 
00 00 00 00 00 00 00 00 00 00 00 00 00 00 00 00 

时间：2013-11-24 17:49:34
功能：心跳处理
类型：接收
客户端FD：7
数据包：
e9 03 00 00 00 00 00 00 00 00 00 00 00 00 00 00 
37 00 00 00 00 00 00 00 00 00 00 00 00 00 00 00 
00 00 00 00 00 00 00 00 00 00 00 00 00 00 00 00 
00 00 00 00 00 00 00 00 00 00 00 00 00 00 00 00 

时间：2013-11-24 17:49:35
功能：心跳处理
类型：接收
客户端FD：7
数据包：
e9 03 00 00 00 00 00 00 00 00 00 00 00 00 00 00 
37 00 00 00 00 00 00 00 00 00 00 00 00 00 00 00 
00 00 00 00 00 00 00 00 00 00 00 00 00 00 00 00 
00 00 00 00 00 00 00 00 00 00 00 00 00 00 00 00 

时间：2013-11-24 17:49:36
功能：心跳处理
类型：接收
客户端FD：7
数据包：
e9 03 00 00 00 00 00 00 00 00 00 00 00 00 00 00 
37 00 00 00 00 00 00 00 00 00 00 00 00 00 00 00 
00 00 00 00 00 00 00 00 00 00 00 00 00 00 00 00 
00 00 00 00 00 00 00 00 00 00 00 00 00 00 00 00 

时间：2013-11-24 17:49:37
功能：心跳处理
类型：接收
客户端FD：7
数据包：
e9 03 00 00 00 00 00 00 00 00 00 00 00 00 00 00 
37 00 00 00 00 00 00 00 00 00 00 00 00 00 00 00 
00 00 00 00 00 00 00 00 00 00 00 00 00 00 00 00 
00 00 00 00 00 00 00 00 00 00 00 00 00 00 00 00 

时间：2013-11-24 17:49:38
功能：心跳处理
类型：接收
客户端FD：7
数据包：
e9 03 00 00 00 00 00 00 00 00 00 00 00 00 00 00 
37 00 00 00 00 00 00 00 00 00 00 00 00 00 00 00 
00 00 00 00 00 00 00 00 00 00 00 00 00 00 00 00 
00 00 00 00 00 00 00 00 00 00 00 00 00 00 00 00 

时间：2013-11-24 17:49:39
功能：心跳处理
类型：接收
客户端FD：7
数据包：
e9 03 00 00 00 00 00 00 00 00 00 00 00 00 00 00 
37 00 00 00 00 00 00 00 00 00 00 00 00 00 00 00 
00 00 00 00 00 00 00 00 00 00 00 00 00 00 00 00 
00 00 00 00 00 00 00 00 00 00 00 00 00 00 00 00 

时间：2013-11-24 17:49:40
功能：心跳处理
类型：接收
客户端FD：7
数据包：
e9 03 00 00 00 00 00 00 00 00 00 00 00 00 00 00 
37 00 00 00 00 00 00 00 00 00 00 00 00 00 00 00 
00 00 00 00 00 00 00 00 00 00 00 00 00 00 00 00 
00 00 00 00 00 00 00 00 00 00 00 00 00 00 00 00 

时间：2013-11-24 17:49:41
功能：心跳处理
类型：接收
客户端FD：7
数据包：
e9 03 00 00 00 00 00 00 00 00 00 00 00 00 00 00 
37 00 00 00 00 00 00 00 00 00 00 00 00 00 00 00 
00 00 00 00 00 00 00 00 00 00 00 00 00 00 00 00 
00 00 00 00 00 00 00 00 00 00 00 00 00 00 00 00 

时间：2013-11-24 17:49:42
功能：心跳处理
类型：接收
客户端FD：7
数据包：
e9 03 00 00 00 00 00 00 00 00 00 00 00 00 00 00 
37 00 00 00 00 00 00 00 00 00 00 00 00 00 00 00 
00 00 00 00 00 00 00 00 00 00 00 00 00 00 00 00 
00 00 00 00 00 00 00 00 00 00 00 00 00 00 00 00 
