
时间：2013-11-25 22:54:2
功能：心跳处理
类型：接收
客户端FD：7
数据包：
e9 03 00 00 00 00 00 00 00 00 00 00 00 00 00 00 
37 00 00 00 00 00 00 00 00 00 00 00 00 00 00 00 
00 00 00 00 00 00 00 00 00 00 00 00 00 00 00 00 
00 00 00 00 00 00 00 00 00 00 00 00 00 00 00 00 

时间：2013-11-25 22:54:2
功能：视频频道获取
类型：接收
用户ID：0
数据包：
d1 07 00 00 00 00 00 00 00 00 00 00 00 00 00 00 
37 00 00 00 00 00 00 00 00 00 00 00 00 00 00 00 
00 00 00 00 00 00 00 00 00 00 00 00 00 00 00 00 
00 00 00 00 00 00 00 00 00 00 00 00 00 00 00 00 

时间：2013-11-25 22:54:2
功能：视频分类获取
类型：接收
用户ID：0
数据包：
d2 07 00 00 00 00 00 00 00 00 00 00 00 00 00 00 
37 00 00 00 00 00 00 00 00 00 00 00 00 00 00 00 
00 00 00 00 00 00 00 00 00 00 00 00 00 00 00 00 
00 00 00 00 00 00 00 00 00 00 00 00 00 00 00 00 

时间：2013-11-25 22:54:2
功能：视频地区获取
类型：接收
用户ID：0
数据包：
d3 07 00 00 00 00 00 00 00 00 00 00 00 00 00 00 
37 00 00 00 00 00 00 00 00 00 00 00 00 00 00 00 
00 00 00 00 00 00 00 00 00 00 00 00 00 00 00 00 
00 00 00 00 00 00 00 00 00 00 00 00 00 00 00 00 

时间：2013-11-25 22:54:2
功能：视频列表获取
类型：接收
用户ID：0
数据包：
d4 07 00 00 00 00 00 00 00 00 00 00 00 00 00 00 
37 00 00 00 00 00 00 00 00 00 00 00 00 00 00 00 
00 00 00 00 00 00 00 00 00 00 00 00 00 00 00 00 
00 00 00 00 00 00 00 00 00 00 00 00 00 00 00 00 

时间：2013-11-25 22:54:3
功能：心跳处理
类型：接收
客户端FD：7
数据包：
e9 03 00 00 00 00 00 00 00 00 00 00 00 00 00 00 
37 00 00 00 00 00 00 00 00 00 00 00 00 00 00 00 
00 00 00 00 00 00 00 00 00 00 00 00 00 00 00 00 
00 00 00 00 00 00 00 00 00 00 00 00 00 00 00 00 

时间：2013-11-25 22:54:4
功能：心跳处理
类型：接收
客户端FD：7
数据包：
e9 03 00 00 00 00 00 00 00 00 00 00 00 00 00 00 
37 00 00 00 00 00 00 00 00 00 00 00 00 00 00 00 
00 00 00 00 00 00 00 00 00 00 00 00 00 00 00 00 
00 00 00 00 00 00 00 00 00 00 00 00 00 00 00 00 

时间：2013-11-25 22:54:5
功能：心跳处理
类型：接收
客户端FD：7
数据包：
e9 03 00 00 00 00 00 00 00 00 00 00 00 00 00 00 
37 00 00 00 00 00 00 00 00 00 00 00 00 00 00 00 
00 00 00 00 00 00 00 00 00 00 00 00 00 00 00 00 
00 00 00 00 00 00 00 00 00 00 00 00 00 00 00 00 

时间：2013-11-25 22:54:6
功能：心跳处理
类型：接收
客户端FD：7
数据包：
e9 03 00 00 00 00 00 00 00 00 00 00 00 00 00 00 
37 00 00 00 00 00 00 00 00 00 00 00 00 00 00 00 
00 00 00 00 00 00 00 00 00 00 00 00 00 00 00 00 
00 00 00 00 00 00 00 00 00 00 00 00 00 00 00 00 

时间：2013-11-25 22:54:7
功能：心跳处理
类型：接收
客户端FD：7
数据包：
e9 03 00 00 00 00 00 00 00 00 00 00 00 00 00 00 
37 00 00 00 00 00 00 00 00 00 00 00 00 00 00 00 
00 00 00 00 00 00 00 00 00 00 00 00 00 00 00 00 
00 00 00 00 00 00 00 00 00 00 00 00 00 00 00 00 

时间：2013-11-25 22:54:8
功能：心跳处理
类型：接收
客户端FD：7
数据包：
e9 03 00 00 00 00 00 00 00 00 00 00 00 00 00 00 
37 00 00 00 00 00 00 00 00 00 00 00 00 00 00 00 
00 00 00 00 00 00 00 00 00 00 00 00 00 00 00 00 
00 00 00 00 00 00 00 00 00 00 00 00 00 00 00 00 

时间：2013-11-25 22:54:9
功能：心跳处理
类型：接收
客户端FD：7
数据包：
e9 03 00 00 00 00 00 00 00 00 00 00 00 00 00 00 
37 00 00 00 00 00 00 00 00 00 00 00 00 00 00 00 
00 00 00 00 00 00 00 00 00 00 00 00 00 00 00 00 
00 00 00 00 00 00 00 00 00 00 00 00 00 00 00 00 

时间：2013-11-25 22:54:10
功能：心跳处理
类型：接收
客户端FD：7
数据包：
e9 03 00 00 00 00 00 00 00 00 00 00 00 00 00 00 
37 00 00 00 00 00 00 00 00 00 00 00 00 00 00 00 
00 00 00 00 00 00 00 00 00 00 00 00 00 00 00 00 
00 00 00 00 00 00 00 00 00 00 00 00 00 00 00 00 

时间：2013-11-25 22:57:4
功能：心跳处理
类型：接收
客户端FD：7
数据包：
e9 03 00 00 00 00 00 00 00 00 00 00 00 00 00 00 
37 00 00 00 00 00 00 00 00 00 00 00 00 00 00 00 
00 00 00 00 00 00 00 00 00 00 00 00 00 00 00 00 
00 00 00 00 00 00 00 00 00 00 00 00 00 00 00 00 

时间：2013-11-25 22:57:4
功能：播放历史获取
类型：接收
用户ID：2
数据包：
a1 0f 00 00 00 00 00 00 00 00 00 00 02 00 00 00 
37 00 00 00 00 00 00 00 00 00 00 00 00 00 00 00 
00 00 00 00 00 00 00 00 00 00 00 00 00 00 00 00 
00 00 00 00 00 00 00 00 00 00 00 00 00 00 00 00 

时间：2013-11-25 22:57:5
功能：心跳处理
类型：接收
客户端FD：7
数据包：
e9 03 00 00 00 00 00 00 00 00 00 00 00 00 00 00 
37 00 00 00 00 00 00 00 00 00 00 00 00 00 00 00 
00 00 00 00 00 00 00 00 00 00 00 00 00 00 00 00 
00 00 00 00 00 00 00 00 00 00 00 00 00 00 00 00 

时间：2013-11-25 22:57:6
功能：心跳处理
类型：接收
客户端FD：7
数据包：
e9 03 00 00 00 00 00 00 00 00 00 00 00 00 00 00 
37 00 00 00 00 00 00 00 00 00 00 00 00 00 00 00 
00 00 00 00 00 00 00 00 00 00 00 00 00 00 00 00 
00 00 00 00 00 00 00 00 00 00 00 00 00 00 00 00 

时间：2013-11-25 22:57:6
功能：上传播放时长
类型：接收
用户ID：2
数据包：
ba 0b 00 00 0c 00 00 00 00 00 00 00 02 00 00 00 
02 00 00 00 ed 03 00 00 e7 03 00 00 37 00 00 00 
00 00 00 00 00 00 00 00 00 00 00 00 00 00 00 00 
00 00 00 00 00 00 00 00 00 00 00 00 00 00 00 00 

时间：2013-11-25 22:57:7
功能：心跳处理
类型：接收
客户端FD：7
数据包：
e9 03 00 00 00 00 00 00 00 00 00 00 00 00 00 00 
37 00 00 00 00 00 00 00 00 00 00 00 00 00 00 00 
00 00 00 00 00 00 00 00 00 00 00 00 00 00 00 00 
00 00 00 00 00 00 00 00 00 00 00 00 00 00 00 00 

时间：2013-11-25 22:57:8
功能：心跳处理
类型：接收
客户端FD：7
数据包：
e9 03 00 00 00 00 00 00 00 00 00 00 00 00 00 00 
37 00 00 00 00 00 00 00 00 00 00 00 00 00 00 00 
00 00 00 00 00 00 00 00 00 00 00 00 00 00 00 00 
00 00 00 00 00 00 00 00 00 00 00 00 00 00 00 00 

时间：2013-11-25 22:57:8
功能：播放历史获取
类型：接收
用户ID：2
数据包：
a1 0f 00 00 00 00 00 00 00 00 00 00 02 00 00 00 
37 00 00 00 ed 03 00 00 e7 03 00 00 37 00 00 00 
00 00 00 00 00 00 00 00 00 00 00 00 00 00 00 00 
00 00 00 00 00 00 00 00 00 00 00 00 00 00 00 00 

时间：2013-11-25 22:57:9
功能：心跳处理
类型：接收
客户端FD：7
数据包：
e9 03 00 00 00 00 00 00 00 00 00 00 00 00 00 00 
37 00 00 00 00 00 00 00 00 00 00 00 00 00 00 00 
00 00 00 00 00 00 00 00 00 00 00 00 00 00 00 00 
00 00 00 00 00 00 00 00 00 00 00 00 00 00 00 00 

时间：2013-11-25 22:57:10
功能：心跳处理
类型：接收
客户端FD：7
数据包：
e9 03 00 00 00 00 00 00 00 00 00 00 00 00 00 00 
37 00 00 00 00 00 00 00 00 00 00 00 00 00 00 00 
00 00 00 00 00 00 00 00 00 00 00 00 00 00 00 00 
00 00 00 00 00 00 00 00 00 00 00 00 00 00 00 00 

时间：2013-11-25 22:57:11
功能：心跳处理
类型：接收
客户端FD：7
数据包：
e9 03 00 00 00 00 00 00 00 00 00 00 00 00 00 00 
37 00 00 00 00 00 00 00 00 00 00 00 00 00 00 00 
00 00 00 00 00 00 00 00 00 00 00 00 00 00 00 00 
00 00 00 00 00 00 00 00 00 00 00 00 00 00 00 00 

时间：2013-11-25 22:57:12
功能：心跳处理
类型：接收
客户端FD：7
数据包：
e9 03 00 00 00 00 00 00 00 00 00 00 00 00 00 00 
37 00 00 00 00 00 00 00 00 00 00 00 00 00 00 00 
00 00 00 00 00 00 00 00 00 00 00 00 00 00 00 00 
00 00 00 00 00 00 00 00 00 00 00 00 00 00 00 00 

时间：2013-11-25 22:57:13
功能：心跳处理
类型：接收
客户端FD：7
数据包：
e9 03 00 00 00 00 00 00 00 00 00 00 00 00 00 00 
37 00 00 00 00 00 00 00 00 00 00 00 00 00 00 00 
00 00 00 00 00 00 00 00 00 00 00 00 00 00 00 00 
00 00 00 00 00 00 00 00 00 00 00 00 00 00 00 00 

时间：2013-11-25 22:57:14
功能：心跳处理
类型：接收
客户端FD：7
数据包：
e9 03 00 00 00 00 00 00 00 00 00 00 00 00 00 00 
37 00 00 00 00 00 00 00 00 00 00 00 00 00 00 00 
00 00 00 00 00 00 00 00 00 00 00 00 00 00 00 00 
00 00 00 00 00 00 00 00 00 00 00 00 00 00 00 00 

时间：2013-11-25 22:57:15
功能：心跳处理
类型：接收
客户端FD：7
数据包：
e9 03 00 00 00 00 00 00 00 00 00 00 00 00 00 00 
37 00 00 00 00 00 00 00 00 00 00 00 00 00 00 00 
00 00 00 00 00 00 00 00 00 00 00 00 00 00 00 00 
00 00 00 00 00 00 00 00 00 00 00 00 00 00 00 00 

时间：2013-11-25 22:57:16
功能：心跳处理
类型：接收
客户端FD：7
数据包：
e9 03 00 00 00 00 00 00 00 00 00 00 00 00 00 00 
37 00 00 00 00 00 00 00 00 00 00 00 00 00 00 00 
00 00 00 00 00 00 00 00 00 00 00 00 00 00 00 00 
00 00 00 00 00 00 00 00 00 00 00 00 00 00 00 00 

时间：2013-11-25 22:57:17
功能：心跳处理
类型：接收
客户端FD：7
数据包：
e9 03 00 00 00 00 00 00 00 00 00 00 00 00 00 00 
37 00 00 00 00 00 00 00 00 00 00 00 00 00 00 00 
00 00 00 00 00 00 00 00 00 00 00 00 00 00 00 00 
00 00 00 00 00 00 00 00 00 00 00 00 00 00 00 00 

时间：2013-11-25 22:57:18
功能：心跳处理
类型：接收
客户端FD：7
数据包：
e9 03 00 00 00 00 00 00 00 00 00 00 00 00 00 00 
37 00 00 00 00 00 00 00 00 00 00 00 00 00 00 00 
00 00 00 00 00 00 00 00 00 00 00 00 00 00 00 00 
00 00 00 00 00 00 00 00 00 00 00 00 00 00 00 00 

时间：2013-11-25 22:57:19
功能：心跳处理
类型：接收
客户端FD：7
数据包：
e9 03 00 00 00 00 00 00 00 00 00 00 00 00 00 00 
37 00 00 00 00 00 00 00 00 00 00 00 00 00 00 00 
00 00 00 00 00 00 00 00 00 00 00 00 00 00 00 00 
00 00 00 00 00 00 00 00 00 00 00 00 00 00 00 00 

时间：2013-11-25 22:57:20
功能：心跳处理
类型：接收
客户端FD：7
数据包：
e9 03 00 00 00 00 00 00 00 00 00 00 00 00 00 00 
37 00 00 00 00 00 00 00 00 00 00 00 00 00 00 00 
00 00 00 00 00 00 00 00 00 00 00 00 00 00 00 00 
00 00 00 00 00 00 00 00 00 00 00 00 00 00 00 00 

时间：2013-11-25 22:57:21
功能：心跳处理
类型：接收
客户端FD：7
数据包：
e9 03 00 00 00 00 00 00 00 00 00 00 00 00 00 00 
37 00 00 00 00 00 00 00 00 00 00 00 00 00 00 00 
00 00 00 00 00 00 00 00 00 00 00 00 00 00 00 00 
00 00 00 00 00 00 00 00 00 00 00 00 00 00 00 00 

时间：2013-11-25 22:57:22
功能：心跳处理
类型：接收
客户端FD：7
数据包：
e9 03 00 00 00 00 00 00 00 00 00 00 00 00 00 00 
37 00 00 00 00 00 00 00 00 00 00 00 00 00 00 00 
00 00 00 00 00 00 00 00 00 00 00 00 00 00 00 00 
00 00 00 00 00 00 00 00 00 00 00 00 00 00 00 00 

时间：2013-11-25 22:57:23
功能：心跳处理
类型：接收
客户端FD：7
数据包：
e9 03 00 00 00 00 00 00 00 00 00 00 00 00 00 00 
37 00 00 00 00 00 00 00 00 00 00 00 00 00 00 00 
00 00 00 00 00 00 00 00 00 00 00 00 00 00 00 00 
00 00 00 00 00 00 00 00 00 00 00 00 00 00 00 00 

时间：2013-11-25 22:57:24
功能：心跳处理
类型：接收
客户端FD：7
数据包：
e9 03 00 00 00 00 00 00 00 00 00 00 00 00 00 00 
37 00 00 00 00 00 00 00 00 00 00 00 00 00 00 00 
00 00 00 00 00 00 00 00 00 00 00 00 00 00 00 00 
00 00 00 00 00 00 00 00 00 00 00 00 00 00 00 00 

时间：2013-11-25 22:57:25
功能：心跳处理
类型：接收
客户端FD：7
数据包：
e9 03 00 00 00 00 00 00 00 00 00 00 00 00 00 00 
37 00 00 00 00 00 00 00 00 00 00 00 00 00 00 00 
00 00 00 00 00 00 00 00 00 00 00 00 00 00 00 00 
00 00 00 00 00 00 00 00 00 00 00 00 00 00 00 00 

时间：2013-11-25 22:57:26
功能：心跳处理
类型：接收
客户端FD：7
数据包：
e9 03 00 00 00 00 00 00 00 00 00 00 00 00 00 00 
37 00 00 00 00 00 00 00 00 00 00 00 00 00 00 00 
00 00 00 00 00 00 00 00 00 00 00 00 00 00 00 00 
00 00 00 00 00 00 00 00 00 00 00 00 00 00 00 00 

时间：2013-11-25 22:57:27
功能：心跳处理
类型：接收
客户端FD：7
数据包：
e9 03 00 00 00 00 00 00 00 00 00 00 00 00 00 00 
37 00 00 00 00 00 00 00 00 00 00 00 00 00 00 00 
00 00 00 00 00 00 00 00 00 00 00 00 00 00 00 00 
00 00 00 00 00 00 00 00 00 00 00 00 00 00 00 00 

时间：2013-11-25 22:57:28
功能：心跳处理
类型：接收
客户端FD：7
数据包：
e9 03 00 00 00 00 00 00 00 00 00 00 00 00 00 00 
37 00 00 00 00 00 00 00 00 00 00 00 00 00 00 00 
00 00 00 00 00 00 00 00 00 00 00 00 00 00 00 00 
00 00 00 00 00 00 00 00 00 00 00 00 00 00 00 00 

时间：2013-11-25 22:57:29
功能：心跳处理
类型：接收
客户端FD：7
数据包：
e9 03 00 00 00 00 00 00 00 00 00 00 00 00 00 00 
37 00 00 00 00 00 00 00 00 00 00 00 00 00 00 00 
00 00 00 00 00 00 00 00 00 00 00 00 00 00 00 00 
00 00 00 00 00 00 00 00 00 00 00 00 00 00 00 00 

时间：2013-11-25 22:57:30
功能：心跳处理
类型：接收
客户端FD：7
数据包：
e9 03 00 00 00 00 00 00 00 00 00 00 00 00 00 00 
37 00 00 00 00 00 00 00 00 00 00 00 00 00 00 00 
00 00 00 00 00 00 00 00 00 00 00 00 00 00 00 00 
00 00 00 00 00 00 00 00 00 00 00 00 00 00 00 00 

时间：2013-11-25 22:57:31
功能：心跳处理
类型：接收
客户端FD：7
数据包：
e9 03 00 00 00 00 00 00 00 00 00 00 00 00 00 00 
37 00 00 00 00 00 00 00 00 00 00 00 00 00 00 00 
00 00 00 00 00 00 00 00 00 00 00 00 00 00 00 00 
00 00 00 00 00 00 00 00 00 00 00 00 00 00 00 00 

时间：2013-11-25 22:57:32
功能：心跳处理
类型：接收
客户端FD：7
数据包：
e9 03 00 00 00 00 00 00 00 00 00 00 00 00 00 00 
37 00 00 00 00 00 00 00 00 00 00 00 00 00 00 00 
00 00 00 00 00 00 00 00 00 00 00 00 00 00 00 00 
00 00 00 00 00 00 00 00 00 00 00 00 00 00 00 00 

时间：2013-11-25 22:57:33
功能：心跳处理
类型：接收
客户端FD：7
数据包：
e9 03 00 00 00 00 00 00 00 00 00 00 00 00 00 00 
37 00 00 00 00 00 00 00 00 00 00 00 00 00 00 00 
00 00 00 00 00 00 00 00 00 00 00 00 00 00 00 00 
00 00 00 00 00 00 00 00 00 00 00 00 00 00 00 00 

时间：2013-11-25 22:57:34
功能：心跳处理
类型：接收
客户端FD：7
数据包：
e9 03 00 00 00 00 00 00 00 00 00 00 00 00 00 00 
37 00 00 00 00 00 00 00 00 00 00 00 00 00 00 00 
00 00 00 00 00 00 00 00 00 00 00 00 00 00 00 00 
00 00 00 00 00 00 00 00 00 00 00 00 00 00 00 00 

时间：2013-11-25 22:57:35
功能：心跳处理
类型：接收
客户端FD：7
数据包：
e9 03 00 00 00 00 00 00 00 00 00 00 00 00 00 00 
37 00 00 00 00 00 00 00 00 00 00 00 00 00 00 00 
00 00 00 00 00 00 00 00 00 00 00 00 00 00 00 00 
00 00 00 00 00 00 00 00 00 00 00 00 00 00 00 00 

时间：2013-11-25 22:57:36
功能：心跳处理
类型：接收
客户端FD：7
数据包：
e9 03 00 00 00 00 00 00 00 00 00 00 00 00 00 00 
37 00 00 00 00 00 00 00 00 00 00 00 00 00 00 00 
00 00 00 00 00 00 00 00 00 00 00 00 00 00 00 00 
00 00 00 00 00 00 00 00 00 00 00 00 00 00 00 00 

时间：2013-11-25 22:57:37
功能：心跳处理
类型：接收
客户端FD：7
数据包：
e9 03 00 00 00 00 00 00 00 00 00 00 00 00 00 00 
37 00 00 00 00 00 00 00 00 00 00 00 00 00 00 00 
00 00 00 00 00 00 00 00 00 00 00 00 00 00 00 00 
00 00 00 00 00 00 00 00 00 00 00 00 00 00 00 00 

时间：2013-11-25 22:57:38
功能：心跳处理
类型：接收
客户端FD：7
数据包：
e9 03 00 00 00 00 00 00 00 00 00 00 00 00 00 00 
37 00 00 00 00 00 00 00 00 00 00 00 00 00 00 00 
00 00 00 00 00 00 00 00 00 00 00 00 00 00 00 00 
00 00 00 00 00 00 00 00 00 00 00 00 00 00 00 00 

时间：2013-11-25 22:57:39
功能：心跳处理
类型：接收
客户端FD：7
数据包：
e9 03 00 00 00 00 00 00 00 00 00 00 00 00 00 00 
37 00 00 00 00 00 00 00 00 00 00 00 00 00 00 00 
00 00 00 00 00 00 00 00 00 00 00 00 00 00 00 00 
00 00 00 00 00 00 00 00 00 00 00 00 00 00 00 00 

时间：2013-11-25 22:57:40
功能：心跳处理
类型：接收
客户端FD：7
数据包：
e9 03 00 00 00 00 00 00 00 00 00 00 00 00 00 00 
37 00 00 00 00 00 00 00 00 00 00 00 00 00 00 00 
00 00 00 00 00 00 00 00 00 00 00 00 00 00 00 00 
00 00 00 00 00 00 00 00 00 00 00 00 00 00 00 00 

时间：2013-11-25 22:57:41
功能：心跳处理
类型：接收
客户端FD：7
数据包：
e9 03 00 00 00 00 00 00 00 00 00 00 00 00 00 00 
37 00 00 00 00 00 00 00 00 00 00 00 00 00 00 00 
00 00 00 00 00 00 00 00 00 00 00 00 00 00 00 00 
00 00 00 00 00 00 00 00 00 00 00 00 00 00 00 00 

时间：2013-11-25 22:57:42
功能：心跳处理
类型：接收
客户端FD：7
数据包：
e9 03 00 00 00 00 00 00 00 00 00 00 00 00 00 00 
37 00 00 00 00 00 00 00 00 00 00 00 00 00 00 00 
00 00 00 00 00 00 00 00 00 00 00 00 00 00 00 00 
00 00 00 00 00 00 00 00 00 00 00 00 00 00 00 00 

时间：2013-11-25 22:57:43
功能：心跳处理
类型：接收
客户端FD：7
数据包：
e9 03 00 00 00 00 00 00 00 00 00 00 00 00 00 00 
37 00 00 00 00 00 00 00 00 00 00 00 00 00 00 00 
00 00 00 00 00 00 00 00 00 00 00 00 00 00 00 00 
00 00 00 00 00 00 00 00 00 00 00 00 00 00 00 00 

时间：2013-11-25 22:57:44
功能：心跳处理
类型：接收
客户端FD：7
数据包：
e9 03 00 00 00 00 00 00 00 00 00 00 00 00 00 00 
37 00 00 00 00 00 00 00 00 00 00 00 00 00 00 00 
00 00 00 00 00 00 00 00 00 00 00 00 00 00 00 00 
00 00 00 00 00 00 00 00 00 00 00 00 00 00 00 00 

时间：2013-11-25 22:57:45
功能：心跳处理
类型：接收
客户端FD：7
数据包：
e9 03 00 00 00 00 00 00 00 00 00 00 00 00 00 00 
37 00 00 00 00 00 00 00 00 00 00 00 00 00 00 00 
00 00 00 00 00 00 00 00 00 00 00 00 00 00 00 00 
00 00 00 00 00 00 00 00 00 00 00 00 00 00 00 00 

时间：2013-11-25 22:57:46
功能：心跳处理
类型：接收
客户端FD：7
数据包：
e9 03 00 00 00 00 00 00 00 00 00 00 00 00 00 00 
37 00 00 00 00 00 00 00 00 00 00 00 00 00 00 00 
00 00 00 00 00 00 00 00 00 00 00 00 00 00 00 00 
00 00 00 00 00 00 00 00 00 00 00 00 00 00 00 00 

时间：2013-11-25 22:57:47
功能：心跳处理
类型：接收
客户端FD：7
数据包：
e9 03 00 00 00 00 00 00 00 00 00 00 00 00 00 00 
37 00 00 00 00 00 00 00 00 00 00 00 00 00 00 00 
00 00 00 00 00 00 00 00 00 00 00 00 00 00 00 00 
00 00 00 00 00 00 00 00 00 00 00 00 00 00 00 00 

时间：2013-11-25 22:57:48
功能：心跳处理
类型：接收
客户端FD：7
数据包：
e9 03 00 00 00 00 00 00 00 00 00 00 00 00 00 00 
37 00 00 00 00 00 00 00 00 00 00 00 00 00 00 00 
00 00 00 00 00 00 00 00 00 00 00 00 00 00 00 00 
00 00 00 00 00 00 00 00 00 00 00 00 00 00 00 00 

时间：2013-11-25 22:57:49
功能：心跳处理
类型：接收
客户端FD：7
数据包：
e9 03 00 00 00 00 00 00 00 00 00 00 00 00 00 00 
37 00 00 00 00 00 00 00 00 00 00 00 00 00 00 00 
00 00 00 00 00 00 00 00 00 00 00 00 00 00 00 00 
00 00 00 00 00 00 00 00 00 00 00 00 00 00 00 00 

时间：2013-11-25 22:57:50
功能：心跳处理
类型：接收
客户端FD：7
数据包：
e9 03 00 00 00 00 00 00 00 00 00 00 00 00 00 00 
37 00 00 00 00 00 00 00 00 00 00 00 00 00 00 00 
00 00 00 00 00 00 00 00 00 00 00 00 00 00 00 00 
00 00 00 00 00 00 00 00 00 00 00 00 00 00 00 00 

时间：2013-11-25 22:57:51
功能：心跳处理
类型：接收
客户端FD：7
数据包：
e9 03 00 00 00 00 00 00 00 00 00 00 00 00 00 00 
37 00 00 00 00 00 00 00 00 00 00 00 00 00 00 00 
00 00 00 00 00 00 00 00 00 00 00 00 00 00 00 00 
00 00 00 00 00 00 00 00 00 00 00 00 00 00 00 00 

时间：2013-11-25 22:57:52
功能：心跳处理
类型：接收
客户端FD：7
数据包：
e9 03 00 00 00 00 00 00 00 00 00 00 00 00 00 00 
37 00 00 00 00 00 00 00 00 00 00 00 00 00 00 00 
00 00 00 00 00 00 00 00 00 00 00 00 00 00 00 00 
00 00 00 00 00 00 00 00 00 00 00 00 00 00 00 00 

时间：2013-11-25 22:57:53
功能：心跳处理
类型：接收
客户端FD：7
数据包：
e9 03 00 00 00 00 00 00 00 00 00 00 00 00 00 00 
37 00 00 00 00 00 00 00 00 00 00 00 00 00 00 00 
00 00 00 00 00 00 00 00 00 00 00 00 00 00 00 00 
00 00 00 00 00 00 00 00 00 00 00 00 00 00 00 00 

时间：2013-11-25 22:57:54
功能：心跳处理
类型：接收
客户端FD：7
数据包：
e9 03 00 00 00 00 00 00 00 00 00 00 00 00 00 00 
37 00 00 00 00 00 00 00 00 00 00 00 00 00 00 00 
00 00 00 00 00 00 00 00 00 00 00 00 00 00 00 00 
00 00 00 00 00 00 00 00 00 00 00 00 00 00 00 00 

时间：2013-11-25 22:57:55
功能：心跳处理
类型：接收
客户端FD：7
数据包：
e9 03 00 00 00 00 00 00 00 00 00 00 00 00 00 00 
37 00 00 00 00 00 00 00 00 00 00 00 00 00 00 00 
00 00 00 00 00 00 00 00 00 00 00 00 00 00 00 00 
00 00 00 00 00 00 00 00 00 00 00 00 00 00 00 00 

时间：2013-11-25 22:57:56
功能：心跳处理
类型：接收
客户端FD：7
数据包：
e9 03 00 00 00 00 00 00 00 00 00 00 00 00 00 00 
37 00 00 00 00 00 00 00 00 00 00 00 00 00 00 00 
00 00 00 00 00 00 00 00 00 00 00 00 00 00 00 00 
00 00 00 00 00 00 00 00 00 00 00 00 00 00 00 00 

时间：2013-11-25 22:57:57
功能：心跳处理
类型：接收
客户端FD：7
数据包：
e9 03 00 00 00 00 00 00 00 00 00 00 00 00 00 00 
37 00 00 00 00 00 00 00 00 00 00 00 00 00 00 00 
00 00 00 00 00 00 00 00 00 00 00 00 00 00 00 00 
00 00 00 00 00 00 00 00 00 00 00 00 00 00 00 00 

时间：2013-11-25 23:8:44
功能：心跳处理
类型：接收
客户端FD：7
数据包：
e9 03 00 00 00 00 00 00 00 00 00 00 00 00 00 00 
37 00 00 00 00 00 00 00 00 00 00 00 00 00 00 00 
00 00 00 00 00 00 00 00 00 00 00 00 00 00 00 00 
00 00 00 00 00 00 00 00 00 00 00 00 00 00 00 00 

时间：2013-11-25 23:8:44
功能：播放历史获取
类型：接收
用户ID：2
数据包：
a1 0f 00 00 00 00 00 00 00 00 00 00 02 00 00 00 
37 00 00 00 00 00 00 00 00 00 00 00 00 00 00 00 
00 00 00 00 00 00 00 00 00 00 00 00 00 00 00 00 
00 00 00 00 00 00 00 00 00 00 00 00 00 00 00 00 

时间：2013-11-25 23:8:45
功能：心跳处理
类型：接收
客户端FD：7
数据包：
e9 03 00 00 00 00 00 00 00 00 00 00 00 00 00 00 
37 00 00 00 00 00 00 00 00 00 00 00 00 00 00 00 
00 00 00 00 00 00 00 00 00 00 00 00 00 00 00 00 
00 00 00 00 00 00 00 00 00 00 00 00 00 00 00 00 

时间：2013-11-25 23:8:46
功能：心跳处理
类型：接收
客户端FD：7
数据包：
e9 03 00 00 00 00 00 00 00 00 00 00 00 00 00 00 
37 00 00 00 00 00 00 00 00 00 00 00 00 00 00 00 
00 00 00 00 00 00 00 00 00 00 00 00 00 00 00 00 
00 00 00 00 00 00 00 00 00 00 00 00 00 00 00 00 

时间：2013-11-25 23:8:46
功能：上传播放时长
类型：接收
用户ID：2
数据包：
ba 0b 00 00 0c 00 00 00 00 00 00 00 02 00 00 00 
02 00 00 00 ed 03 00 00 e7 03 00 00 37 00 00 00 
00 00 00 00 00 00 00 00 00 00 00 00 00 00 00 00 
00 00 00 00 00 00 00 00 00 00 00 00 00 00 00 00 

时间：2013-11-25 23:8:47
功能：心跳处理
类型：接收
客户端FD：7
数据包：
e9 03 00 00 00 00 00 00 00 00 00 00 00 00 00 00 
37 00 00 00 00 00 00 00 00 00 00 00 00 00 00 00 
00 00 00 00 00 00 00 00 00 00 00 00 00 00 00 00 
00 00 00 00 00 00 00 00 00 00 00 00 00 00 00 00 

时间：2013-11-25 23:8:48
功能：心跳处理
类型：接收
客户端FD：7
数据包：
e9 03 00 00 00 00 00 00 00 00 00 00 00 00 00 00 
37 00 00 00 00 00 00 00 00 00 00 00 00 00 00 00 
00 00 00 00 00 00 00 00 00 00 00 00 00 00 00 00 
00 00 00 00 00 00 00 00 00 00 00 00 00 00 00 00 

时间：2013-11-25 23:8:48
功能：播放历史获取
类型：接收
用户ID：2
数据包：
a1 0f 00 00 00 00 00 00 00 00 00 00 02 00 00 00 
37 00 00 00 ed 03 00 00 e7 03 00 00 37 00 00 00 
00 00 00 00 00 00 00 00 00 00 00 00 00 00 00 00 
00 00 00 00 00 00 00 00 00 00 00 00 00 00 00 00 

时间：2013-11-25 23:8:49
功能：心跳处理
类型：接收
客户端FD：7
数据包：
e9 03 00 00 00 00 00 00 00 00 00 00 00 00 00 00 
37 00 00 00 00 00 00 00 00 00 00 00 00 00 00 00 
00 00 00 00 00 00 00 00 00 00 00 00 00 00 00 00 
00 00 00 00 00 00 00 00 00 00 00 00 00 00 00 00 

时间：2013-11-25 23:8:50
功能：心跳处理
类型：接收
客户端FD：7
数据包：
e9 03 00 00 00 00 00 00 00 00 00 00 00 00 00 00 
37 00 00 00 00 00 00 00 00 00 00 00 00 00 00 00 
00 00 00 00 00 00 00 00 00 00 00 00 00 00 00 00 
00 00 00 00 00 00 00 00 00 00 00 00 00 00 00 00 

时间：2013-11-25 23:8:51
功能：心跳处理
类型：接收
客户端FD：7
数据包：
e9 03 00 00 00 00 00 00 00 00 00 00 00 00 00 00 
37 00 00 00 00 00 00 00 00 00 00 00 00 00 00 00 
00 00 00 00 00 00 00 00 00 00 00 00 00 00 00 00 
00 00 00 00 00 00 00 00 00 00 00 00 00 00 00 00 

时间：2013-11-25 23:8:52
功能：心跳处理
类型：接收
客户端FD：7
数据包：
e9 03 00 00 00 00 00 00 00 00 00 00 00 00 00 00 
37 00 00 00 00 00 00 00 00 00 00 00 00 00 00 00 
00 00 00 00 00 00 00 00 00 00 00 00 00 00 00 00 
00 00 00 00 00 00 00 00 00 00 00 00 00 00 00 00 

时间：2013-11-25 23:8:53
功能：心跳处理
类型：接收
客户端FD：7
数据包：
e9 03 00 00 00 00 00 00 00 00 00 00 00 00 00 00 
37 00 00 00 00 00 00 00 00 00 00 00 00 00 00 00 
00 00 00 00 00 00 00 00 00 00 00 00 00 00 00 00 
00 00 00 00 00 00 00 00 00 00 00 00 00 00 00 00 

时间：2013-11-25 23:8:54
功能：心跳处理
类型：接收
客户端FD：7
数据包：
e9 03 00 00 00 00 00 00 00 00 00 00 00 00 00 00 
37 00 00 00 00 00 00 00 00 00 00 00 00 00 00 00 
00 00 00 00 00 00 00 00 00 00 00 00 00 00 00 00 
00 00 00 00 00 00 00 00 00 00 00 00 00 00 00 00 
