
时间：2015-3-10 11:14:48
功能：视频频道获取
类型：接收
用户ID：0
数据包：
d1 07 00 00 00 00 00 00 00 00 00 00 02 00 00 00 
37 00 00 00 00 00 00 00 00 00 00 00 00 00 00 00 
00 00 00 00 00 00 00 00 00 00 00 00 00 00 00 00 
00 00 00 00 00 00 00 00 00 00 00 00 00 00 00 00 

时间：2015-3-10 11:15:40
功能：视频频道获取
类型：接收
用户ID：0
数据包：
d1 07 00 00 00 00 00 00 00 00 00 00 02 00 00 00 
37 00 00 00 00 00 00 00 00 00 00 00 00 00 00 00 
00 00 00 00 00 00 00 00 00 00 00 00 00 00 00 00 
00 00 00 00 00 00 00 00 00 00 00 00 00 00 00 00 

时间：2015-3-10 11:15:40
功能：视频分类获取
类型：接收
用户ID：0
数据包：
d2 07 00 00 00 00 00 00 00 00 00 00 02 00 00 00 
37 00 00 00 00 00 00 00 00 00 00 00 00 00 00 00 
00 00 00 00 00 00 00 00 00 00 00 00 00 00 00 00 
00 00 00 00 00 00 00 00 00 00 00 00 00 00 00 00 

时间：2015-3-10 11:15:40
功能：视频地区获取
类型：接收
用户ID：0
数据包：
d3 07 00 00 00 00 00 00 00 00 00 00 02 00 00 00 
37 00 00 00 00 00 00 00 00 00 00 00 00 00 00 00 
00 00 00 00 00 00 00 00 00 00 00 00 00 00 00 00 
00 00 00 00 00 00 00 00 00 00 00 00 00 00 00 00 

时间：2015-3-10 11:15:40
功能：视频列表获取
类型：接收
用户ID：0
数据包：
d4 07 00 00 00 00 00 00 00 00 00 00 02 00 00 00 
37 00 00 00 00 00 00 00 00 00 00 00 00 00 00 00 
00 00 00 00 00 00 00 00 00 00 00 00 00 00 00 00 
00 00 00 00 00 00 00 00 00 00 00 00 00 00 00 00 

时间：2015-3-10 11:19:34
功能：视频频道获取
类型：接收
用户ID：0
数据包：
d1 07 00 00 00 00 00 00 00 00 00 00 02 00 00 00 
37 00 00 00 00 00 00 00 00 00 00 00 00 00 00 00 
00 00 00 00 00 00 00 00 00 00 00 00 00 00 00 00 
00 00 00 00 00 00 00 00 00 00 00 00 00 00 00 00 

时间：2015-3-10 11:19:34
功能：视频分类获取
类型：接收
用户ID：0
数据包：
d2 07 00 00 00 00 00 00 00 00 00 00 02 00 00 00 
37 00 00 00 00 00 00 00 00 00 00 00 00 00 00 00 
00 00 00 00 00 00 00 00 00 00 00 00 00 00 00 00 
00 00 00 00 00 00 00 00 00 00 00 00 00 00 00 00 

时间：2015-3-10 11:19:34
功能：视频地区获取
类型：接收
用户ID：0
数据包：
d3 07 00 00 00 00 00 00 00 00 00 00 02 00 00 00 
37 00 00 00 00 00 00 00 00 00 00 00 00 00 00 00 
00 00 00 00 00 00 00 00 00 00 00 00 00 00 00 00 
00 00 00 00 00 00 00 00 00 00 00 00 00 00 00 00 

时间：2015-3-10 11:19:34
功能：视频列表获取
类型：接收
用户ID：0
数据包：
d4 07 00 00 00 00 00 00 00 00 00 00 02 00 00 00 
37 00 00 00 00 00 00 00 00 00 00 00 00 00 00 00 
00 00 00 00 00 00 00 00 00 00 00 00 00 00 00 00 
00 00 00 00 00 00 00 00 00 00 00 00 00 00 00 00 
